<?xml version="1.0" encoding="UTF-8"?>
<robot generator="Robot 3.2.2 (Python 3.6.12 on linux)" generated="20210106 01:55:51.325" rpa="false">
<suite id="s1" name="Search Page" source="/home/evram/Desktop/projects/testing_project/test_suites/search/search_page.robot">
<kw name="Open Site" library="common" type="setup">
<kw name="Open Browser" library="SeleniumLibrary">
<doc>Opens a new browser instance to the optional ``url``.</doc>
<arguments>
<arg>${website}</arg>
<arg>${browser}</arg>
</arguments>
<msg timestamp="20210106 01:55:51.490" level="INFO">Opening browser 'chrome' to base url 'http://automationpractice.com/index.php'.</msg>
<status status="PASS" starttime="20210106 01:55:51.490" endtime="20210106 01:56:01.633"></status>
</kw>
<status status="PASS" starttime="20210106 01:55:51.490" endtime="20210106 01:56:01.634"></status>
</kw>
<test id="s1-t1" name="Empty Field">
<kw name="Fill Search" library="search">
<arguments>
<arg>NULL</arg>
<arg>NULL</arg>
</arguments>
<kw name="Input Text" library="SeleniumLibrary">
<doc>Types the given ``text`` into the text field identified by ``locator``.</doc>
<arguments>
<arg>${search}</arg>
<arg>${search_text}</arg>
<arg>clear=True</arg>
</arguments>
<msg timestamp="20210106 01:56:01.637" level="INFO">Typing text 'NULL' into text field 'id:search_query_top'.</msg>
<status status="PASS" starttime="20210106 01:56:01.637" endtime="20210106 01:56:01.750"></status>
</kw>
<kw name="Click Element" library="SeleniumLibrary">
<doc>Click the element identified by ``locator``.</doc>
<arguments>
<arg>${submit}</arg>
</arguments>
<msg timestamp="20210106 01:56:01.751" level="INFO">Clicking element 'name:submit_search'.</msg>
<status status="PASS" starttime="20210106 01:56:01.750" endtime="20210106 01:56:01.825"></status>
</kw>
<kw name="Run Keyword Unless" library="BuiltIn">
<doc>Runs the given keyword with the given arguments if ``condition`` is false.</doc>
<arguments>
<arg>'${subject}' == 'NULL'</arg>
<arg>Wait Until Page Contains Element</arg>
<arg>${sortby}</arg>
</arguments>
<status status="PASS" starttime="20210106 01:56:01.825" endtime="20210106 01:56:01.826"></status>
</kw>
<kw name="Run Keyword Unless" library="BuiltIn">
<doc>Runs the given keyword with the given arguments if ``condition`` is false.</doc>
<arguments>
<arg>'${subject}' == 'NULL'</arg>
<arg>select from list by label</arg>
<arg>${sortby}</arg>
<arg>${subject}</arg>
</arguments>
<status status="PASS" starttime="20210106 01:56:01.826" endtime="20210106 01:56:01.826"></status>
</kw>
<status status="PASS" starttime="20210106 01:56:01.636" endtime="20210106 01:56:01.827"></status>
</kw>
<kw name="Page Should Contain Element" library="SeleniumLibrary">
<doc>Verifies that element ``locator`` is found on the current page.</doc>
<arguments>
<arg>${alert_search}</arg>
</arguments>
<msg timestamp="20210106 01:56:03.555" level="INFO">Current page contains element 'xpath://*[@id="center_column"]/p'.</msg>
<status status="PASS" starttime="20210106 01:56:01.827" endtime="20210106 01:56:03.555"></status>
</kw>
<doc>Testing out "Search" with empty field</doc>
<tags>
<tag>Component Data-Driven</tag>
</tags>
<status status="PASS" starttime="20210106 01:56:01.634" endtime="20210106 01:56:03.555" critical="yes"></status>
</test>
<test id="s1-t2" name="Irrelevant Field">
<kw name="Fill Search" library="search">
<arguments>
<arg>hello</arg>
<arg>NULL</arg>
</arguments>
<kw name="Input Text" library="SeleniumLibrary">
<doc>Types the given ``text`` into the text field identified by ``locator``.</doc>
<arguments>
<arg>${search}</arg>
<arg>${search_text}</arg>
<arg>clear=True</arg>
</arguments>
<msg timestamp="20210106 01:56:03.559" level="INFO">Typing text 'hello' into text field 'id:search_query_top'.</msg>
<status status="PASS" starttime="20210106 01:56:03.558" endtime="20210106 01:56:03.714"></status>
</kw>
<kw name="Click Element" library="SeleniumLibrary">
<doc>Click the element identified by ``locator``.</doc>
<arguments>
<arg>${submit}</arg>
</arguments>
<msg timestamp="20210106 01:56:03.715" level="INFO">Clicking element 'name:submit_search'.</msg>
<status status="PASS" starttime="20210106 01:56:03.714" endtime="20210106 01:56:05.062"></status>
</kw>
<kw name="Run Keyword Unless" library="BuiltIn">
<doc>Runs the given keyword with the given arguments if ``condition`` is false.</doc>
<arguments>
<arg>'${subject}' == 'NULL'</arg>
<arg>Wait Until Page Contains Element</arg>
<arg>${sortby}</arg>
</arguments>
<status status="PASS" starttime="20210106 01:56:05.063" endtime="20210106 01:56:05.063"></status>
</kw>
<kw name="Run Keyword Unless" library="BuiltIn">
<doc>Runs the given keyword with the given arguments if ``condition`` is false.</doc>
<arguments>
<arg>'${subject}' == 'NULL'</arg>
<arg>select from list by label</arg>
<arg>${sortby}</arg>
<arg>${subject}</arg>
</arguments>
<status status="PASS" starttime="20210106 01:56:05.063" endtime="20210106 01:56:05.063"></status>
</kw>
<status status="PASS" starttime="20210106 01:56:03.558" endtime="20210106 01:56:05.064"></status>
</kw>
<kw name="Page Should Contain Element" library="SeleniumLibrary">
<doc>Verifies that element ``locator`` is found on the current page.</doc>
<arguments>
<arg>${alert_search}</arg>
</arguments>
<msg timestamp="20210106 01:56:05.074" level="INFO">Current page contains element 'xpath://*[@id="center_column"]/p'.</msg>
<status status="PASS" starttime="20210106 01:56:05.064" endtime="20210106 01:56:05.074"></status>
</kw>
<doc>Testing out "Search" with irrelevant field</doc>
<tags>
<tag>Component Data-Driven</tag>
</tags>
<status status="PASS" starttime="20210106 01:56:03.556" endtime="20210106 01:56:05.074" critical="yes"></status>
</test>
<test id="s1-t3" name="Relevant Field NoSortBy">
<kw name="Fill Search" library="search">
<arguments>
<arg>Blouse</arg>
<arg>NULL</arg>
</arguments>
<kw name="Input Text" library="SeleniumLibrary">
<doc>Types the given ``text`` into the text field identified by ``locator``.</doc>
<arguments>
<arg>${search}</arg>
<arg>${search_text}</arg>
<arg>clear=True</arg>
</arguments>
<msg timestamp="20210106 01:56:05.077" level="INFO">Typing text 'Blouse' into text field 'id:search_query_top'.</msg>
<status status="PASS" starttime="20210106 01:56:05.077" endtime="20210106 01:56:05.186"></status>
</kw>
<kw name="Click Element" library="SeleniumLibrary">
<doc>Click the element identified by ``locator``.</doc>
<arguments>
<arg>${submit}</arg>
</arguments>
<msg timestamp="20210106 01:56:05.187" level="INFO">Clicking element 'name:submit_search'.</msg>
<status status="PASS" starttime="20210106 01:56:05.186" endtime="20210106 01:56:06.892"></status>
</kw>
<kw name="Run Keyword Unless" library="BuiltIn">
<doc>Runs the given keyword with the given arguments if ``condition`` is false.</doc>
<arguments>
<arg>'${subject}' == 'NULL'</arg>
<arg>Wait Until Page Contains Element</arg>
<arg>${sortby}</arg>
</arguments>
<status status="PASS" starttime="20210106 01:56:06.892" endtime="20210106 01:56:06.893"></status>
</kw>
<kw name="Run Keyword Unless" library="BuiltIn">
<doc>Runs the given keyword with the given arguments if ``condition`` is false.</doc>
<arguments>
<arg>'${subject}' == 'NULL'</arg>
<arg>select from list by label</arg>
<arg>${sortby}</arg>
<arg>${subject}</arg>
</arguments>
<status status="PASS" starttime="20210106 01:56:06.893" endtime="20210106 01:56:06.894"></status>
</kw>
<status status="PASS" starttime="20210106 01:56:05.076" endtime="20210106 01:56:06.894"></status>
</kw>
<kw name="Page Should Not Contain Element" library="SeleniumLibrary">
<doc>Verifies that element ``locator`` is not found on the current page.</doc>
<arguments>
<arg>${alert_search}</arg>
</arguments>
<msg timestamp="20210106 01:56:06.909" level="INFO">Current page does not contain element 'xpath://*[@id="center_column"]/p'.</msg>
<status status="PASS" starttime="20210106 01:56:06.894" endtime="20210106 01:56:06.909"></status>
</kw>
<doc>Testing out "Search" with relevant field</doc>
<tags>
<tag>Component Data-Driven</tag>
</tags>
<status status="PASS" starttime="20210106 01:56:05.075" endtime="20210106 01:56:06.909" critical="yes"></status>
</test>
<test id="s1-t4" name="Relevant Field SortBy Lowest First">
<kw name="Fill Search" library="search">
<arguments>
<arg>Dress</arg>
<arg>Price: Highest first</arg>
</arguments>
<kw name="Input Text" library="SeleniumLibrary">
<doc>Types the given ``text`` into the text field identified by ``locator``.</doc>
<arguments>
<arg>${search}</arg>
<arg>${search_text}</arg>
<arg>clear=True</arg>
</arguments>
<msg timestamp="20210106 01:56:06.913" level="INFO">Typing text 'Dress' into text field 'id:search_query_top'.</msg>
<status status="PASS" starttime="20210106 01:56:06.913" endtime="20210106 01:56:07.038"></status>
</kw>
<kw name="Click Element" library="SeleniumLibrary">
<doc>Click the element identified by ``locator``.</doc>
<arguments>
<arg>${submit}</arg>
</arguments>
<msg timestamp="20210106 01:56:07.039" level="INFO">Clicking element 'name:submit_search'.</msg>
<status status="PASS" starttime="20210106 01:56:07.039" endtime="20210106 01:56:09.401"></status>
</kw>
<kw name="Run Keyword Unless" library="BuiltIn">
<doc>Runs the given keyword with the given arguments if ``condition`` is false.</doc>
<arguments>
<arg>'${subject}' == 'NULL'</arg>
<arg>Wait Until Page Contains Element</arg>
<arg>${sortby}</arg>
</arguments>
<kw name="Wait Until Page Contains Element" library="SeleniumLibrary">
<doc>Waits until the element ``locator`` appears on the current page.</doc>
<arguments>
<arg>${sortby}</arg>
</arguments>
<status status="PASS" starttime="20210106 01:56:09.402" endtime="20210106 01:56:09.419"></status>
</kw>
<status status="PASS" starttime="20210106 01:56:09.401" endtime="20210106 01:56:09.419"></status>
</kw>
<kw name="Run Keyword Unless" library="BuiltIn">
<doc>Runs the given keyword with the given arguments if ``condition`` is false.</doc>
<arguments>
<arg>'${subject}' == 'NULL'</arg>
<arg>select from list by label</arg>
<arg>${sortby}</arg>
<arg>${subject}</arg>
</arguments>
<kw name="Select From List By Label" library="SeleniumLibrary">
<doc>Selects options from selection list ``locator`` by ``labels``.</doc>
<arguments>
<arg>${sortby}</arg>
<arg>${subject}</arg>
</arguments>
<msg timestamp="20210106 01:56:09.420" level="INFO">Selecting options from selection list 'selectProductSort' by label Price: Highest first.</msg>
<status status="PASS" starttime="20210106 01:56:09.420" endtime="20210106 01:56:11.718"></status>
</kw>
<status status="PASS" starttime="20210106 01:56:09.419" endtime="20210106 01:56:11.718"></status>
</kw>
<status status="PASS" starttime="20210106 01:56:06.912" endtime="20210106 01:56:11.718"></status>
</kw>
<kw name="Page Should Not Contain Element" library="SeleniumLibrary">
<doc>Verifies that element ``locator`` is not found on the current page.</doc>
<arguments>
<arg>${alert_search}</arg>
</arguments>
<msg timestamp="20210106 01:56:11.738" level="INFO">Current page does not contain element 'xpath://*[@id="center_column"]/p'.</msg>
<status status="PASS" starttime="20210106 01:56:11.719" endtime="20210106 01:56:11.738"></status>
</kw>
<kw name="Wait Until Page Contains Element" library="SeleniumLibrary">
<doc>Waits until the element ``locator`` appears on the current page.</doc>
<arguments>
<arg>${first_div_sortby}</arg>
</arguments>
<status status="PASS" starttime="20210106 01:56:11.739" endtime="20210106 01:56:11.755"></status>
</kw>
<kw name="Element Should Contain" library="SeleniumLibrary">
<doc>Verifies that element ``locator`` contains text ``expected``.</doc>
<arguments>
<arg>${first_div_sortby}</arg>
<arg>Printed Dress</arg>
</arguments>
<msg timestamp="20210106 01:56:11.781" level="INFO">Element 'xpath:html/body/div[1]/div[2]/div/div[3]/div[2]/ul/li[1]/div/div[2]/h5/a' contains text 'Printed Dress'.</msg>
<status status="PASS" starttime="20210106 01:56:11.755" endtime="20210106 01:56:11.781"></status>
</kw>
<doc>Testing out "Search" with relevant field SortBy Lowest First</doc>
<tags>
<tag>Component Data-Driven</tag>
</tags>
<status status="PASS" starttime="20210106 01:56:06.911" endtime="20210106 01:56:11.781" critical="yes"></status>
</test>
<test id="s1-t5" name="Relevant Field SortBy Highest First">
<kw name="Fill Search" library="search">
<arguments>
<arg>Dress</arg>
<arg>Price: Lowest first</arg>
</arguments>
<kw name="Input Text" library="SeleniumLibrary">
<doc>Types the given ``text`` into the text field identified by ``locator``.</doc>
<arguments>
<arg>${search}</arg>
<arg>${search_text}</arg>
<arg>clear=True</arg>
</arguments>
<msg timestamp="20210106 01:56:11.784" level="INFO">Typing text 'Dress' into text field 'id:search_query_top'.</msg>
<status status="PASS" starttime="20210106 01:56:11.784" endtime="20210106 01:56:11.892"></status>
</kw>
<kw name="Click Element" library="SeleniumLibrary">
<doc>Click the element identified by ``locator``.</doc>
<arguments>
<arg>${submit}</arg>
</arguments>
<msg timestamp="20210106 01:56:11.892" level="INFO">Clicking element 'name:submit_search'.</msg>
<status status="PASS" starttime="20210106 01:56:11.892" endtime="20210106 01:56:18.191"></status>
</kw>
<kw name="Run Keyword Unless" library="BuiltIn">
<doc>Runs the given keyword with the given arguments if ``condition`` is false.</doc>
<arguments>
<arg>'${subject}' == 'NULL'</arg>
<arg>Wait Until Page Contains Element</arg>
<arg>${sortby}</arg>
</arguments>
<kw name="Wait Until Page Contains Element" library="SeleniumLibrary">
<doc>Waits until the element ``locator`` appears on the current page.</doc>
<arguments>
<arg>${sortby}</arg>
</arguments>
<status status="PASS" starttime="20210106 01:56:18.192" endtime="20210106 01:56:18.204"></status>
</kw>
<status status="PASS" starttime="20210106 01:56:18.192" endtime="20210106 01:56:18.204"></status>
</kw>
<kw name="Run Keyword Unless" library="BuiltIn">
<doc>Runs the given keyword with the given arguments if ``condition`` is false.</doc>
<arguments>
<arg>'${subject}' == 'NULL'</arg>
<arg>select from list by label</arg>
<arg>${sortby}</arg>
<arg>${subject}</arg>
</arguments>
<kw name="Select From List By Label" library="SeleniumLibrary">
<doc>Selects options from selection list ``locator`` by ``labels``.</doc>
<arguments>
<arg>${sortby}</arg>
<arg>${subject}</arg>
</arguments>
<msg timestamp="20210106 01:56:18.205" level="INFO">Selecting options from selection list 'selectProductSort' by label Price: Lowest first.</msg>
<status status="PASS" starttime="20210106 01:56:18.205" endtime="20210106 01:56:20.357"></status>
</kw>
<status status="PASS" starttime="20210106 01:56:18.204" endtime="20210106 01:56:20.357"></status>
</kw>
<status status="PASS" starttime="20210106 01:56:11.783" endtime="20210106 01:56:20.358"></status>
</kw>
<kw name="Page Should Not Contain Element" library="SeleniumLibrary">
<doc>Verifies that element ``locator`` is not found on the current page.</doc>
<arguments>
<arg>${alert_search}</arg>
</arguments>
<msg timestamp="20210106 01:56:20.373" level="INFO">Current page does not contain element 'xpath://*[@id="center_column"]/p'.</msg>
<status status="PASS" starttime="20210106 01:56:20.358" endtime="20210106 01:56:20.373"></status>
</kw>
<kw name="Wait Until Page Contains Element" library="SeleniumLibrary">
<doc>Waits until the element ``locator`` appears on the current page.</doc>
<arguments>
<arg>${first_div_sortby}</arg>
</arguments>
<status status="PASS" starttime="20210106 01:56:20.374" endtime="20210106 01:56:20.387"></status>
</kw>
<kw name="Element Should Contain" library="SeleniumLibrary">
<doc>Verifies that element ``locator`` contains text ``expected``.</doc>
<arguments>
<arg>${first_div_sortby}</arg>
<arg>Faded Short Sleeve T-shirts</arg>
</arguments>
<msg timestamp="20210106 01:56:20.414" level="INFO">Element 'xpath:html/body/div[1]/div[2]/div/div[3]/div[2]/ul/li[1]/div/div[2]/h5/a' contains text 'Faded Short Sleeve T-shirts'.</msg>
<status status="PASS" starttime="20210106 01:56:20.388" endtime="20210106 01:56:20.414"></status>
</kw>
<doc>Testing out "Search" with relevant field SortBy Lowest First</doc>
<tags>
<tag>Component Data-Driven</tag>
</tags>
<status status="PASS" starttime="20210106 01:56:11.782" endtime="20210106 01:56:20.414" critical="yes"></status>
</test>
<test id="s1-t6" name="Relevant Field SortBy A To Z">
<kw name="Fill Search" library="search">
<arguments>
<arg>Dress</arg>
<arg>Product Name: A to Z</arg>
</arguments>
<kw name="Input Text" library="SeleniumLibrary">
<doc>Types the given ``text`` into the text field identified by ``locator``.</doc>
<arguments>
<arg>${search}</arg>
<arg>${search_text}</arg>
<arg>clear=True</arg>
</arguments>
<msg timestamp="20210106 01:56:20.417" level="INFO">Typing text 'Dress' into text field 'id:search_query_top'.</msg>
<status status="PASS" starttime="20210106 01:56:20.417" endtime="20210106 01:56:20.523"></status>
</kw>
<kw name="Click Element" library="SeleniumLibrary">
<doc>Click the element identified by ``locator``.</doc>
<arguments>
<arg>${submit}</arg>
</arguments>
<msg timestamp="20210106 01:56:20.524" level="INFO">Clicking element 'name:submit_search'.</msg>
<status status="PASS" starttime="20210106 01:56:20.524" endtime="20210106 01:56:22.610"></status>
</kw>
<kw name="Run Keyword Unless" library="BuiltIn">
<doc>Runs the given keyword with the given arguments if ``condition`` is false.</doc>
<arguments>
<arg>'${subject}' == 'NULL'</arg>
<arg>Wait Until Page Contains Element</arg>
<arg>${sortby}</arg>
</arguments>
<kw name="Wait Until Page Contains Element" library="SeleniumLibrary">
<doc>Waits until the element ``locator`` appears on the current page.</doc>
<arguments>
<arg>${sortby}</arg>
</arguments>
<status status="PASS" starttime="20210106 01:56:22.612" endtime="20210106 01:56:22.624"></status>
</kw>
<status status="PASS" starttime="20210106 01:56:22.611" endtime="20210106 01:56:22.624"></status>
</kw>
<kw name="Run Keyword Unless" library="BuiltIn">
<doc>Runs the given keyword with the given arguments if ``condition`` is false.</doc>
<arguments>
<arg>'${subject}' == 'NULL'</arg>
<arg>select from list by label</arg>
<arg>${sortby}</arg>
<arg>${subject}</arg>
</arguments>
<kw name="Select From List By Label" library="SeleniumLibrary">
<doc>Selects options from selection list ``locator`` by ``labels``.</doc>
<arguments>
<arg>${sortby}</arg>
<arg>${subject}</arg>
</arguments>
<msg timestamp="20210106 01:56:22.625" level="INFO">Selecting options from selection list 'selectProductSort' by label Product Name: A to Z.</msg>
<status status="PASS" starttime="20210106 01:56:22.625" endtime="20210106 01:56:25.092"></status>
</kw>
<status status="PASS" starttime="20210106 01:56:22.624" endtime="20210106 01:56:25.092"></status>
</kw>
<status status="PASS" starttime="20210106 01:56:20.416" endtime="20210106 01:56:25.092"></status>
</kw>
<kw name="Page Should Not Contain Element" library="SeleniumLibrary">
<doc>Verifies that element ``locator`` is not found on the current page.</doc>
<arguments>
<arg>${alert_search}</arg>
</arguments>
<msg timestamp="20210106 01:56:25.106" level="INFO">Current page does not contain element 'xpath://*[@id="center_column"]/p'.</msg>
<status status="PASS" starttime="20210106 01:56:25.093" endtime="20210106 01:56:25.106"></status>
</kw>
<kw name="Wait Until Page Contains Element" library="SeleniumLibrary">
<doc>Waits until the element ``locator`` appears on the current page.</doc>
<arguments>
<arg>${first_div_sortby}</arg>
</arguments>
<status status="PASS" starttime="20210106 01:56:25.106" endtime="20210106 01:56:25.116"></status>
</kw>
<kw name="Element Should Contain" library="SeleniumLibrary">
<doc>Verifies that element ``locator`` contains text ``expected``.</doc>
<arguments>
<arg>${first_div_sortby}</arg>
<arg>Blouse</arg>
</arguments>
<msg timestamp="20210106 01:56:25.141" level="INFO">Element 'xpath:html/body/div[1]/div[2]/div/div[3]/div[2]/ul/li[1]/div/div[2]/h5/a' contains text 'Blouse'.</msg>
<status status="PASS" starttime="20210106 01:56:25.117" endtime="20210106 01:56:25.141"></status>
</kw>
<doc>Testing out "Search" with relevant field SortBy A to Z</doc>
<tags>
<tag>Component Data-Driven</tag>
</tags>
<status status="PASS" starttime="20210106 01:56:20.415" endtime="20210106 01:56:25.141" critical="yes"></status>
</test>
<kw name="Close Browser" library="SeleniumLibrary" type="teardown">
<doc>Closes the current browser.</doc>
<status status="PASS" starttime="20210106 01:56:25.143" endtime="20210106 01:56:25.207"></status>
</kw>
<status status="PASS" starttime="20210106 01:55:51.326" endtime="20210106 01:56:25.207"></status>
</suite>
<statistics>
<total>
<stat pass="6" fail="0">Critical Tests</stat>
<stat pass="6" fail="0">All Tests</stat>
</total>
<tag>
<stat pass="6" fail="0">Component Data-Driven</stat>
</tag>
<suite>
<stat pass="6" fail="0" id="s1" name="Search Page">Search Page</stat>
</suite>
</statistics>
<errors>
</errors>
</robot>
