<?xml version="1.0" encoding="UTF-8"?>
<robot generator="Robot 3.2.2 (Python 3.6.12 on linux)" generated="20210105 07:44:51.983" rpa="false">
<suite id="s1" name="Log In Page" source="/home/evram/Desktop/projects/testing_project/test_suites/log_in_page/log_in_page.robot">
<kw name="Open Site" library="common" type="setup">
<kw name="Open Browser" library="SeleniumLibrary">
<doc>Opens a new browser instance to the optional ``url``.</doc>
<arguments>
<arg>${website}</arg>
<arg>${browser}</arg>
</arguments>
<msg timestamp="20210105 07:44:52.106" level="INFO">Opening browser 'chrome' to base url 'http://automationpractice.com/index.php'.</msg>
<status status="PASS" starttime="20210105 07:44:52.106" endtime="20210105 07:45:09.001"></status>
</kw>
<status status="PASS" starttime="20210105 07:44:52.106" endtime="20210105 07:45:09.002"></status>
</kw>
<test id="s1-t1" name="Normal Login">
<kw name="Log in user" library="log_in">
<arguments>
<arg>${email_1}</arg>
<arg>${pass_1}</arg>
</arguments>
<kw name="Go To" library="SeleniumLibrary">
<doc>Navigates the current browser window to the provided ``url``.</doc>
<arguments>
<arg>${login_page}</arg>
</arguments>
<msg timestamp="20210105 07:45:09.006" level="INFO">Opening url 'http://automationpractice.com/index.php?controller=authentication&amp;back=my-account'</msg>
<status status="PASS" starttime="20210105 07:45:09.005" endtime="20210105 07:45:10.732"></status>
</kw>
<kw name="Run Keyword And Ignore Error" library="BuiltIn">
<doc>Runs the given keyword with the given arguments and ignores possible error.</doc>
<arguments>
<arg>Page should contain</arg>
<arg>Sign in</arg>
</arguments>
<assign>
<var>${status}</var>
<var>${value}</var>
</assign>
<kw name="Page Should Contain" library="SeleniumLibrary">
<doc>Verifies that current page contains ``text``.</doc>
<arguments>
<arg>Sign in</arg>
</arguments>
<msg timestamp="20210105 07:45:10.776" level="INFO">Current page contains text 'Sign in'.</msg>
<status status="PASS" starttime="20210105 07:45:10.733" endtime="20210105 07:45:10.776"></status>
</kw>
<msg timestamp="20210105 07:45:10.777" level="INFO">${status} = PASS</msg>
<msg timestamp="20210105 07:45:10.777" level="INFO">${value} = None</msg>
<status status="PASS" starttime="20210105 07:45:10.732" endtime="20210105 07:45:10.777"></status>
</kw>
<kw name="Run Keyword If" library="BuiltIn">
<doc>Runs the given keyword with the given arguments, if ``condition`` is true.</doc>
<arguments>
<arg>'${status}' == 'PASS'</arg>
<arg>Log in</arg>
<arg>${user_email}</arg>
<arg>${user_pass}</arg>
</arguments>
<kw name="Log in" library="log_in">
<arguments>
<arg>${user_email}</arg>
<arg>${user_pass}</arg>
</arguments>
<kw name="Wait Until Page Contains" library="SeleniumLibrary">
<doc>Waits until ``text`` appears on the current page.</doc>
<arguments>
<arg>Authentication</arg>
</arguments>
<status status="PASS" starttime="20210105 07:45:10.779" endtime="20210105 07:45:10.796"></status>
</kw>
<kw name="Input Text" library="SeleniumLibrary">
<doc>Types the given ``text`` into the text field identified by ``locator``.</doc>
<arguments>
<arg>id:email</arg>
<arg>${user_email}</arg>
<arg>clear=True</arg>
</arguments>
<msg timestamp="20210105 07:45:10.797" level="INFO">Typing text 'test_1@test.com' into text field 'id:email'.</msg>
<status status="PASS" starttime="20210105 07:45:10.796" endtime="20210105 07:45:10.938"></status>
</kw>
<kw name="Input Text" library="SeleniumLibrary">
<doc>Types the given ``text`` into the text field identified by ``locator``.</doc>
<arguments>
<arg>id:passwd</arg>
<arg>${user_pass}</arg>
<arg>clear=True</arg>
</arguments>
<msg timestamp="20210105 07:45:10.940" level="INFO">Typing text 'robotframeworkpass' into text field 'id:passwd'.</msg>
<status status="PASS" starttime="20210105 07:45:10.939" endtime="20210105 07:45:11.166"></status>
</kw>
<kw name="Press Keys" library="SeleniumLibrary">
<doc>Simulates the user pressing key(s) to an element or on the active browser.</doc>
<arguments>
<arg>id:SubmitLogin</arg>
<arg>RETURN</arg>
</arguments>
<msg timestamp="20210105 07:45:11.169" level="INFO">Sending key(s) ('RETURN',) to id:SubmitLogin element.</msg>
<msg timestamp="20210105 07:45:13.537" level="INFO">Pressing special key RETURN to element.</msg>
<msg timestamp="20210105 07:45:13.537" level="INFO">Releasing special key RETURN.</msg>
<status status="PASS" starttime="20210105 07:45:11.167" endtime="20210105 07:45:13.554"></status>
</kw>
<status status="PASS" starttime="20210105 07:45:10.778" endtime="20210105 07:45:13.554"></status>
</kw>
<status status="PASS" starttime="20210105 07:45:10.777" endtime="20210105 07:45:13.554"></status>
</kw>
<status status="PASS" starttime="20210105 07:45:09.004" endtime="20210105 07:45:13.555"></status>
</kw>
<kw name="Page Should Not Contain" library="SeleniumLibrary">
<doc>Verifies the current page does not contain ``text``.</doc>
<arguments>
<arg>error</arg>
</arguments>
<msg timestamp="20210105 07:45:13.590" level="INFO">Current page does not contain text 'error'.</msg>
<status status="PASS" starttime="20210105 07:45:13.555" endtime="20210105 07:45:13.590"></status>
</kw>
<kw name="Log out user" library="log_out">
<kw name="Run Keyword And Ignore Error" library="BuiltIn">
<doc>Runs the given keyword with the given arguments and ignores possible error.</doc>
<arguments>
<arg>Page should contain</arg>
<arg>Sign out</arg>
</arguments>
<assign>
<var>${status}</var>
<var>${value}</var>
</assign>
<kw name="Page Should Contain" library="SeleniumLibrary">
<doc>Verifies that current page contains ``text``.</doc>
<arguments>
<arg>Sign out</arg>
</arguments>
<msg timestamp="20210105 07:45:13.606" level="INFO">Current page contains text 'Sign out'.</msg>
<status status="PASS" starttime="20210105 07:45:13.591" endtime="20210105 07:45:13.607"></status>
</kw>
<msg timestamp="20210105 07:45:13.607" level="INFO">${status} = PASS</msg>
<msg timestamp="20210105 07:45:13.607" level="INFO">${value} = None</msg>
<status status="PASS" starttime="20210105 07:45:13.591" endtime="20210105 07:45:13.607"></status>
</kw>
<kw name="Run Keyword If" library="BuiltIn">
<doc>Runs the given keyword with the given arguments, if ``condition`` is true.</doc>
<arguments>
<arg>'${status}' == 'PASS'</arg>
<arg>Click Element</arg>
<arg>xpath://*[@id="header"]/div[2]/div/div/nav/div[2]/a</arg>
</arguments>
<kw name="Click Element" library="SeleniumLibrary">
<doc>Click the element identified by ``locator``.</doc>
<arguments>
<arg>xpath://*[@id="header"]/div[2]/div/div/nav/div[2]/a</arg>
</arguments>
<msg timestamp="20210105 07:45:13.608" level="INFO">Clicking element 'xpath://*[@id="header"]/div[2]/div/div/nav/div[2]/a'.</msg>
<status status="PASS" starttime="20210105 07:45:13.608" endtime="20210105 07:45:15.607"></status>
</kw>
<status status="PASS" starttime="20210105 07:45:13.607" endtime="20210105 07:45:15.607"></status>
</kw>
<status status="PASS" starttime="20210105 07:45:13.590" endtime="20210105 07:45:15.607"></status>
</kw>
<doc>Logging in</doc>
<tags>
<tag>Integrate</tag>
</tags>
<status status="PASS" starttime="20210105 07:45:09.002" endtime="20210105 07:45:15.607" critical="yes"></status>
</test>
<test id="s1-t2" name="Faulty Login with email">
<kw name="Log in user" library="log_in">
<arguments>
<arg>garbage@garbage.com</arg>
<arg>${pass_1}</arg>
</arguments>
<kw name="Go To" library="SeleniumLibrary">
<doc>Navigates the current browser window to the provided ``url``.</doc>
<arguments>
<arg>${login_page}</arg>
</arguments>
<msg timestamp="20210105 07:45:15.610" level="INFO">Opening url 'http://automationpractice.com/index.php?controller=authentication&amp;back=my-account'</msg>
<status status="PASS" starttime="20210105 07:45:15.610" endtime="20210105 07:45:17.309"></status>
</kw>
<kw name="Run Keyword And Ignore Error" library="BuiltIn">
<doc>Runs the given keyword with the given arguments and ignores possible error.</doc>
<arguments>
<arg>Page should contain</arg>
<arg>Sign in</arg>
</arguments>
<assign>
<var>${status}</var>
<var>${value}</var>
</assign>
<kw name="Page Should Contain" library="SeleniumLibrary">
<doc>Verifies that current page contains ``text``.</doc>
<arguments>
<arg>Sign in</arg>
</arguments>
<msg timestamp="20210105 07:45:17.326" level="INFO">Current page contains text 'Sign in'.</msg>
<status status="PASS" starttime="20210105 07:45:17.310" endtime="20210105 07:45:17.327"></status>
</kw>
<msg timestamp="20210105 07:45:17.327" level="INFO">${status} = PASS</msg>
<msg timestamp="20210105 07:45:17.327" level="INFO">${value} = None</msg>
<status status="PASS" starttime="20210105 07:45:17.309" endtime="20210105 07:45:17.327"></status>
</kw>
<kw name="Run Keyword If" library="BuiltIn">
<doc>Runs the given keyword with the given arguments, if ``condition`` is true.</doc>
<arguments>
<arg>'${status}' == 'PASS'</arg>
<arg>Log in</arg>
<arg>${user_email}</arg>
<arg>${user_pass}</arg>
</arguments>
<kw name="Log in" library="log_in">
<arguments>
<arg>${user_email}</arg>
<arg>${user_pass}</arg>
</arguments>
<kw name="Wait Until Page Contains" library="SeleniumLibrary">
<doc>Waits until ``text`` appears on the current page.</doc>
<arguments>
<arg>Authentication</arg>
</arguments>
<status status="PASS" starttime="20210105 07:45:17.329" endtime="20210105 07:45:17.340"></status>
</kw>
<kw name="Input Text" library="SeleniumLibrary">
<doc>Types the given ``text`` into the text field identified by ``locator``.</doc>
<arguments>
<arg>id:email</arg>
<arg>${user_email}</arg>
<arg>clear=True</arg>
</arguments>
<msg timestamp="20210105 07:45:17.340" level="INFO">Typing text 'garbage@garbage.com' into text field 'id:email'.</msg>
<status status="PASS" starttime="20210105 07:45:17.340" endtime="20210105 07:45:17.456"></status>
</kw>
<kw name="Input Text" library="SeleniumLibrary">
<doc>Types the given ``text`` into the text field identified by ``locator``.</doc>
<arguments>
<arg>id:passwd</arg>
<arg>${user_pass}</arg>
<arg>clear=True</arg>
</arguments>
<msg timestamp="20210105 07:45:17.456" level="INFO">Typing text 'robotframeworkpass' into text field 'id:passwd'.</msg>
<status status="PASS" starttime="20210105 07:45:17.456" endtime="20210105 07:45:17.577"></status>
</kw>
<kw name="Press Keys" library="SeleniumLibrary">
<doc>Simulates the user pressing key(s) to an element or on the active browser.</doc>
<arguments>
<arg>id:SubmitLogin</arg>
<arg>RETURN</arg>
</arguments>
<msg timestamp="20210105 07:45:17.578" level="INFO">Sending key(s) ('RETURN',) to id:SubmitLogin element.</msg>
<msg timestamp="20210105 07:45:19.461" level="INFO">Pressing special key RETURN to element.</msg>
<msg timestamp="20210105 07:45:19.462" level="INFO">Releasing special key RETURN.</msg>
<status status="PASS" starttime="20210105 07:45:17.577" endtime="20210105 07:45:19.471"></status>
</kw>
<status status="PASS" starttime="20210105 07:45:17.328" endtime="20210105 07:45:19.471"></status>
</kw>
<status status="PASS" starttime="20210105 07:45:17.327" endtime="20210105 07:45:19.471"></status>
</kw>
<status status="PASS" starttime="20210105 07:45:15.609" endtime="20210105 07:45:19.471"></status>
</kw>
<kw name="Page Should Contain" library="SeleniumLibrary">
<doc>Verifies that current page contains ``text``.</doc>
<arguments>
<arg>error</arg>
</arguments>
<msg timestamp="20210105 07:45:19.488" level="INFO">Current page contains text 'error'.</msg>
<status status="PASS" starttime="20210105 07:45:19.471" endtime="20210105 07:45:19.488"></status>
</kw>
<doc>Logging in</doc>
<tags>
<tag>Component Faulty</tag>
</tags>
<status status="PASS" starttime="20210105 07:45:15.608" endtime="20210105 07:45:19.488" critical="yes"></status>
</test>
<test id="s1-t3" name="Faulty Login with password">
<kw name="Log in user" library="log_in">
<arguments>
<arg>${email_1}</arg>
<arg>garbage_pwd</arg>
</arguments>
<kw name="Go To" library="SeleniumLibrary">
<doc>Navigates the current browser window to the provided ``url``.</doc>
<arguments>
<arg>${login_page}</arg>
</arguments>
<msg timestamp="20210105 07:45:19.492" level="INFO">Opening url 'http://automationpractice.com/index.php?controller=authentication&amp;back=my-account'</msg>
<status status="PASS" starttime="20210105 07:45:19.491" endtime="20210105 07:45:21.008"></status>
</kw>
<kw name="Run Keyword And Ignore Error" library="BuiltIn">
<doc>Runs the given keyword with the given arguments and ignores possible error.</doc>
<arguments>
<arg>Page should contain</arg>
<arg>Sign in</arg>
</arguments>
<assign>
<var>${status}</var>
<var>${value}</var>
</assign>
<kw name="Page Should Contain" library="SeleniumLibrary">
<doc>Verifies that current page contains ``text``.</doc>
<arguments>
<arg>Sign in</arg>
</arguments>
<msg timestamp="20210105 07:45:21.025" level="INFO">Current page contains text 'Sign in'.</msg>
<status status="PASS" starttime="20210105 07:45:21.009" endtime="20210105 07:45:21.025"></status>
</kw>
<msg timestamp="20210105 07:45:21.025" level="INFO">${status} = PASS</msg>
<msg timestamp="20210105 07:45:21.025" level="INFO">${value} = None</msg>
<status status="PASS" starttime="20210105 07:45:21.009" endtime="20210105 07:45:21.025"></status>
</kw>
<kw name="Run Keyword If" library="BuiltIn">
<doc>Runs the given keyword with the given arguments, if ``condition`` is true.</doc>
<arguments>
<arg>'${status}' == 'PASS'</arg>
<arg>Log in</arg>
<arg>${user_email}</arg>
<arg>${user_pass}</arg>
</arguments>
<kw name="Log in" library="log_in">
<arguments>
<arg>${user_email}</arg>
<arg>${user_pass}</arg>
</arguments>
<kw name="Wait Until Page Contains" library="SeleniumLibrary">
<doc>Waits until ``text`` appears on the current page.</doc>
<arguments>
<arg>Authentication</arg>
</arguments>
<status status="PASS" starttime="20210105 07:45:21.026" endtime="20210105 07:45:21.038"></status>
</kw>
<kw name="Input Text" library="SeleniumLibrary">
<doc>Types the given ``text`` into the text field identified by ``locator``.</doc>
<arguments>
<arg>id:email</arg>
<arg>${user_email}</arg>
<arg>clear=True</arg>
</arguments>
<msg timestamp="20210105 07:45:21.038" level="INFO">Typing text 'test_1@test.com' into text field 'id:email'.</msg>
<status status="PASS" starttime="20210105 07:45:21.038" endtime="20210105 07:45:21.136"></status>
</kw>
<kw name="Input Text" library="SeleniumLibrary">
<doc>Types the given ``text`` into the text field identified by ``locator``.</doc>
<arguments>
<arg>id:passwd</arg>
<arg>${user_pass}</arg>
<arg>clear=True</arg>
</arguments>
<msg timestamp="20210105 07:45:21.136" level="INFO">Typing text 'garbage_pwd' into text field 'id:passwd'.</msg>
<status status="PASS" starttime="20210105 07:45:21.136" endtime="20210105 07:45:21.251"></status>
</kw>
<kw name="Press Keys" library="SeleniumLibrary">
<doc>Simulates the user pressing key(s) to an element or on the active browser.</doc>
<arguments>
<arg>id:SubmitLogin</arg>
<arg>RETURN</arg>
</arguments>
<msg timestamp="20210105 07:45:21.252" level="INFO">Sending key(s) ('RETURN',) to id:SubmitLogin element.</msg>
<msg timestamp="20210105 07:45:23.157" level="INFO">Pressing special key RETURN to element.</msg>
<msg timestamp="20210105 07:45:23.157" level="INFO">Releasing special key RETURN.</msg>
<status status="PASS" starttime="20210105 07:45:21.251" endtime="20210105 07:45:23.167"></status>
</kw>
<status status="PASS" starttime="20210105 07:45:21.026" endtime="20210105 07:45:23.167"></status>
</kw>
<status status="PASS" starttime="20210105 07:45:21.025" endtime="20210105 07:45:23.167"></status>
</kw>
<status status="PASS" starttime="20210105 07:45:19.491" endtime="20210105 07:45:23.167"></status>
</kw>
<kw name="Page Should Contain" library="SeleniumLibrary">
<doc>Verifies that current page contains ``text``.</doc>
<arguments>
<arg>error</arg>
</arguments>
<msg timestamp="20210105 07:45:23.184" level="INFO">Current page contains text 'error'.</msg>
<status status="PASS" starttime="20210105 07:45:23.168" endtime="20210105 07:45:23.185"></status>
</kw>
<doc>Logging in</doc>
<tags>
<tag>Component Faulty</tag>
</tags>
<status status="PASS" starttime="20210105 07:45:19.490" endtime="20210105 07:45:23.185" critical="yes"></status>
</test>
<test id="s1-t4" name="Faulty Login with both">
<kw name="Log in user" library="log_in">
<arguments>
<arg>garbage@garbage.com</arg>
<arg>garbage_pwd</arg>
</arguments>
<kw name="Go To" library="SeleniumLibrary">
<doc>Navigates the current browser window to the provided ``url``.</doc>
<arguments>
<arg>${login_page}</arg>
</arguments>
<msg timestamp="20210105 07:45:23.188" level="INFO">Opening url 'http://automationpractice.com/index.php?controller=authentication&amp;back=my-account'</msg>
<status status="PASS" starttime="20210105 07:45:23.187" endtime="20210105 07:45:24.373"></status>
</kw>
<kw name="Run Keyword And Ignore Error" library="BuiltIn">
<doc>Runs the given keyword with the given arguments and ignores possible error.</doc>
<arguments>
<arg>Page should contain</arg>
<arg>Sign in</arg>
</arguments>
<assign>
<var>${status}</var>
<var>${value}</var>
</assign>
<kw name="Page Should Contain" library="SeleniumLibrary">
<doc>Verifies that current page contains ``text``.</doc>
<arguments>
<arg>Sign in</arg>
</arguments>
<msg timestamp="20210105 07:45:24.391" level="INFO">Current page contains text 'Sign in'.</msg>
<status status="PASS" starttime="20210105 07:45:24.374" endtime="20210105 07:45:24.391"></status>
</kw>
<msg timestamp="20210105 07:45:24.391" level="INFO">${status} = PASS</msg>
<msg timestamp="20210105 07:45:24.391" level="INFO">${value} = None</msg>
<status status="PASS" starttime="20210105 07:45:24.374" endtime="20210105 07:45:24.391"></status>
</kw>
<kw name="Run Keyword If" library="BuiltIn">
<doc>Runs the given keyword with the given arguments, if ``condition`` is true.</doc>
<arguments>
<arg>'${status}' == 'PASS'</arg>
<arg>Log in</arg>
<arg>${user_email}</arg>
<arg>${user_pass}</arg>
</arguments>
<kw name="Log in" library="log_in">
<arguments>
<arg>${user_email}</arg>
<arg>${user_pass}</arg>
</arguments>
<kw name="Wait Until Page Contains" library="SeleniumLibrary">
<doc>Waits until ``text`` appears on the current page.</doc>
<arguments>
<arg>Authentication</arg>
</arguments>
<status status="PASS" starttime="20210105 07:45:24.392" endtime="20210105 07:45:24.403"></status>
</kw>
<kw name="Input Text" library="SeleniumLibrary">
<doc>Types the given ``text`` into the text field identified by ``locator``.</doc>
<arguments>
<arg>id:email</arg>
<arg>${user_email}</arg>
<arg>clear=True</arg>
</arguments>
<msg timestamp="20210105 07:45:24.404" level="INFO">Typing text 'garbage@garbage.com' into text field 'id:email'.</msg>
<status status="PASS" starttime="20210105 07:45:24.403" endtime="20210105 07:45:24.505"></status>
</kw>
<kw name="Input Text" library="SeleniumLibrary">
<doc>Types the given ``text`` into the text field identified by ``locator``.</doc>
<arguments>
<arg>id:passwd</arg>
<arg>${user_pass}</arg>
<arg>clear=True</arg>
</arguments>
<msg timestamp="20210105 07:45:24.506" level="INFO">Typing text 'garbage_pwd' into text field 'id:passwd'.</msg>
<status status="PASS" starttime="20210105 07:45:24.506" endtime="20210105 07:45:24.608"></status>
</kw>
<kw name="Press Keys" library="SeleniumLibrary">
<doc>Simulates the user pressing key(s) to an element or on the active browser.</doc>
<arguments>
<arg>id:SubmitLogin</arg>
<arg>RETURN</arg>
</arguments>
<msg timestamp="20210105 07:45:24.609" level="INFO">Sending key(s) ('RETURN',) to id:SubmitLogin element.</msg>
<msg timestamp="20210105 07:45:26.702" level="INFO">Pressing special key RETURN to element.</msg>
<msg timestamp="20210105 07:45:26.703" level="INFO">Releasing special key RETURN.</msg>
<status status="PASS" starttime="20210105 07:45:24.608" endtime="20210105 07:45:26.714"></status>
</kw>
<status status="PASS" starttime="20210105 07:45:24.392" endtime="20210105 07:45:26.714"></status>
</kw>
<status status="PASS" starttime="20210105 07:45:24.391" endtime="20210105 07:45:26.714"></status>
</kw>
<status status="PASS" starttime="20210105 07:45:23.187" endtime="20210105 07:45:26.714"></status>
</kw>
<kw name="Page Should Contain" library="SeleniumLibrary">
<doc>Verifies that current page contains ``text``.</doc>
<arguments>
<arg>error</arg>
</arguments>
<msg timestamp="20210105 07:45:26.731" level="INFO">Current page contains text 'error'.</msg>
<status status="PASS" starttime="20210105 07:45:26.715" endtime="20210105 07:45:26.731"></status>
</kw>
<doc>Logging in</doc>
<tags>
<tag>Component Faulty</tag>
</tags>
<status status="PASS" starttime="20210105 07:45:23.186" endtime="20210105 07:45:26.731" critical="yes"></status>
</test>
<test id="s1-t5" name="Log in empty">
<kw name="Log in user" library="log_in">
<arguments>
<arg>''</arg>
<arg>''</arg>
</arguments>
<kw name="Go To" library="SeleniumLibrary">
<doc>Navigates the current browser window to the provided ``url``.</doc>
<arguments>
<arg>${login_page}</arg>
</arguments>
<msg timestamp="20210105 07:45:26.734" level="INFO">Opening url 'http://automationpractice.com/index.php?controller=authentication&amp;back=my-account'</msg>
<status status="PASS" starttime="20210105 07:45:26.734" endtime="20210105 07:45:28.230"></status>
</kw>
<kw name="Run Keyword And Ignore Error" library="BuiltIn">
<doc>Runs the given keyword with the given arguments and ignores possible error.</doc>
<arguments>
<arg>Page should contain</arg>
<arg>Sign in</arg>
</arguments>
<assign>
<var>${status}</var>
<var>${value}</var>
</assign>
<kw name="Page Should Contain" library="SeleniumLibrary">
<doc>Verifies that current page contains ``text``.</doc>
<arguments>
<arg>Sign in</arg>
</arguments>
<msg timestamp="20210105 07:45:28.249" level="INFO">Current page contains text 'Sign in'.</msg>
<status status="PASS" starttime="20210105 07:45:28.231" endtime="20210105 07:45:28.249"></status>
</kw>
<msg timestamp="20210105 07:45:28.249" level="INFO">${status} = PASS</msg>
<msg timestamp="20210105 07:45:28.249" level="INFO">${value} = None</msg>
<status status="PASS" starttime="20210105 07:45:28.231" endtime="20210105 07:45:28.249"></status>
</kw>
<kw name="Run Keyword If" library="BuiltIn">
<doc>Runs the given keyword with the given arguments, if ``condition`` is true.</doc>
<arguments>
<arg>'${status}' == 'PASS'</arg>
<arg>Log in</arg>
<arg>${user_email}</arg>
<arg>${user_pass}</arg>
</arguments>
<kw name="Log in" library="log_in">
<arguments>
<arg>${user_email}</arg>
<arg>${user_pass}</arg>
</arguments>
<kw name="Wait Until Page Contains" library="SeleniumLibrary">
<doc>Waits until ``text`` appears on the current page.</doc>
<arguments>
<arg>Authentication</arg>
</arguments>
<status status="PASS" starttime="20210105 07:45:28.252" endtime="20210105 07:45:28.263"></status>
</kw>
<kw name="Input Text" library="SeleniumLibrary">
<doc>Types the given ``text`` into the text field identified by ``locator``.</doc>
<arguments>
<arg>id:email</arg>
<arg>${user_email}</arg>
<arg>clear=True</arg>
</arguments>
<msg timestamp="20210105 07:45:28.264" level="INFO">Typing text '''' into text field 'id:email'.</msg>
<status status="PASS" starttime="20210105 07:45:28.263" endtime="20210105 07:45:28.352"></status>
</kw>
<kw name="Input Text" library="SeleniumLibrary">
<doc>Types the given ``text`` into the text field identified by ``locator``.</doc>
<arguments>
<arg>id:passwd</arg>
<arg>${user_pass}</arg>
<arg>clear=True</arg>
</arguments>
<msg timestamp="20210105 07:45:28.353" level="INFO">Typing text '''' into text field 'id:passwd'.</msg>
<status status="PASS" starttime="20210105 07:45:28.352" endtime="20210105 07:45:28.447"></status>
</kw>
<kw name="Press Keys" library="SeleniumLibrary">
<doc>Simulates the user pressing key(s) to an element or on the active browser.</doc>
<arguments>
<arg>id:SubmitLogin</arg>
<arg>RETURN</arg>
</arguments>
<msg timestamp="20210105 07:45:28.448" level="INFO">Sending key(s) ('RETURN',) to id:SubmitLogin element.</msg>
<msg timestamp="20210105 07:45:30.516" level="INFO">Pressing special key RETURN to element.</msg>
<msg timestamp="20210105 07:45:30.516" level="INFO">Releasing special key RETURN.</msg>
<status status="PASS" starttime="20210105 07:45:28.447" endtime="20210105 07:45:30.525"></status>
</kw>
<status status="PASS" starttime="20210105 07:45:28.250" endtime="20210105 07:45:30.525"></status>
</kw>
<status status="PASS" starttime="20210105 07:45:28.250" endtime="20210105 07:45:30.525"></status>
</kw>
<status status="PASS" starttime="20210105 07:45:26.733" endtime="20210105 07:45:30.525"></status>
</kw>
<kw name="Page Should Contain" library="SeleniumLibrary">
<doc>Verifies that current page contains ``text``.</doc>
<arguments>
<arg>error</arg>
</arguments>
<msg timestamp="20210105 07:45:30.542" level="INFO">Current page contains text 'error'.</msg>
<status status="PASS" starttime="20210105 07:45:30.526" endtime="20210105 07:45:30.543"></status>
</kw>
<doc>Logging in with empty parameters</doc>
<tags>
<tag>Component Faulty</tag>
</tags>
<status status="PASS" starttime="20210105 07:45:26.732" endtime="20210105 07:45:30.543" critical="yes"></status>
</test>
<test id="s1-t6" name="Faulty Multiple Log ins">
<kw name="Log in user" library="log_in">
<arguments>
<arg>${email_1}</arg>
<arg>${pass_1}</arg>
</arguments>
<kw name="Go To" library="SeleniumLibrary">
<doc>Navigates the current browser window to the provided ``url``.</doc>
<arguments>
<arg>${login_page}</arg>
</arguments>
<msg timestamp="20210105 07:45:30.545" level="INFO">Opening url 'http://automationpractice.com/index.php?controller=authentication&amp;back=my-account'</msg>
<status status="PASS" starttime="20210105 07:45:30.545" endtime="20210105 07:45:32.061"></status>
</kw>
<kw name="Run Keyword And Ignore Error" library="BuiltIn">
<doc>Runs the given keyword with the given arguments and ignores possible error.</doc>
<arguments>
<arg>Page should contain</arg>
<arg>Sign in</arg>
</arguments>
<assign>
<var>${status}</var>
<var>${value}</var>
</assign>
<kw name="Page Should Contain" library="SeleniumLibrary">
<doc>Verifies that current page contains ``text``.</doc>
<arguments>
<arg>Sign in</arg>
</arguments>
<msg timestamp="20210105 07:45:32.088" level="INFO">Current page contains text 'Sign in'.</msg>
<status status="PASS" starttime="20210105 07:45:32.062" endtime="20210105 07:45:32.088"></status>
</kw>
<msg timestamp="20210105 07:45:32.088" level="INFO">${status} = PASS</msg>
<msg timestamp="20210105 07:45:32.089" level="INFO">${value} = None</msg>
<status status="PASS" starttime="20210105 07:45:32.062" endtime="20210105 07:45:32.089"></status>
</kw>
<kw name="Run Keyword If" library="BuiltIn">
<doc>Runs the given keyword with the given arguments, if ``condition`` is true.</doc>
<arguments>
<arg>'${status}' == 'PASS'</arg>
<arg>Log in</arg>
<arg>${user_email}</arg>
<arg>${user_pass}</arg>
</arguments>
<kw name="Log in" library="log_in">
<arguments>
<arg>${user_email}</arg>
<arg>${user_pass}</arg>
</arguments>
<kw name="Wait Until Page Contains" library="SeleniumLibrary">
<doc>Waits until ``text`` appears on the current page.</doc>
<arguments>
<arg>Authentication</arg>
</arguments>
<status status="PASS" starttime="20210105 07:45:32.090" endtime="20210105 07:45:32.101"></status>
</kw>
<kw name="Input Text" library="SeleniumLibrary">
<doc>Types the given ``text`` into the text field identified by ``locator``.</doc>
<arguments>
<arg>id:email</arg>
<arg>${user_email}</arg>
<arg>clear=True</arg>
</arguments>
<msg timestamp="20210105 07:45:32.101" level="INFO">Typing text 'test_1@test.com' into text field 'id:email'.</msg>
<status status="PASS" starttime="20210105 07:45:32.101" endtime="20210105 07:45:32.205"></status>
</kw>
<kw name="Input Text" library="SeleniumLibrary">
<doc>Types the given ``text`` into the text field identified by ``locator``.</doc>
<arguments>
<arg>id:passwd</arg>
<arg>${user_pass}</arg>
<arg>clear=True</arg>
</arguments>
<msg timestamp="20210105 07:45:32.206" level="INFO">Typing text 'robotframeworkpass' into text field 'id:passwd'.</msg>
<status status="PASS" starttime="20210105 07:45:32.205" endtime="20210105 07:45:32.322"></status>
</kw>
<kw name="Press Keys" library="SeleniumLibrary">
<doc>Simulates the user pressing key(s) to an element or on the active browser.</doc>
<arguments>
<arg>id:SubmitLogin</arg>
<arg>RETURN</arg>
</arguments>
<msg timestamp="20210105 07:45:32.323" level="INFO">Sending key(s) ('RETURN',) to id:SubmitLogin element.</msg>
<msg timestamp="20210105 07:45:34.809" level="INFO">Pressing special key RETURN to element.</msg>
<msg timestamp="20210105 07:45:34.809" level="INFO">Releasing special key RETURN.</msg>
<status status="PASS" starttime="20210105 07:45:32.322" endtime="20210105 07:45:34.818"></status>
</kw>
<status status="PASS" starttime="20210105 07:45:32.089" endtime="20210105 07:45:34.818"></status>
</kw>
<status status="PASS" starttime="20210105 07:45:32.089" endtime="20210105 07:45:34.818"></status>
</kw>
<status status="PASS" starttime="20210105 07:45:30.545" endtime="20210105 07:45:34.818"></status>
</kw>
<kw name="Page Should Not Contain" library="SeleniumLibrary">
<doc>Verifies the current page does not contain ``text``.</doc>
<arguments>
<arg>error</arg>
</arguments>
<msg timestamp="20210105 07:45:34.850" level="INFO">Current page does not contain text 'error'.</msg>
<status status="PASS" starttime="20210105 07:45:34.818" endtime="20210105 07:45:34.850"></status>
</kw>
<kw name="Log in user" library="log_in">
<arguments>
<arg>${email_1}</arg>
<arg>${pass_1}</arg>
</arguments>
<kw name="Go To" library="SeleniumLibrary">
<doc>Navigates the current browser window to the provided ``url``.</doc>
<arguments>
<arg>${login_page}</arg>
</arguments>
<msg timestamp="20210105 07:45:34.852" level="INFO">Opening url 'http://automationpractice.com/index.php?controller=authentication&amp;back=my-account'</msg>
<status status="PASS" starttime="20210105 07:45:34.851" endtime="20210105 07:45:36.970"></status>
</kw>
<kw name="Run Keyword And Ignore Error" library="BuiltIn">
<doc>Runs the given keyword with the given arguments and ignores possible error.</doc>
<arguments>
<arg>Page should contain</arg>
<arg>Sign in</arg>
</arguments>
<assign>
<var>${status}</var>
<var>${value}</var>
</assign>
<kw name="Page Should Contain" library="SeleniumLibrary">
<doc>Verifies that current page contains ``text``.</doc>
<arguments>
<arg>Sign in</arg>
</arguments>
<kw name="Capture Page Screenshot" library="SeleniumLibrary">
<doc>Takes a screenshot of the current page and embeds it into a log file.</doc>
<msg timestamp="20210105 07:45:37.164" level="INFO" html="yes">&lt;/td&gt;&lt;/tr&gt;&lt;tr&gt;&lt;td colspan="3"&gt;&lt;a href="selenium-screenshot-1.png"&gt;&lt;img src="selenium-screenshot-1.png" width="800px"&gt;&lt;/a&gt;</msg>
<status status="PASS" starttime="20210105 07:45:37.006" endtime="20210105 07:45:37.165"></status>
</kw>
<msg timestamp="20210105 07:45:37.166" level="FAIL">Page should have contained text 'Sign in' but did not.</msg>
<status status="FAIL" starttime="20210105 07:45:36.971" endtime="20210105 07:45:37.166"></status>
</kw>
<msg timestamp="20210105 07:45:37.166" level="INFO">${status} = FAIL</msg>
<msg timestamp="20210105 07:45:37.166" level="INFO">${value} = Page should have contained text 'Sign in' but did not.</msg>
<status status="PASS" starttime="20210105 07:45:36.970" endtime="20210105 07:45:37.166"></status>
</kw>
<kw name="Run Keyword If" library="BuiltIn">
<doc>Runs the given keyword with the given arguments, if ``condition`` is true.</doc>
<arguments>
<arg>'${status}' == 'PASS'</arg>
<arg>Log in</arg>
<arg>${user_email}</arg>
<arg>${user_pass}</arg>
</arguments>
<status status="PASS" starttime="20210105 07:45:37.166" endtime="20210105 07:45:37.166"></status>
</kw>
<status status="PASS" starttime="20210105 07:45:34.851" endtime="20210105 07:45:37.166"></status>
</kw>
<kw name="Page Should Not Contain" library="SeleniumLibrary">
<doc>Verifies the current page does not contain ``text``.</doc>
<arguments>
<arg>error</arg>
</arguments>
<msg timestamp="20210105 07:45:37.183" level="INFO">Current page does not contain text 'error'.</msg>
<status status="PASS" starttime="20210105 07:45:37.167" endtime="20210105 07:45:37.183"></status>
</kw>
<doc>Logging in and try to log in again.</doc>
<tags>
<tag>Component Faulty</tag>
</tags>
<status status="PASS" starttime="20210105 07:45:30.544" endtime="20210105 07:45:37.184" critical="yes"></status>
</test>
<test id="s1-t7" name="Log out when you are not logged in">
<kw name="Log out user" library="log_out">
<kw name="Run Keyword And Ignore Error" library="BuiltIn">
<doc>Runs the given keyword with the given arguments and ignores possible error.</doc>
<arguments>
<arg>Page should contain</arg>
<arg>Sign out</arg>
</arguments>
<assign>
<var>${status}</var>
<var>${value}</var>
</assign>
<kw name="Page Should Contain" library="SeleniumLibrary">
<doc>Verifies that current page contains ``text``.</doc>
<arguments>
<arg>Sign out</arg>
</arguments>
<msg timestamp="20210105 07:45:37.205" level="INFO">Current page contains text 'Sign out'.</msg>
<status status="PASS" starttime="20210105 07:45:37.187" endtime="20210105 07:45:37.205"></status>
</kw>
<msg timestamp="20210105 07:45:37.206" level="INFO">${status} = PASS</msg>
<msg timestamp="20210105 07:45:37.206" level="INFO">${value} = None</msg>
<status status="PASS" starttime="20210105 07:45:37.186" endtime="20210105 07:45:37.206"></status>
</kw>
<kw name="Run Keyword If" library="BuiltIn">
<doc>Runs the given keyword with the given arguments, if ``condition`` is true.</doc>
<arguments>
<arg>'${status}' == 'PASS'</arg>
<arg>Click Element</arg>
<arg>xpath://*[@id="header"]/div[2]/div/div/nav/div[2]/a</arg>
</arguments>
<kw name="Click Element" library="SeleniumLibrary">
<doc>Click the element identified by ``locator``.</doc>
<arguments>
<arg>xpath://*[@id="header"]/div[2]/div/div/nav/div[2]/a</arg>
</arguments>
<msg timestamp="20210105 07:45:37.207" level="INFO">Clicking element 'xpath://*[@id="header"]/div[2]/div/div/nav/div[2]/a'.</msg>
<status status="PASS" starttime="20210105 07:45:37.206" endtime="20210105 07:45:40.087"></status>
</kw>
<status status="PASS" starttime="20210105 07:45:37.206" endtime="20210105 07:45:40.087"></status>
</kw>
<status status="PASS" starttime="20210105 07:45:37.185" endtime="20210105 07:45:40.088"></status>
</kw>
<doc>Log out</doc>
<tags>
<tag>Component Faulty</tag>
</tags>
<status status="PASS" starttime="20210105 07:45:37.184" endtime="20210105 07:45:40.088" critical="yes"></status>
</test>
<test id="s1-t8" name="Log In and Out Test.">
<kw name="Log in user" library="log_in">
<arguments>
<arg>${email_1}</arg>
<arg>${pass_1}</arg>
</arguments>
<kw name="Go To" library="SeleniumLibrary">
<doc>Navigates the current browser window to the provided ``url``.</doc>
<arguments>
<arg>${login_page}</arg>
</arguments>
<msg timestamp="20210105 07:45:40.091" level="INFO">Opening url 'http://automationpractice.com/index.php?controller=authentication&amp;back=my-account'</msg>
<status status="PASS" starttime="20210105 07:45:40.091" endtime="20210105 07:45:42.112"></status>
</kw>
<kw name="Run Keyword And Ignore Error" library="BuiltIn">
<doc>Runs the given keyword with the given arguments and ignores possible error.</doc>
<arguments>
<arg>Page should contain</arg>
<arg>Sign in</arg>
</arguments>
<assign>
<var>${status}</var>
<var>${value}</var>
</assign>
<kw name="Page Should Contain" library="SeleniumLibrary">
<doc>Verifies that current page contains ``text``.</doc>
<arguments>
<arg>Sign in</arg>
</arguments>
<msg timestamp="20210105 07:45:42.142" level="INFO">Current page contains text 'Sign in'.</msg>
<status status="PASS" starttime="20210105 07:45:42.113" endtime="20210105 07:45:42.143"></status>
</kw>
<msg timestamp="20210105 07:45:42.143" level="INFO">${status} = PASS</msg>
<msg timestamp="20210105 07:45:42.144" level="INFO">${value} = None</msg>
<status status="PASS" starttime="20210105 07:45:42.112" endtime="20210105 07:45:42.144"></status>
</kw>
<kw name="Run Keyword If" library="BuiltIn">
<doc>Runs the given keyword with the given arguments, if ``condition`` is true.</doc>
<arguments>
<arg>'${status}' == 'PASS'</arg>
<arg>Log in</arg>
<arg>${user_email}</arg>
<arg>${user_pass}</arg>
</arguments>
<kw name="Log in" library="log_in">
<arguments>
<arg>${user_email}</arg>
<arg>${user_pass}</arg>
</arguments>
<kw name="Wait Until Page Contains" library="SeleniumLibrary">
<doc>Waits until ``text`` appears on the current page.</doc>
<arguments>
<arg>Authentication</arg>
</arguments>
<status status="PASS" starttime="20210105 07:45:42.146" endtime="20210105 07:45:42.167"></status>
</kw>
<kw name="Input Text" library="SeleniumLibrary">
<doc>Types the given ``text`` into the text field identified by ``locator``.</doc>
<arguments>
<arg>id:email</arg>
<arg>${user_email}</arg>
<arg>clear=True</arg>
</arguments>
<msg timestamp="20210105 07:45:42.168" level="INFO">Typing text 'test_1@test.com' into text field 'id:email'.</msg>
<status status="PASS" starttime="20210105 07:45:42.167" endtime="20210105 07:45:42.310"></status>
</kw>
<kw name="Input Text" library="SeleniumLibrary">
<doc>Types the given ``text`` into the text field identified by ``locator``.</doc>
<arguments>
<arg>id:passwd</arg>
<arg>${user_pass}</arg>
<arg>clear=True</arg>
</arguments>
<msg timestamp="20210105 07:45:42.311" level="INFO">Typing text 'robotframeworkpass' into text field 'id:passwd'.</msg>
<status status="PASS" starttime="20210105 07:45:42.310" endtime="20210105 07:45:42.484"></status>
</kw>
<kw name="Press Keys" library="SeleniumLibrary">
<doc>Simulates the user pressing key(s) to an element or on the active browser.</doc>
<arguments>
<arg>id:SubmitLogin</arg>
<arg>RETURN</arg>
</arguments>
<msg timestamp="20210105 07:45:42.485" level="INFO">Sending key(s) ('RETURN',) to id:SubmitLogin element.</msg>
<msg timestamp="20210105 07:45:45.462" level="INFO">Pressing special key RETURN to element.</msg>
<msg timestamp="20210105 07:45:45.462" level="INFO">Releasing special key RETURN.</msg>
<status status="PASS" starttime="20210105 07:45:42.484" endtime="20210105 07:45:45.472"></status>
</kw>
<status status="PASS" starttime="20210105 07:45:42.145" endtime="20210105 07:45:45.472"></status>
</kw>
<status status="PASS" starttime="20210105 07:45:42.144" endtime="20210105 07:45:45.472"></status>
</kw>
<status status="PASS" starttime="20210105 07:45:40.090" endtime="20210105 07:45:45.472"></status>
</kw>
<kw name="Page Should Not Contain" library="SeleniumLibrary">
<doc>Verifies the current page does not contain ``text``.</doc>
<arguments>
<arg>error</arg>
</arguments>
<msg timestamp="20210105 07:45:45.499" level="INFO">Current page does not contain text 'error'.</msg>
<status status="PASS" starttime="20210105 07:45:45.473" endtime="20210105 07:45:45.499"></status>
</kw>
<kw name="Log out user" library="log_out">
<kw name="Run Keyword And Ignore Error" library="BuiltIn">
<doc>Runs the given keyword with the given arguments and ignores possible error.</doc>
<arguments>
<arg>Page should contain</arg>
<arg>Sign out</arg>
</arguments>
<assign>
<var>${status}</var>
<var>${value}</var>
</assign>
<kw name="Page Should Contain" library="SeleniumLibrary">
<doc>Verifies that current page contains ``text``.</doc>
<arguments>
<arg>Sign out</arg>
</arguments>
<msg timestamp="20210105 07:45:45.513" level="INFO">Current page contains text 'Sign out'.</msg>
<status status="PASS" starttime="20210105 07:45:45.500" endtime="20210105 07:45:45.513"></status>
</kw>
<msg timestamp="20210105 07:45:45.514" level="INFO">${status} = PASS</msg>
<msg timestamp="20210105 07:45:45.514" level="INFO">${value} = None</msg>
<status status="PASS" starttime="20210105 07:45:45.500" endtime="20210105 07:45:45.514"></status>
</kw>
<kw name="Run Keyword If" library="BuiltIn">
<doc>Runs the given keyword with the given arguments, if ``condition`` is true.</doc>
<arguments>
<arg>'${status}' == 'PASS'</arg>
<arg>Click Element</arg>
<arg>xpath://*[@id="header"]/div[2]/div/div/nav/div[2]/a</arg>
</arguments>
<kw name="Click Element" library="SeleniumLibrary">
<doc>Click the element identified by ``locator``.</doc>
<arguments>
<arg>xpath://*[@id="header"]/div[2]/div/div/nav/div[2]/a</arg>
</arguments>
<msg timestamp="20210105 07:45:45.515" level="INFO">Clicking element 'xpath://*[@id="header"]/div[2]/div/div/nav/div[2]/a'.</msg>
<status status="PASS" starttime="20210105 07:45:45.515" endtime="20210105 07:45:48.338"></status>
</kw>
<status status="PASS" starttime="20210105 07:45:45.514" endtime="20210105 07:45:48.338"></status>
</kw>
<status status="PASS" starttime="20210105 07:45:45.499" endtime="20210105 07:45:48.339"></status>
</kw>
<doc>Logging in and then out</doc>
<tags>
<tag>Integrate</tag>
</tags>
<status status="PASS" starttime="20210105 07:45:40.089" endtime="20210105 07:45:48.339" critical="yes"></status>
</test>
<test id="s1-t9" name="Excessive Consecutive Log ins and outs">
<kw name="${i} IN RANGE [ 999999 ]" type="for">
<kw name="${i} = 0" type="foritem">
<kw name="Log" library="BuiltIn">
<doc>Logs the given message with the given level.</doc>
<arguments>
<arg>trial: ${i}</arg>
</arguments>
<msg timestamp="20210105 07:45:48.383" level="INFO">trial: 0</msg>
<status status="PASS" starttime="20210105 07:45:48.382" endtime="20210105 07:45:48.383"></status>
</kw>
<kw name="Exit For Loop If" library="BuiltIn">
<doc>Stops executing the enclosing for loop if the ``condition`` is true.</doc>
<arguments>
<arg>${i} == 9</arg>
</arguments>
<status status="PASS" starttime="20210105 07:45:48.383" endtime="20210105 07:45:48.384"></status>
</kw>
<kw name="Log in user" library="log_in">
<arguments>
<arg>${email_1}</arg>
<arg>${pass_1}</arg>
</arguments>
<kw name="Go To" library="SeleniumLibrary">
<doc>Navigates the current browser window to the provided ``url``.</doc>
<arguments>
<arg>${login_page}</arg>
</arguments>
<msg timestamp="20210105 07:45:48.385" level="INFO">Opening url 'http://automationpractice.com/index.php?controller=authentication&amp;back=my-account'</msg>
<status status="PASS" starttime="20210105 07:45:48.385" endtime="20210105 07:45:50.358"></status>
</kw>
<kw name="Run Keyword And Ignore Error" library="BuiltIn">
<doc>Runs the given keyword with the given arguments and ignores possible error.</doc>
<arguments>
<arg>Page should contain</arg>
<arg>Sign in</arg>
</arguments>
<assign>
<var>${status}</var>
<var>${value}</var>
</assign>
<kw name="Page Should Contain" library="SeleniumLibrary">
<doc>Verifies that current page contains ``text``.</doc>
<arguments>
<arg>Sign in</arg>
</arguments>
<msg timestamp="20210105 07:45:50.393" level="INFO">Current page contains text 'Sign in'.</msg>
<status status="PASS" starttime="20210105 07:45:50.359" endtime="20210105 07:45:50.394"></status>
</kw>
<msg timestamp="20210105 07:45:50.394" level="INFO">${status} = PASS</msg>
<msg timestamp="20210105 07:45:50.394" level="INFO">${value} = None</msg>
<status status="PASS" starttime="20210105 07:45:50.359" endtime="20210105 07:45:50.394"></status>
</kw>
<kw name="Run Keyword If" library="BuiltIn">
<doc>Runs the given keyword with the given arguments, if ``condition`` is true.</doc>
<arguments>
<arg>'${status}' == 'PASS'</arg>
<arg>Log in</arg>
<arg>${user_email}</arg>
<arg>${user_pass}</arg>
</arguments>
<kw name="Log in" library="log_in">
<arguments>
<arg>${user_email}</arg>
<arg>${user_pass}</arg>
</arguments>
<kw name="Wait Until Page Contains" library="SeleniumLibrary">
<doc>Waits until ``text`` appears on the current page.</doc>
<arguments>
<arg>Authentication</arg>
</arguments>
<status status="PASS" starttime="20210105 07:45:50.395" endtime="20210105 07:45:50.409"></status>
</kw>
<kw name="Input Text" library="SeleniumLibrary">
<doc>Types the given ``text`` into the text field identified by ``locator``.</doc>
<arguments>
<arg>id:email</arg>
<arg>${user_email}</arg>
<arg>clear=True</arg>
</arguments>
<msg timestamp="20210105 07:45:50.410" level="INFO">Typing text 'test_1@test.com' into text field 'id:email'.</msg>
<status status="PASS" starttime="20210105 07:45:50.409" endtime="20210105 07:45:50.523"></status>
</kw>
<kw name="Input Text" library="SeleniumLibrary">
<doc>Types the given ``text`` into the text field identified by ``locator``.</doc>
<arguments>
<arg>id:passwd</arg>
<arg>${user_pass}</arg>
<arg>clear=True</arg>
</arguments>
<msg timestamp="20210105 07:45:50.524" level="INFO">Typing text 'robotframeworkpass' into text field 'id:passwd'.</msg>
<status status="PASS" starttime="20210105 07:45:50.523" endtime="20210105 07:45:50.653"></status>
</kw>
<kw name="Press Keys" library="SeleniumLibrary">
<doc>Simulates the user pressing key(s) to an element or on the active browser.</doc>
<arguments>
<arg>id:SubmitLogin</arg>
<arg>RETURN</arg>
</arguments>
<msg timestamp="20210105 07:45:50.654" level="INFO">Sending key(s) ('RETURN',) to id:SubmitLogin element.</msg>
<msg timestamp="20210105 07:45:52.938" level="INFO">Pressing special key RETURN to element.</msg>
<msg timestamp="20210105 07:45:52.938" level="INFO">Releasing special key RETURN.</msg>
<status status="PASS" starttime="20210105 07:45:50.653" endtime="20210105 07:45:52.948"></status>
</kw>
<status status="PASS" starttime="20210105 07:45:50.394" endtime="20210105 07:45:52.949"></status>
</kw>
<status status="PASS" starttime="20210105 07:45:50.394" endtime="20210105 07:45:52.949"></status>
</kw>
<status status="PASS" starttime="20210105 07:45:48.384" endtime="20210105 07:45:52.949"></status>
</kw>
<kw name="Page Should Not Contain" library="SeleniumLibrary">
<doc>Verifies the current page does not contain ``text``.</doc>
<arguments>
<arg>error</arg>
</arguments>
<msg timestamp="20210105 07:45:52.985" level="INFO">Current page does not contain text 'error'.</msg>
<status status="PASS" starttime="20210105 07:45:52.949" endtime="20210105 07:45:52.985"></status>
</kw>
<kw name="Log out user" library="log_out">
<kw name="Run Keyword And Ignore Error" library="BuiltIn">
<doc>Runs the given keyword with the given arguments and ignores possible error.</doc>
<arguments>
<arg>Page should contain</arg>
<arg>Sign out</arg>
</arguments>
<assign>
<var>${status}</var>
<var>${value}</var>
</assign>
<kw name="Page Should Contain" library="SeleniumLibrary">
<doc>Verifies that current page contains ``text``.</doc>
<arguments>
<arg>Sign out</arg>
</arguments>
<msg timestamp="20210105 07:45:53.005" level="INFO">Current page contains text 'Sign out'.</msg>
<status status="PASS" starttime="20210105 07:45:52.986" endtime="20210105 07:45:53.006"></status>
</kw>
<msg timestamp="20210105 07:45:53.006" level="INFO">${status} = PASS</msg>
<msg timestamp="20210105 07:45:53.006" level="INFO">${value} = None</msg>
<status status="PASS" starttime="20210105 07:45:52.985" endtime="20210105 07:45:53.006"></status>
</kw>
<kw name="Run Keyword If" library="BuiltIn">
<doc>Runs the given keyword with the given arguments, if ``condition`` is true.</doc>
<arguments>
<arg>'${status}' == 'PASS'</arg>
<arg>Click Element</arg>
<arg>xpath://*[@id="header"]/div[2]/div/div/nav/div[2]/a</arg>
</arguments>
<kw name="Click Element" library="SeleniumLibrary">
<doc>Click the element identified by ``locator``.</doc>
<arguments>
<arg>xpath://*[@id="header"]/div[2]/div/div/nav/div[2]/a</arg>
</arguments>
<msg timestamp="20210105 07:45:53.007" level="INFO">Clicking element 'xpath://*[@id="header"]/div[2]/div/div/nav/div[2]/a'.</msg>
<status status="PASS" starttime="20210105 07:45:53.006" endtime="20210105 07:45:55.635"></status>
</kw>
<status status="PASS" starttime="20210105 07:45:53.006" endtime="20210105 07:45:55.635"></status>
</kw>
<status status="PASS" starttime="20210105 07:45:52.985" endtime="20210105 07:45:55.635"></status>
</kw>
<status status="PASS" starttime="20210105 07:45:48.382" endtime="20210105 07:45:55.635"></status>
</kw>
<kw name="${i} = 1" type="foritem">
<kw name="Log" library="BuiltIn">
<doc>Logs the given message with the given level.</doc>
<arguments>
<arg>trial: ${i}</arg>
</arguments>
<msg timestamp="20210105 07:45:55.636" level="INFO">trial: 1</msg>
<status status="PASS" starttime="20210105 07:45:55.635" endtime="20210105 07:45:55.636"></status>
</kw>
<kw name="Exit For Loop If" library="BuiltIn">
<doc>Stops executing the enclosing for loop if the ``condition`` is true.</doc>
<arguments>
<arg>${i} == 9</arg>
</arguments>
<status status="PASS" starttime="20210105 07:45:55.636" endtime="20210105 07:45:55.636"></status>
</kw>
<kw name="Log in user" library="log_in">
<arguments>
<arg>${email_1}</arg>
<arg>${pass_1}</arg>
</arguments>
<kw name="Go To" library="SeleniumLibrary">
<doc>Navigates the current browser window to the provided ``url``.</doc>
<arguments>
<arg>${login_page}</arg>
</arguments>
<msg timestamp="20210105 07:45:55.637" level="INFO">Opening url 'http://automationpractice.com/index.php?controller=authentication&amp;back=my-account'</msg>
<status status="PASS" starttime="20210105 07:45:55.637" endtime="20210105 07:45:57.098"></status>
</kw>
<kw name="Run Keyword And Ignore Error" library="BuiltIn">
<doc>Runs the given keyword with the given arguments and ignores possible error.</doc>
<arguments>
<arg>Page should contain</arg>
<arg>Sign in</arg>
</arguments>
<assign>
<var>${status}</var>
<var>${value}</var>
</assign>
<kw name="Page Should Contain" library="SeleniumLibrary">
<doc>Verifies that current page contains ``text``.</doc>
<arguments>
<arg>Sign in</arg>
</arguments>
<msg timestamp="20210105 07:45:57.118" level="INFO">Current page contains text 'Sign in'.</msg>
<status status="PASS" starttime="20210105 07:45:57.099" endtime="20210105 07:45:57.118"></status>
</kw>
<msg timestamp="20210105 07:45:57.118" level="INFO">${status} = PASS</msg>
<msg timestamp="20210105 07:45:57.118" level="INFO">${value} = None</msg>
<status status="PASS" starttime="20210105 07:45:57.099" endtime="20210105 07:45:57.118"></status>
</kw>
<kw name="Run Keyword If" library="BuiltIn">
<doc>Runs the given keyword with the given arguments, if ``condition`` is true.</doc>
<arguments>
<arg>'${status}' == 'PASS'</arg>
<arg>Log in</arg>
<arg>${user_email}</arg>
<arg>${user_pass}</arg>
</arguments>
<kw name="Log in" library="log_in">
<arguments>
<arg>${user_email}</arg>
<arg>${user_pass}</arg>
</arguments>
<kw name="Wait Until Page Contains" library="SeleniumLibrary">
<doc>Waits until ``text`` appears on the current page.</doc>
<arguments>
<arg>Authentication</arg>
</arguments>
<status status="PASS" starttime="20210105 07:45:57.119" endtime="20210105 07:45:57.131"></status>
</kw>
<kw name="Input Text" library="SeleniumLibrary">
<doc>Types the given ``text`` into the text field identified by ``locator``.</doc>
<arguments>
<arg>id:email</arg>
<arg>${user_email}</arg>
<arg>clear=True</arg>
</arguments>
<msg timestamp="20210105 07:45:57.131" level="INFO">Typing text 'test_1@test.com' into text field 'id:email'.</msg>
<status status="PASS" starttime="20210105 07:45:57.131" endtime="20210105 07:45:57.233"></status>
</kw>
<kw name="Input Text" library="SeleniumLibrary">
<doc>Types the given ``text`` into the text field identified by ``locator``.</doc>
<arguments>
<arg>id:passwd</arg>
<arg>${user_pass}</arg>
<arg>clear=True</arg>
</arguments>
<msg timestamp="20210105 07:45:57.233" level="INFO">Typing text 'robotframeworkpass' into text field 'id:passwd'.</msg>
<status status="PASS" starttime="20210105 07:45:57.233" endtime="20210105 07:45:57.345"></status>
</kw>
<kw name="Press Keys" library="SeleniumLibrary">
<doc>Simulates the user pressing key(s) to an element or on the active browser.</doc>
<arguments>
<arg>id:SubmitLogin</arg>
<arg>RETURN</arg>
</arguments>
<msg timestamp="20210105 07:45:57.346" level="INFO">Sending key(s) ('RETURN',) to id:SubmitLogin element.</msg>
<msg timestamp="20210105 07:46:01.934" level="INFO">Pressing special key RETURN to element.</msg>
<msg timestamp="20210105 07:46:01.934" level="INFO">Releasing special key RETURN.</msg>
<status status="PASS" starttime="20210105 07:45:57.345" endtime="20210105 07:46:01.944"></status>
</kw>
<status status="PASS" starttime="20210105 07:45:57.119" endtime="20210105 07:46:01.944"></status>
</kw>
<status status="PASS" starttime="20210105 07:45:57.118" endtime="20210105 07:46:01.944"></status>
</kw>
<status status="PASS" starttime="20210105 07:45:55.636" endtime="20210105 07:46:01.944"></status>
</kw>
<kw name="Page Should Not Contain" library="SeleniumLibrary">
<doc>Verifies the current page does not contain ``text``.</doc>
<arguments>
<arg>error</arg>
</arguments>
<msg timestamp="20210105 07:46:01.967" level="INFO">Current page does not contain text 'error'.</msg>
<status status="PASS" starttime="20210105 07:46:01.945" endtime="20210105 07:46:01.967"></status>
</kw>
<kw name="Log out user" library="log_out">
<kw name="Run Keyword And Ignore Error" library="BuiltIn">
<doc>Runs the given keyword with the given arguments and ignores possible error.</doc>
<arguments>
<arg>Page should contain</arg>
<arg>Sign out</arg>
</arguments>
<assign>
<var>${status}</var>
<var>${value}</var>
</assign>
<kw name="Page Should Contain" library="SeleniumLibrary">
<doc>Verifies that current page contains ``text``.</doc>
<arguments>
<arg>Sign out</arg>
</arguments>
<msg timestamp="20210105 07:46:01.981" level="INFO">Current page contains text 'Sign out'.</msg>
<status status="PASS" starttime="20210105 07:46:01.968" endtime="20210105 07:46:01.981"></status>
</kw>
<msg timestamp="20210105 07:46:01.981" level="INFO">${status} = PASS</msg>
<msg timestamp="20210105 07:46:01.981" level="INFO">${value} = None</msg>
<status status="PASS" starttime="20210105 07:46:01.968" endtime="20210105 07:46:01.981"></status>
</kw>
<kw name="Run Keyword If" library="BuiltIn">
<doc>Runs the given keyword with the given arguments, if ``condition`` is true.</doc>
<arguments>
<arg>'${status}' == 'PASS'</arg>
<arg>Click Element</arg>
<arg>xpath://*[@id="header"]/div[2]/div/div/nav/div[2]/a</arg>
</arguments>
<kw name="Click Element" library="SeleniumLibrary">
<doc>Click the element identified by ``locator``.</doc>
<arguments>
<arg>xpath://*[@id="header"]/div[2]/div/div/nav/div[2]/a</arg>
</arguments>
<msg timestamp="20210105 07:46:01.982" level="INFO">Clicking element 'xpath://*[@id="header"]/div[2]/div/div/nav/div[2]/a'.</msg>
<status status="PASS" starttime="20210105 07:46:01.982" endtime="20210105 07:46:06.806"></status>
</kw>
<status status="PASS" starttime="20210105 07:46:01.981" endtime="20210105 07:46:06.806"></status>
</kw>
<status status="PASS" starttime="20210105 07:46:01.967" endtime="20210105 07:46:06.806"></status>
</kw>
<status status="PASS" starttime="20210105 07:45:55.635" endtime="20210105 07:46:06.806"></status>
</kw>
<kw name="${i} = 2" type="foritem">
<kw name="Log" library="BuiltIn">
<doc>Logs the given message with the given level.</doc>
<arguments>
<arg>trial: ${i}</arg>
</arguments>
<msg timestamp="20210105 07:46:06.807" level="INFO">trial: 2</msg>
<status status="PASS" starttime="20210105 07:46:06.807" endtime="20210105 07:46:06.807"></status>
</kw>
<kw name="Exit For Loop If" library="BuiltIn">
<doc>Stops executing the enclosing for loop if the ``condition`` is true.</doc>
<arguments>
<arg>${i} == 9</arg>
</arguments>
<status status="PASS" starttime="20210105 07:46:06.807" endtime="20210105 07:46:06.808"></status>
</kw>
<kw name="Log in user" library="log_in">
<arguments>
<arg>${email_1}</arg>
<arg>${pass_1}</arg>
</arguments>
<kw name="Go To" library="SeleniumLibrary">
<doc>Navigates the current browser window to the provided ``url``.</doc>
<arguments>
<arg>${login_page}</arg>
</arguments>
<msg timestamp="20210105 07:46:06.809" level="INFO">Opening url 'http://automationpractice.com/index.php?controller=authentication&amp;back=my-account'</msg>
<status status="PASS" starttime="20210105 07:46:06.809" endtime="20210105 07:46:16.090"></status>
</kw>
<kw name="Run Keyword And Ignore Error" library="BuiltIn">
<doc>Runs the given keyword with the given arguments and ignores possible error.</doc>
<arguments>
<arg>Page should contain</arg>
<arg>Sign in</arg>
</arguments>
<assign>
<var>${status}</var>
<var>${value}</var>
</assign>
<kw name="Page Should Contain" library="SeleniumLibrary">
<doc>Verifies that current page contains ``text``.</doc>
<arguments>
<arg>Sign in</arg>
</arguments>
<msg timestamp="20210105 07:46:16.111" level="INFO">Current page contains text 'Sign in'.</msg>
<status status="PASS" starttime="20210105 07:46:16.091" endtime="20210105 07:46:16.111"></status>
</kw>
<msg timestamp="20210105 07:46:16.112" level="INFO">${status} = PASS</msg>
<msg timestamp="20210105 07:46:16.112" level="INFO">${value} = None</msg>
<status status="PASS" starttime="20210105 07:46:16.090" endtime="20210105 07:46:16.112"></status>
</kw>
<kw name="Run Keyword If" library="BuiltIn">
<doc>Runs the given keyword with the given arguments, if ``condition`` is true.</doc>
<arguments>
<arg>'${status}' == 'PASS'</arg>
<arg>Log in</arg>
<arg>${user_email}</arg>
<arg>${user_pass}</arg>
</arguments>
<kw name="Log in" library="log_in">
<arguments>
<arg>${user_email}</arg>
<arg>${user_pass}</arg>
</arguments>
<kw name="Wait Until Page Contains" library="SeleniumLibrary">
<doc>Waits until ``text`` appears on the current page.</doc>
<arguments>
<arg>Authentication</arg>
</arguments>
<status status="PASS" starttime="20210105 07:46:16.114" endtime="20210105 07:46:16.129"></status>
</kw>
<kw name="Input Text" library="SeleniumLibrary">
<doc>Types the given ``text`` into the text field identified by ``locator``.</doc>
<arguments>
<arg>id:email</arg>
<arg>${user_email}</arg>
<arg>clear=True</arg>
</arguments>
<msg timestamp="20210105 07:46:16.130" level="INFO">Typing text 'test_1@test.com' into text field 'id:email'.</msg>
<status status="PASS" starttime="20210105 07:46:16.129" endtime="20210105 07:46:16.239"></status>
</kw>
<kw name="Input Text" library="SeleniumLibrary">
<doc>Types the given ``text`` into the text field identified by ``locator``.</doc>
<arguments>
<arg>id:passwd</arg>
<arg>${user_pass}</arg>
<arg>clear=True</arg>
</arguments>
<msg timestamp="20210105 07:46:16.240" level="INFO">Typing text 'robotframeworkpass' into text field 'id:passwd'.</msg>
<status status="PASS" starttime="20210105 07:46:16.240" endtime="20210105 07:46:16.365"></status>
</kw>
<kw name="Press Keys" library="SeleniumLibrary">
<doc>Simulates the user pressing key(s) to an element or on the active browser.</doc>
<arguments>
<arg>id:SubmitLogin</arg>
<arg>RETURN</arg>
</arguments>
<msg timestamp="20210105 07:46:16.367" level="INFO">Sending key(s) ('RETURN',) to id:SubmitLogin element.</msg>
<msg timestamp="20210105 07:46:22.901" level="INFO">Pressing special key RETURN to element.</msg>
<msg timestamp="20210105 07:46:22.901" level="INFO">Releasing special key RETURN.</msg>
<status status="PASS" starttime="20210105 07:46:16.366" endtime="20210105 07:46:22.915"></status>
</kw>
<status status="PASS" starttime="20210105 07:46:16.112" endtime="20210105 07:46:22.915"></status>
</kw>
<status status="PASS" starttime="20210105 07:46:16.112" endtime="20210105 07:46:22.915"></status>
</kw>
<status status="PASS" starttime="20210105 07:46:06.808" endtime="20210105 07:46:22.916"></status>
</kw>
<kw name="Page Should Not Contain" library="SeleniumLibrary">
<doc>Verifies the current page does not contain ``text``.</doc>
<arguments>
<arg>error</arg>
</arguments>
<msg timestamp="20210105 07:46:22.960" level="INFO">Current page does not contain text 'error'.</msg>
<status status="PASS" starttime="20210105 07:46:22.916" endtime="20210105 07:46:22.960"></status>
</kw>
<kw name="Log out user" library="log_out">
<kw name="Run Keyword And Ignore Error" library="BuiltIn">
<doc>Runs the given keyword with the given arguments and ignores possible error.</doc>
<arguments>
<arg>Page should contain</arg>
<arg>Sign out</arg>
</arguments>
<assign>
<var>${status}</var>
<var>${value}</var>
</assign>
<kw name="Page Should Contain" library="SeleniumLibrary">
<doc>Verifies that current page contains ``text``.</doc>
<arguments>
<arg>Sign out</arg>
</arguments>
<msg timestamp="20210105 07:46:22.980" level="INFO">Current page contains text 'Sign out'.</msg>
<status status="PASS" starttime="20210105 07:46:22.961" endtime="20210105 07:46:22.980"></status>
</kw>
<msg timestamp="20210105 07:46:22.980" level="INFO">${status} = PASS</msg>
<msg timestamp="20210105 07:46:22.980" level="INFO">${value} = None</msg>
<status status="PASS" starttime="20210105 07:46:22.960" endtime="20210105 07:46:22.980"></status>
</kw>
<kw name="Run Keyword If" library="BuiltIn">
<doc>Runs the given keyword with the given arguments, if ``condition`` is true.</doc>
<arguments>
<arg>'${status}' == 'PASS'</arg>
<arg>Click Element</arg>
<arg>xpath://*[@id="header"]/div[2]/div/div/nav/div[2]/a</arg>
</arguments>
<kw name="Click Element" library="SeleniumLibrary">
<doc>Click the element identified by ``locator``.</doc>
<arguments>
<arg>xpath://*[@id="header"]/div[2]/div/div/nav/div[2]/a</arg>
</arguments>
<msg timestamp="20210105 07:46:22.981" level="INFO">Clicking element 'xpath://*[@id="header"]/div[2]/div/div/nav/div[2]/a'.</msg>
<status status="PASS" starttime="20210105 07:46:22.981" endtime="20210105 07:46:25.635"></status>
</kw>
<status status="PASS" starttime="20210105 07:46:22.980" endtime="20210105 07:46:25.635"></status>
</kw>
<status status="PASS" starttime="20210105 07:46:22.960" endtime="20210105 07:46:25.635"></status>
</kw>
<status status="PASS" starttime="20210105 07:46:06.807" endtime="20210105 07:46:25.635"></status>
</kw>
<kw name="${i} = 3" type="foritem">
<kw name="Log" library="BuiltIn">
<doc>Logs the given message with the given level.</doc>
<arguments>
<arg>trial: ${i}</arg>
</arguments>
<msg timestamp="20210105 07:46:25.635" level="INFO">trial: 3</msg>
<status status="PASS" starttime="20210105 07:46:25.635" endtime="20210105 07:46:25.636"></status>
</kw>
<kw name="Exit For Loop If" library="BuiltIn">
<doc>Stops executing the enclosing for loop if the ``condition`` is true.</doc>
<arguments>
<arg>${i} == 9</arg>
</arguments>
<status status="PASS" starttime="20210105 07:46:25.636" endtime="20210105 07:46:25.636"></status>
</kw>
<kw name="Log in user" library="log_in">
<arguments>
<arg>${email_1}</arg>
<arg>${pass_1}</arg>
</arguments>
<kw name="Go To" library="SeleniumLibrary">
<doc>Navigates the current browser window to the provided ``url``.</doc>
<arguments>
<arg>${login_page}</arg>
</arguments>
<msg timestamp="20210105 07:46:25.637" level="INFO">Opening url 'http://automationpractice.com/index.php?controller=authentication&amp;back=my-account'</msg>
<status status="PASS" starttime="20210105 07:46:25.637" endtime="20210105 07:46:27.310"></status>
</kw>
<kw name="Run Keyword And Ignore Error" library="BuiltIn">
<doc>Runs the given keyword with the given arguments and ignores possible error.</doc>
<arguments>
<arg>Page should contain</arg>
<arg>Sign in</arg>
</arguments>
<assign>
<var>${status}</var>
<var>${value}</var>
</assign>
<kw name="Page Should Contain" library="SeleniumLibrary">
<doc>Verifies that current page contains ``text``.</doc>
<arguments>
<arg>Sign in</arg>
</arguments>
<msg timestamp="20210105 07:46:27.328" level="INFO">Current page contains text 'Sign in'.</msg>
<status status="PASS" starttime="20210105 07:46:27.311" endtime="20210105 07:46:27.328"></status>
</kw>
<msg timestamp="20210105 07:46:27.328" level="INFO">${status} = PASS</msg>
<msg timestamp="20210105 07:46:27.328" level="INFO">${value} = None</msg>
<status status="PASS" starttime="20210105 07:46:27.310" endtime="20210105 07:46:27.328"></status>
</kw>
<kw name="Run Keyword If" library="BuiltIn">
<doc>Runs the given keyword with the given arguments, if ``condition`` is true.</doc>
<arguments>
<arg>'${status}' == 'PASS'</arg>
<arg>Log in</arg>
<arg>${user_email}</arg>
<arg>${user_pass}</arg>
</arguments>
<kw name="Log in" library="log_in">
<arguments>
<arg>${user_email}</arg>
<arg>${user_pass}</arg>
</arguments>
<kw name="Wait Until Page Contains" library="SeleniumLibrary">
<doc>Waits until ``text`` appears on the current page.</doc>
<arguments>
<arg>Authentication</arg>
</arguments>
<status status="PASS" starttime="20210105 07:46:27.329" endtime="20210105 07:46:27.340"></status>
</kw>
<kw name="Input Text" library="SeleniumLibrary">
<doc>Types the given ``text`` into the text field identified by ``locator``.</doc>
<arguments>
<arg>id:email</arg>
<arg>${user_email}</arg>
<arg>clear=True</arg>
</arguments>
<msg timestamp="20210105 07:46:27.341" level="INFO">Typing text 'test_1@test.com' into text field 'id:email'.</msg>
<status status="PASS" starttime="20210105 07:46:27.340" endtime="20210105 07:46:27.448"></status>
</kw>
<kw name="Input Text" library="SeleniumLibrary">
<doc>Types the given ``text`` into the text field identified by ``locator``.</doc>
<arguments>
<arg>id:passwd</arg>
<arg>${user_pass}</arg>
<arg>clear=True</arg>
</arguments>
<msg timestamp="20210105 07:46:27.449" level="INFO">Typing text 'robotframeworkpass' into text field 'id:passwd'.</msg>
<status status="PASS" starttime="20210105 07:46:27.448" endtime="20210105 07:46:27.561"></status>
</kw>
<kw name="Press Keys" library="SeleniumLibrary">
<doc>Simulates the user pressing key(s) to an element or on the active browser.</doc>
<arguments>
<arg>id:SubmitLogin</arg>
<arg>RETURN</arg>
</arguments>
<msg timestamp="20210105 07:46:27.562" level="INFO">Sending key(s) ('RETURN',) to id:SubmitLogin element.</msg>
<msg timestamp="20210105 07:46:29.694" level="INFO">Pressing special key RETURN to element.</msg>
<msg timestamp="20210105 07:46:29.694" level="INFO">Releasing special key RETURN.</msg>
<status status="PASS" starttime="20210105 07:46:27.561" endtime="20210105 07:46:29.704"></status>
</kw>
<status status="PASS" starttime="20210105 07:46:27.329" endtime="20210105 07:46:29.704"></status>
</kw>
<status status="PASS" starttime="20210105 07:46:27.328" endtime="20210105 07:46:29.704"></status>
</kw>
<status status="PASS" starttime="20210105 07:46:25.636" endtime="20210105 07:46:29.705"></status>
</kw>
<kw name="Page Should Not Contain" library="SeleniumLibrary">
<doc>Verifies the current page does not contain ``text``.</doc>
<arguments>
<arg>error</arg>
</arguments>
<msg timestamp="20210105 07:46:29.728" level="INFO">Current page does not contain text 'error'.</msg>
<status status="PASS" starttime="20210105 07:46:29.705" endtime="20210105 07:46:29.728"></status>
</kw>
<kw name="Log out user" library="log_out">
<kw name="Run Keyword And Ignore Error" library="BuiltIn">
<doc>Runs the given keyword with the given arguments and ignores possible error.</doc>
<arguments>
<arg>Page should contain</arg>
<arg>Sign out</arg>
</arguments>
<assign>
<var>${status}</var>
<var>${value}</var>
</assign>
<kw name="Page Should Contain" library="SeleniumLibrary">
<doc>Verifies that current page contains ``text``.</doc>
<arguments>
<arg>Sign out</arg>
</arguments>
<msg timestamp="20210105 07:46:29.742" level="INFO">Current page contains text 'Sign out'.</msg>
<status status="PASS" starttime="20210105 07:46:29.729" endtime="20210105 07:46:29.743"></status>
</kw>
<msg timestamp="20210105 07:46:29.743" level="INFO">${status} = PASS</msg>
<msg timestamp="20210105 07:46:29.743" level="INFO">${value} = None</msg>
<status status="PASS" starttime="20210105 07:46:29.729" endtime="20210105 07:46:29.743"></status>
</kw>
<kw name="Run Keyword If" library="BuiltIn">
<doc>Runs the given keyword with the given arguments, if ``condition`` is true.</doc>
<arguments>
<arg>'${status}' == 'PASS'</arg>
<arg>Click Element</arg>
<arg>xpath://*[@id="header"]/div[2]/div/div/nav/div[2]/a</arg>
</arguments>
<kw name="Click Element" library="SeleniumLibrary">
<doc>Click the element identified by ``locator``.</doc>
<arguments>
<arg>xpath://*[@id="header"]/div[2]/div/div/nav/div[2]/a</arg>
</arguments>
<msg timestamp="20210105 07:46:29.744" level="INFO">Clicking element 'xpath://*[@id="header"]/div[2]/div/div/nav/div[2]/a'.</msg>
<status status="PASS" starttime="20210105 07:46:29.743" endtime="20210105 07:46:35.719"></status>
</kw>
<status status="PASS" starttime="20210105 07:46:29.743" endtime="20210105 07:46:35.719"></status>
</kw>
<status status="PASS" starttime="20210105 07:46:29.728" endtime="20210105 07:46:35.719"></status>
</kw>
<status status="PASS" starttime="20210105 07:46:25.635" endtime="20210105 07:46:35.719"></status>
</kw>
<kw name="${i} = 4" type="foritem">
<kw name="Log" library="BuiltIn">
<doc>Logs the given message with the given level.</doc>
<arguments>
<arg>trial: ${i}</arg>
</arguments>
<msg timestamp="20210105 07:46:35.719" level="INFO">trial: 4</msg>
<status status="PASS" starttime="20210105 07:46:35.719" endtime="20210105 07:46:35.720"></status>
</kw>
<kw name="Exit For Loop If" library="BuiltIn">
<doc>Stops executing the enclosing for loop if the ``condition`` is true.</doc>
<arguments>
<arg>${i} == 9</arg>
</arguments>
<status status="PASS" starttime="20210105 07:46:35.720" endtime="20210105 07:46:35.720"></status>
</kw>
<kw name="Log in user" library="log_in">
<arguments>
<arg>${email_1}</arg>
<arg>${pass_1}</arg>
</arguments>
<kw name="Go To" library="SeleniumLibrary">
<doc>Navigates the current browser window to the provided ``url``.</doc>
<arguments>
<arg>${login_page}</arg>
</arguments>
<msg timestamp="20210105 07:46:35.721" level="INFO">Opening url 'http://automationpractice.com/index.php?controller=authentication&amp;back=my-account'</msg>
<status status="PASS" starttime="20210105 07:46:35.721" endtime="20210105 07:46:37.165"></status>
</kw>
<kw name="Run Keyword And Ignore Error" library="BuiltIn">
<doc>Runs the given keyword with the given arguments and ignores possible error.</doc>
<arguments>
<arg>Page should contain</arg>
<arg>Sign in</arg>
</arguments>
<assign>
<var>${status}</var>
<var>${value}</var>
</assign>
<kw name="Page Should Contain" library="SeleniumLibrary">
<doc>Verifies that current page contains ``text``.</doc>
<arguments>
<arg>Sign in</arg>
</arguments>
<msg timestamp="20210105 07:46:37.182" level="INFO">Current page contains text 'Sign in'.</msg>
<status status="PASS" starttime="20210105 07:46:37.166" endtime="20210105 07:46:37.183"></status>
</kw>
<msg timestamp="20210105 07:46:37.183" level="INFO">${status} = PASS</msg>
<msg timestamp="20210105 07:46:37.183" level="INFO">${value} = None</msg>
<status status="PASS" starttime="20210105 07:46:37.166" endtime="20210105 07:46:37.183"></status>
</kw>
<kw name="Run Keyword If" library="BuiltIn">
<doc>Runs the given keyword with the given arguments, if ``condition`` is true.</doc>
<arguments>
<arg>'${status}' == 'PASS'</arg>
<arg>Log in</arg>
<arg>${user_email}</arg>
<arg>${user_pass}</arg>
</arguments>
<kw name="Log in" library="log_in">
<arguments>
<arg>${user_email}</arg>
<arg>${user_pass}</arg>
</arguments>
<kw name="Wait Until Page Contains" library="SeleniumLibrary">
<doc>Waits until ``text`` appears on the current page.</doc>
<arguments>
<arg>Authentication</arg>
</arguments>
<status status="PASS" starttime="20210105 07:46:37.184" endtime="20210105 07:46:37.199"></status>
</kw>
<kw name="Input Text" library="SeleniumLibrary">
<doc>Types the given ``text`` into the text field identified by ``locator``.</doc>
<arguments>
<arg>id:email</arg>
<arg>${user_email}</arg>
<arg>clear=True</arg>
</arguments>
<msg timestamp="20210105 07:46:37.199" level="INFO">Typing text 'test_1@test.com' into text field 'id:email'.</msg>
<status status="PASS" starttime="20210105 07:46:37.199" endtime="20210105 07:46:37.315"></status>
</kw>
<kw name="Input Text" library="SeleniumLibrary">
<doc>Types the given ``text`` into the text field identified by ``locator``.</doc>
<arguments>
<arg>id:passwd</arg>
<arg>${user_pass}</arg>
<arg>clear=True</arg>
</arguments>
<msg timestamp="20210105 07:46:37.316" level="INFO">Typing text 'robotframeworkpass' into text field 'id:passwd'.</msg>
<status status="PASS" starttime="20210105 07:46:37.315" endtime="20210105 07:46:37.431"></status>
</kw>
<kw name="Press Keys" library="SeleniumLibrary">
<doc>Simulates the user pressing key(s) to an element or on the active browser.</doc>
<arguments>
<arg>id:SubmitLogin</arg>
<arg>RETURN</arg>
</arguments>
<msg timestamp="20210105 07:46:37.432" level="INFO">Sending key(s) ('RETURN',) to id:SubmitLogin element.</msg>
<msg timestamp="20210105 07:46:39.349" level="INFO">Pressing special key RETURN to element.</msg>
<msg timestamp="20210105 07:46:39.349" level="INFO">Releasing special key RETURN.</msg>
<status status="PASS" starttime="20210105 07:46:37.432" endtime="20210105 07:46:39.360"></status>
</kw>
<status status="PASS" starttime="20210105 07:46:37.183" endtime="20210105 07:46:39.361"></status>
</kw>
<status status="PASS" starttime="20210105 07:46:37.183" endtime="20210105 07:46:39.361"></status>
</kw>
<status status="PASS" starttime="20210105 07:46:35.720" endtime="20210105 07:46:39.361"></status>
</kw>
<kw name="Page Should Not Contain" library="SeleniumLibrary">
<doc>Verifies the current page does not contain ``text``.</doc>
<arguments>
<arg>error</arg>
</arguments>
<msg timestamp="20210105 07:46:39.393" level="INFO">Current page does not contain text 'error'.</msg>
<status status="PASS" starttime="20210105 07:46:39.361" endtime="20210105 07:46:39.393"></status>
</kw>
<kw name="Log out user" library="log_out">
<kw name="Run Keyword And Ignore Error" library="BuiltIn">
<doc>Runs the given keyword with the given arguments and ignores possible error.</doc>
<arguments>
<arg>Page should contain</arg>
<arg>Sign out</arg>
</arguments>
<assign>
<var>${status}</var>
<var>${value}</var>
</assign>
<kw name="Page Should Contain" library="SeleniumLibrary">
<doc>Verifies that current page contains ``text``.</doc>
<arguments>
<arg>Sign out</arg>
</arguments>
<msg timestamp="20210105 07:46:39.411" level="INFO">Current page contains text 'Sign out'.</msg>
<status status="PASS" starttime="20210105 07:46:39.394" endtime="20210105 07:46:39.411"></status>
</kw>
<msg timestamp="20210105 07:46:39.412" level="INFO">${status} = PASS</msg>
<msg timestamp="20210105 07:46:39.412" level="INFO">${value} = None</msg>
<status status="PASS" starttime="20210105 07:46:39.394" endtime="20210105 07:46:39.412"></status>
</kw>
<kw name="Run Keyword If" library="BuiltIn">
<doc>Runs the given keyword with the given arguments, if ``condition`` is true.</doc>
<arguments>
<arg>'${status}' == 'PASS'</arg>
<arg>Click Element</arg>
<arg>xpath://*[@id="header"]/div[2]/div/div/nav/div[2]/a</arg>
</arguments>
<kw name="Click Element" library="SeleniumLibrary">
<doc>Click the element identified by ``locator``.</doc>
<arguments>
<arg>xpath://*[@id="header"]/div[2]/div/div/nav/div[2]/a</arg>
</arguments>
<msg timestamp="20210105 07:46:39.413" level="INFO">Clicking element 'xpath://*[@id="header"]/div[2]/div/div/nav/div[2]/a'.</msg>
<status status="PASS" starttime="20210105 07:46:39.413" endtime="20210105 07:46:42.718"></status>
</kw>
<status status="PASS" starttime="20210105 07:46:39.412" endtime="20210105 07:46:42.718"></status>
</kw>
<status status="PASS" starttime="20210105 07:46:39.394" endtime="20210105 07:46:42.719"></status>
</kw>
<status status="PASS" starttime="20210105 07:46:35.719" endtime="20210105 07:46:42.719"></status>
</kw>
<kw name="${i} = 5" type="foritem">
<kw name="Log" library="BuiltIn">
<doc>Logs the given message with the given level.</doc>
<arguments>
<arg>trial: ${i}</arg>
</arguments>
<msg timestamp="20210105 07:46:42.720" level="INFO">trial: 5</msg>
<status status="PASS" starttime="20210105 07:46:42.719" endtime="20210105 07:46:42.720"></status>
</kw>
<kw name="Exit For Loop If" library="BuiltIn">
<doc>Stops executing the enclosing for loop if the ``condition`` is true.</doc>
<arguments>
<arg>${i} == 9</arg>
</arguments>
<status status="PASS" starttime="20210105 07:46:42.720" endtime="20210105 07:46:42.722"></status>
</kw>
<kw name="Log in user" library="log_in">
<arguments>
<arg>${email_1}</arg>
<arg>${pass_1}</arg>
</arguments>
<kw name="Go To" library="SeleniumLibrary">
<doc>Navigates the current browser window to the provided ``url``.</doc>
<arguments>
<arg>${login_page}</arg>
</arguments>
<msg timestamp="20210105 07:46:42.726" level="INFO">Opening url 'http://automationpractice.com/index.php?controller=authentication&amp;back=my-account'</msg>
<status status="PASS" starttime="20210105 07:46:42.725" endtime="20210105 07:46:44.248"></status>
</kw>
<kw name="Run Keyword And Ignore Error" library="BuiltIn">
<doc>Runs the given keyword with the given arguments and ignores possible error.</doc>
<arguments>
<arg>Page should contain</arg>
<arg>Sign in</arg>
</arguments>
<assign>
<var>${status}</var>
<var>${value}</var>
</assign>
<kw name="Page Should Contain" library="SeleniumLibrary">
<doc>Verifies that current page contains ``text``.</doc>
<arguments>
<arg>Sign in</arg>
</arguments>
<msg timestamp="20210105 07:46:44.273" level="INFO">Current page contains text 'Sign in'.</msg>
<status status="PASS" starttime="20210105 07:46:44.249" endtime="20210105 07:46:44.273"></status>
</kw>
<msg timestamp="20210105 07:46:44.274" level="INFO">${status} = PASS</msg>
<msg timestamp="20210105 07:46:44.274" level="INFO">${value} = None</msg>
<status status="PASS" starttime="20210105 07:46:44.248" endtime="20210105 07:46:44.274"></status>
</kw>
<kw name="Run Keyword If" library="BuiltIn">
<doc>Runs the given keyword with the given arguments, if ``condition`` is true.</doc>
<arguments>
<arg>'${status}' == 'PASS'</arg>
<arg>Log in</arg>
<arg>${user_email}</arg>
<arg>${user_pass}</arg>
</arguments>
<kw name="Log in" library="log_in">
<arguments>
<arg>${user_email}</arg>
<arg>${user_pass}</arg>
</arguments>
<kw name="Wait Until Page Contains" library="SeleniumLibrary">
<doc>Waits until ``text`` appears on the current page.</doc>
<arguments>
<arg>Authentication</arg>
</arguments>
<status status="PASS" starttime="20210105 07:46:44.275" endtime="20210105 07:46:44.289"></status>
</kw>
<kw name="Input Text" library="SeleniumLibrary">
<doc>Types the given ``text`` into the text field identified by ``locator``.</doc>
<arguments>
<arg>id:email</arg>
<arg>${user_email}</arg>
<arg>clear=True</arg>
</arguments>
<msg timestamp="20210105 07:46:44.289" level="INFO">Typing text 'test_1@test.com' into text field 'id:email'.</msg>
<status status="PASS" starttime="20210105 07:46:44.289" endtime="20210105 07:46:44.426"></status>
</kw>
<kw name="Input Text" library="SeleniumLibrary">
<doc>Types the given ``text`` into the text field identified by ``locator``.</doc>
<arguments>
<arg>id:passwd</arg>
<arg>${user_pass}</arg>
<arg>clear=True</arg>
</arguments>
<msg timestamp="20210105 07:46:44.427" level="INFO">Typing text 'robotframeworkpass' into text field 'id:passwd'.</msg>
<status status="PASS" starttime="20210105 07:46:44.427" endtime="20210105 07:46:44.552"></status>
</kw>
<kw name="Press Keys" library="SeleniumLibrary">
<doc>Simulates the user pressing key(s) to an element or on the active browser.</doc>
<arguments>
<arg>id:SubmitLogin</arg>
<arg>RETURN</arg>
</arguments>
<msg timestamp="20210105 07:46:44.553" level="INFO">Sending key(s) ('RETURN',) to id:SubmitLogin element.</msg>
<msg timestamp="20210105 07:46:46.992" level="INFO">Pressing special key RETURN to element.</msg>
<msg timestamp="20210105 07:46:46.992" level="INFO">Releasing special key RETURN.</msg>
<status status="PASS" starttime="20210105 07:46:44.552" endtime="20210105 07:46:47.001"></status>
</kw>
<status status="PASS" starttime="20210105 07:46:44.274" endtime="20210105 07:46:47.001"></status>
</kw>
<status status="PASS" starttime="20210105 07:46:44.274" endtime="20210105 07:46:47.002"></status>
</kw>
<status status="PASS" starttime="20210105 07:46:42.723" endtime="20210105 07:46:47.002"></status>
</kw>
<kw name="Page Should Not Contain" library="SeleniumLibrary">
<doc>Verifies the current page does not contain ``text``.</doc>
<arguments>
<arg>error</arg>
</arguments>
<msg timestamp="20210105 07:46:47.025" level="INFO">Current page does not contain text 'error'.</msg>
[...]
<status status="PASS" starttime="20210105 07:48:59.428" endtime="20210105 07:48:59.447"></status>
</kw>
<msg timestamp="20210105 07:48:59.447" level="INFO">${status} = PASS</msg>
<msg timestamp="20210105 07:48:59.447" level="INFO">${value} = None</msg>
<status status="PASS" starttime="20210105 07:48:59.428" endtime="20210105 07:48:59.447"></status>
</kw>
<kw name="Run Keyword If" library="BuiltIn">
<doc>Runs the given keyword with the given arguments, if ``condition`` is true.</doc>
<arguments>
<arg>'${status}' == 'PASS'</arg>
<arg>Log in</arg>
<arg>${user_email}</arg>
<arg>${user_pass}</arg>
</arguments>
<kw name="Log in" library="log_in">
<arguments>
<arg>${user_email}</arg>
<arg>${user_pass}</arg>
</arguments>
<kw name="Wait Until Page Contains" library="SeleniumLibrary">
<doc>Waits until ``text`` appears on the current page.</doc>
<arguments>
<arg>Authentication</arg>
</arguments>
<status status="PASS" starttime="20210105 07:48:59.448" endtime="20210105 07:48:59.460"></status>
</kw>
<kw name="Input Text" library="SeleniumLibrary">
<doc>Types the given ``text`` into the text field identified by ``locator``.</doc>
<arguments>
<arg>id:email</arg>
<arg>${user_email}</arg>
<arg>clear=True</arg>
</arguments>
<msg timestamp="20210105 07:48:59.460" level="INFO">Typing text 'test_2@test.com' into text field 'id:email'.</msg>
<status status="PASS" starttime="20210105 07:48:59.460" endtime="20210105 07:48:59.570"></status>
</kw>
<kw name="Input Text" library="SeleniumLibrary">
<doc>Types the given ``text`` into the text field identified by ``locator``.</doc>
<arguments>
<arg>id:passwd</arg>
<arg>${user_pass}</arg>
<arg>clear=True</arg>
</arguments>
<msg timestamp="20210105 07:48:59.571" level="INFO">Typing text 'robotframeworkpass' into text field 'id:passwd'.</msg>
<status status="PASS" starttime="20210105 07:48:59.570" endtime="20210105 07:48:59.696"></status>
</kw>
<kw name="Press Keys" library="SeleniumLibrary">
<doc>Simulates the user pressing key(s) to an element or on the active browser.</doc>
<arguments>
<arg>id:SubmitLogin</arg>
<arg>RETURN</arg>
</arguments>
<msg timestamp="20210105 07:48:59.697" level="INFO">Sending key(s) ('RETURN',) to id:SubmitLogin element.</msg>
<msg timestamp="20210105 07:49:01.904" level="INFO">Pressing special key RETURN to element.</msg>
<msg timestamp="20210105 07:49:01.904" level="INFO">Releasing special key RETURN.</msg>
<status status="PASS" starttime="20210105 07:48:59.696" endtime="20210105 07:49:01.913"></status>
</kw>
<status status="PASS" starttime="20210105 07:48:59.448" endtime="20210105 07:49:01.913"></status>
</kw>
<status status="PASS" starttime="20210105 07:48:59.447" endtime="20210105 07:49:01.913"></status>
</kw>
<status status="PASS" starttime="20210105 07:48:57.755" endtime="20210105 07:49:01.913"></status>
</kw>
<kw name="Page Should Not Contain" library="SeleniumLibrary">
<doc>Verifies the current page does not contain ``text``.</doc>
<arguments>
<arg>error</arg>
</arguments>
<msg timestamp="20210105 07:49:01.940" level="INFO">Current page does not contain text 'error'.</msg>
<status status="PASS" starttime="20210105 07:49:01.914" endtime="20210105 07:49:01.940"></status>
</kw>
<kw name="Log out user" library="log_out">
<kw name="Run Keyword And Ignore Error" library="BuiltIn">
<doc>Runs the given keyword with the given arguments and ignores possible error.</doc>
<arguments>
<arg>Page should contain</arg>
<arg>Sign out</arg>
</arguments>
<assign>
<var>${status}</var>
<var>${value}</var>
</assign>
<kw name="Page Should Contain" library="SeleniumLibrary">
<doc>Verifies that current page contains ``text``.</doc>
<arguments>
<arg>Sign out</arg>
</arguments>
<msg timestamp="20210105 07:49:01.956" level="INFO">Current page contains text 'Sign out'.</msg>
<status status="PASS" starttime="20210105 07:49:01.941" endtime="20210105 07:49:01.956"></status>
</kw>
<msg timestamp="20210105 07:49:01.956" level="INFO">${status} = PASS</msg>
<msg timestamp="20210105 07:49:01.956" level="INFO">${value} = None</msg>
<status status="PASS" starttime="20210105 07:49:01.941" endtime="20210105 07:49:01.956"></status>
</kw>
<kw name="Run Keyword If" library="BuiltIn">
<doc>Runs the given keyword with the given arguments, if ``condition`` is true.</doc>
<arguments>
<arg>'${status}' == 'PASS'</arg>
<arg>Click Element</arg>
<arg>xpath://*[@id="header"]/div[2]/div/div/nav/div[2]/a</arg>
</arguments>
<kw name="Click Element" library="SeleniumLibrary">
<doc>Click the element identified by ``locator``.</doc>
<arguments>
<arg>xpath://*[@id="header"]/div[2]/div/div/nav/div[2]/a</arg>
</arguments>
<msg timestamp="20210105 07:49:01.957" level="INFO">Clicking element 'xpath://*[@id="header"]/div[2]/div/div/nav/div[2]/a'.</msg>
<status status="PASS" starttime="20210105 07:49:01.957" endtime="20210105 07:49:04.363"></status>
</kw>
<status status="PASS" starttime="20210105 07:49:01.956" endtime="20210105 07:49:04.363"></status>
</kw>
<status status="PASS" starttime="20210105 07:49:01.940" endtime="20210105 07:49:04.364"></status>
</kw>
<status status="PASS" starttime="20210105 07:48:50.669" endtime="20210105 07:49:04.364"></status>
</kw>
<kw name="${i} = 8" type="foritem">
<kw name="Log" library="BuiltIn">
<doc>Logs the given message with the given level.</doc>
<arguments>
<arg>trial: ${i}</arg>
</arguments>
<msg timestamp="20210105 07:49:04.365" level="INFO">trial: 8</msg>
<status status="PASS" starttime="20210105 07:49:04.364" endtime="20210105 07:49:04.365"></status>
</kw>
<kw name="Exit For Loop If" library="BuiltIn">
<doc>Stops executing the enclosing for loop if the ``condition`` is true.</doc>
<arguments>
<arg>${i} == 9</arg>
</arguments>
<status status="PASS" starttime="20210105 07:49:04.365" endtime="20210105 07:49:04.365"></status>
</kw>
<kw name="Log in user" library="log_in">
<arguments>
<arg>${email_1}</arg>
<arg>${pass_1}</arg>
</arguments>
<kw name="Go To" library="SeleniumLibrary">
<doc>Navigates the current browser window to the provided ``url``.</doc>
<arguments>
<arg>${login_page}</arg>
</arguments>
<msg timestamp="20210105 07:49:04.366" level="INFO">Opening url 'http://automationpractice.com/index.php?controller=authentication&amp;back=my-account'</msg>
<status status="PASS" starttime="20210105 07:49:04.366" endtime="20210105 07:49:06.347"></status>
</kw>
<kw name="Run Keyword And Ignore Error" library="BuiltIn">
<doc>Runs the given keyword with the given arguments and ignores possible error.</doc>
<arguments>
<arg>Page should contain</arg>
<arg>Sign in</arg>
</arguments>
<assign>
<var>${status}</var>
<var>${value}</var>
</assign>
<kw name="Page Should Contain" library="SeleniumLibrary">
<doc>Verifies that current page contains ``text``.</doc>
<arguments>
<arg>Sign in</arg>
</arguments>
<msg timestamp="20210105 07:49:06.363" level="INFO">Current page contains text 'Sign in'.</msg>
<status status="PASS" starttime="20210105 07:49:06.347" endtime="20210105 07:49:06.363"></status>
</kw>
<msg timestamp="20210105 07:49:06.363" level="INFO">${status} = PASS</msg>
<msg timestamp="20210105 07:49:06.363" level="INFO">${value} = None</msg>
<status status="PASS" starttime="20210105 07:49:06.347" endtime="20210105 07:49:06.363"></status>
</kw>
<kw name="Run Keyword If" library="BuiltIn">
<doc>Runs the given keyword with the given arguments, if ``condition`` is true.</doc>
<arguments>
<arg>'${status}' == 'PASS'</arg>
<arg>Log in</arg>
<arg>${user_email}</arg>
<arg>${user_pass}</arg>
</arguments>
<kw name="Log in" library="log_in">
<arguments>
<arg>${user_email}</arg>
<arg>${user_pass}</arg>
</arguments>
<kw name="Wait Until Page Contains" library="SeleniumLibrary">
<doc>Waits until ``text`` appears on the current page.</doc>
<arguments>
<arg>Authentication</arg>
</arguments>
<status status="PASS" starttime="20210105 07:49:06.365" endtime="20210105 07:49:06.375"></status>
</kw>
<kw name="Input Text" library="SeleniumLibrary">
<doc>Types the given ``text`` into the text field identified by ``locator``.</doc>
<arguments>
<arg>id:email</arg>
<arg>${user_email}</arg>
<arg>clear=True</arg>
</arguments>
<msg timestamp="20210105 07:49:06.376" level="INFO">Typing text 'test_1@test.com' into text field 'id:email'.</msg>
<status status="PASS" starttime="20210105 07:49:06.375" endtime="20210105 07:49:06.484"></status>
</kw>
<kw name="Input Text" library="SeleniumLibrary">
<doc>Types the given ``text`` into the text field identified by ``locator``.</doc>
<arguments>
<arg>id:passwd</arg>
<arg>${user_pass}</arg>
<arg>clear=True</arg>
</arguments>
<msg timestamp="20210105 07:49:06.485" level="INFO">Typing text 'robotframeworkpass' into text field 'id:passwd'.</msg>
<status status="PASS" starttime="20210105 07:49:06.485" endtime="20210105 07:49:06.595"></status>
</kw>
<kw name="Press Keys" library="SeleniumLibrary">
<doc>Simulates the user pressing key(s) to an element or on the active browser.</doc>
<arguments>
<arg>id:SubmitLogin</arg>
<arg>RETURN</arg>
</arguments>
<msg timestamp="20210105 07:49:06.597" level="INFO">Sending key(s) ('RETURN',) to id:SubmitLogin element.</msg>
<msg timestamp="20210105 07:49:09.251" level="INFO">Pressing special key RETURN to element.</msg>
<msg timestamp="20210105 07:49:09.251" level="INFO">Releasing special key RETURN.</msg>
<status status="PASS" starttime="20210105 07:49:06.596" endtime="20210105 07:49:09.261"></status>
</kw>
<status status="PASS" starttime="20210105 07:49:06.364" endtime="20210105 07:49:09.261"></status>
</kw>
<status status="PASS" starttime="20210105 07:49:06.363" endtime="20210105 07:49:09.261"></status>
</kw>
<status status="PASS" starttime="20210105 07:49:04.366" endtime="20210105 07:49:09.262"></status>
</kw>
<kw name="Page Should Not Contain" library="SeleniumLibrary">
<doc>Verifies the current page does not contain ``text``.</doc>
<arguments>
<arg>error</arg>
</arguments>
<msg timestamp="20210105 07:49:09.286" level="INFO">Current page does not contain text 'error'.</msg>
<status status="PASS" starttime="20210105 07:49:09.262" endtime="20210105 07:49:09.286"></status>
</kw>
<kw name="Log out user" library="log_out">
<kw name="Run Keyword And Ignore Error" library="BuiltIn">
<doc>Runs the given keyword with the given arguments and ignores possible error.</doc>
<arguments>
<arg>Page should contain</arg>
<arg>Sign out</arg>
</arguments>
<assign>
<var>${status}</var>
<var>${value}</var>
</assign>
<kw name="Page Should Contain" library="SeleniumLibrary">
<doc>Verifies that current page contains ``text``.</doc>
<arguments>
<arg>Sign out</arg>
</arguments>
<msg timestamp="20210105 07:49:09.299" level="INFO">Current page contains text 'Sign out'.</msg>
<status status="PASS" starttime="20210105 07:49:09.287" endtime="20210105 07:49:09.299"></status>
</kw>
<msg timestamp="20210105 07:49:09.299" level="INFO">${status} = PASS</msg>
<msg timestamp="20210105 07:49:09.299" level="INFO">${value} = None</msg>
<status status="PASS" starttime="20210105 07:49:09.287" endtime="20210105 07:49:09.299"></status>
</kw>
<kw name="Run Keyword If" library="BuiltIn">
<doc>Runs the given keyword with the given arguments, if ``condition`` is true.</doc>
<arguments>
<arg>'${status}' == 'PASS'</arg>
<arg>Click Element</arg>
<arg>xpath://*[@id="header"]/div[2]/div/div/nav/div[2]/a</arg>
</arguments>
<kw name="Click Element" library="SeleniumLibrary">
<doc>Click the element identified by ``locator``.</doc>
<arguments>
<arg>xpath://*[@id="header"]/div[2]/div/div/nav/div[2]/a</arg>
</arguments>
<msg timestamp="20210105 07:49:09.300" level="INFO">Clicking element 'xpath://*[@id="header"]/div[2]/div/div/nav/div[2]/a'.</msg>
<status status="PASS" starttime="20210105 07:49:09.300" endtime="20210105 07:49:12.378"></status>
</kw>
<status status="PASS" starttime="20210105 07:49:09.299" endtime="20210105 07:49:12.378"></status>
</kw>
<status status="PASS" starttime="20210105 07:49:09.286" endtime="20210105 07:49:12.378"></status>
</kw>
<kw name="Log in user" library="log_in">
<arguments>
<arg>${email_2}</arg>
<arg>${pass_2}</arg>
</arguments>
<kw name="Go To" library="SeleniumLibrary">
<doc>Navigates the current browser window to the provided ``url``.</doc>
<arguments>
<arg>${login_page}</arg>
</arguments>
<msg timestamp="20210105 07:49:12.379" level="INFO">Opening url 'http://automationpractice.com/index.php?controller=authentication&amp;back=my-account'</msg>
<status status="PASS" starttime="20210105 07:49:12.379" endtime="20210105 07:49:13.864"></status>
</kw>
<kw name="Run Keyword And Ignore Error" library="BuiltIn">
<doc>Runs the given keyword with the given arguments and ignores possible error.</doc>
<arguments>
<arg>Page should contain</arg>
<arg>Sign in</arg>
</arguments>
<assign>
<var>${status}</var>
<var>${value}</var>
</assign>
<kw name="Page Should Contain" library="SeleniumLibrary">
<doc>Verifies that current page contains ``text``.</doc>
<arguments>
<arg>Sign in</arg>
</arguments>
<msg timestamp="20210105 07:49:13.886" level="INFO">Current page contains text 'Sign in'.</msg>
<status status="PASS" starttime="20210105 07:49:13.864" endtime="20210105 07:49:13.886"></status>
</kw>
<msg timestamp="20210105 07:49:13.887" level="INFO">${status} = PASS</msg>
<msg timestamp="20210105 07:49:13.887" level="INFO">${value} = None</msg>
<status status="PASS" starttime="20210105 07:49:13.864" endtime="20210105 07:49:13.887"></status>
</kw>
<kw name="Run Keyword If" library="BuiltIn">
<doc>Runs the given keyword with the given arguments, if ``condition`` is true.</doc>
<arguments>
<arg>'${status}' == 'PASS'</arg>
<arg>Log in</arg>
<arg>${user_email}</arg>
<arg>${user_pass}</arg>
</arguments>
<kw name="Log in" library="log_in">
<arguments>
<arg>${user_email}</arg>
<arg>${user_pass}</arg>
</arguments>
<kw name="Wait Until Page Contains" library="SeleniumLibrary">
<doc>Waits until ``text`` appears on the current page.</doc>
<arguments>
<arg>Authentication</arg>
</arguments>
<status status="PASS" starttime="20210105 07:49:13.889" endtime="20210105 07:49:13.905"></status>
</kw>
<kw name="Input Text" library="SeleniumLibrary">
<doc>Types the given ``text`` into the text field identified by ``locator``.</doc>
<arguments>
<arg>id:email</arg>
<arg>${user_email}</arg>
<arg>clear=True</arg>
</arguments>
<msg timestamp="20210105 07:49:13.906" level="INFO">Typing text 'test_2@test.com' into text field 'id:email'.</msg>
<status status="PASS" starttime="20210105 07:49:13.905" endtime="20210105 07:49:14.016"></status>
</kw>
<kw name="Input Text" library="SeleniumLibrary">
<doc>Types the given ``text`` into the text field identified by ``locator``.</doc>
<arguments>
<arg>id:passwd</arg>
<arg>${user_pass}</arg>
<arg>clear=True</arg>
</arguments>
<msg timestamp="20210105 07:49:14.017" level="INFO">Typing text 'robotframeworkpass' into text field 'id:passwd'.</msg>
<status status="PASS" starttime="20210105 07:49:14.016" endtime="20210105 07:49:14.143"></status>
</kw>
<kw name="Press Keys" library="SeleniumLibrary">
<doc>Simulates the user pressing key(s) to an element or on the active browser.</doc>
<arguments>
<arg>id:SubmitLogin</arg>
<arg>RETURN</arg>
</arguments>
<msg timestamp="20210105 07:49:14.144" level="INFO">Sending key(s) ('RETURN',) to id:SubmitLogin element.</msg>
<msg timestamp="20210105 07:49:16.047" level="INFO">Pressing special key RETURN to element.</msg>
<msg timestamp="20210105 07:49:16.048" level="INFO">Releasing special key RETURN.</msg>
<status status="PASS" starttime="20210105 07:49:14.144" endtime="20210105 07:49:16.059"></status>
</kw>
<status status="PASS" starttime="20210105 07:49:13.888" endtime="20210105 07:49:16.060"></status>
</kw>
<status status="PASS" starttime="20210105 07:49:13.887" endtime="20210105 07:49:16.060"></status>
</kw>
<status status="PASS" starttime="20210105 07:49:12.378" endtime="20210105 07:49:16.060"></status>
</kw>
<kw name="Page Should Not Contain" library="SeleniumLibrary">
<doc>Verifies the current page does not contain ``text``.</doc>
<arguments>
<arg>error</arg>
</arguments>
<msg timestamp="20210105 07:49:16.092" level="INFO">Current page does not contain text 'error'.</msg>
<status status="PASS" starttime="20210105 07:49:16.060" endtime="20210105 07:49:16.092"></status>
</kw>
<kw name="Log out user" library="log_out">
<kw name="Run Keyword And Ignore Error" library="BuiltIn">
<doc>Runs the given keyword with the given arguments and ignores possible error.</doc>
<arguments>
<arg>Page should contain</arg>
<arg>Sign out</arg>
</arguments>
<assign>
<var>${status}</var>
<var>${value}</var>
</assign>
<kw name="Page Should Contain" library="SeleniumLibrary">
<doc>Verifies that current page contains ``text``.</doc>
<arguments>
<arg>Sign out</arg>
</arguments>
<msg timestamp="20210105 07:49:16.111" level="INFO">Current page contains text 'Sign out'.</msg>
<status status="PASS" starttime="20210105 07:49:16.093" endtime="20210105 07:49:16.111"></status>
</kw>
<msg timestamp="20210105 07:49:16.111" level="INFO">${status} = PASS</msg>
<msg timestamp="20210105 07:49:16.111" level="INFO">${value} = None</msg>
<status status="PASS" starttime="20210105 07:49:16.093" endtime="20210105 07:49:16.111"></status>
</kw>
<kw name="Run Keyword If" library="BuiltIn">
<doc>Runs the given keyword with the given arguments, if ``condition`` is true.</doc>
<arguments>
<arg>'${status}' == 'PASS'</arg>
<arg>Click Element</arg>
<arg>xpath://*[@id="header"]/div[2]/div/div/nav/div[2]/a</arg>
</arguments>
<kw name="Click Element" library="SeleniumLibrary">
<doc>Click the element identified by ``locator``.</doc>
<arguments>
<arg>xpath://*[@id="header"]/div[2]/div/div/nav/div[2]/a</arg>
</arguments>
<msg timestamp="20210105 07:49:16.112" level="INFO">Clicking element 'xpath://*[@id="header"]/div[2]/div/div/nav/div[2]/a'.</msg>
<status status="PASS" starttime="20210105 07:49:16.112" endtime="20210105 07:49:19.507"></status>
</kw>
<status status="PASS" starttime="20210105 07:49:16.111" endtime="20210105 07:49:19.507"></status>
</kw>
<status status="PASS" starttime="20210105 07:49:16.092" endtime="20210105 07:49:19.508"></status>
</kw>
<status status="PASS" starttime="20210105 07:49:04.364" endtime="20210105 07:49:19.508"></status>
</kw>
<kw name="${i} = 9" type="foritem">
<kw name="Log" library="BuiltIn">
<doc>Logs the given message with the given level.</doc>
<arguments>
<arg>trial: ${i}</arg>
</arguments>
<msg timestamp="20210105 07:49:19.508" level="INFO">trial: 9</msg>
<status status="PASS" starttime="20210105 07:49:19.508" endtime="20210105 07:49:19.509"></status>
</kw>
<kw name="Exit For Loop If" library="BuiltIn">
<doc>Stops executing the enclosing for loop if the ``condition`` is true.</doc>
<arguments>
<arg>${i} == 9</arg>
</arguments>
<msg timestamp="20210105 07:49:19.509" level="INFO">Exiting for loop altogether.</msg>
<status status="PASS" starttime="20210105 07:49:19.509" endtime="20210105 07:49:19.509"></status>
</kw>
<status status="PASS" starttime="20210105 07:49:19.508" endtime="20210105 07:49:19.510"></status>
</kw>
<status status="PASS" starttime="20210105 07:47:10.358" endtime="20210105 07:49:19.526"></status>
</kw>
<doc>Logging in and out multiple times</doc>
<tags>
<tag>Component Excess</tag>
</tags>
<status status="PASS" starttime="20210105 07:47:10.357" endtime="20210105 07:49:19.526" critical="yes"></status>
</test>
<kw name="Close Browser" library="SeleniumLibrary" type="teardown">
<doc>Closes the current browser.</doc>
<status status="PASS" starttime="20210105 07:49:19.529" endtime="20210105 07:49:19.619"></status>
</kw>
<status status="PASS" starttime="20210105 07:44:51.984" endtime="20210105 07:49:19.619"></status>
</suite>
<statistics>
<total>
<stat pass="10" fail="0">Critical Tests</stat>
<stat pass="10" fail="0">All Tests</stat>
</total>
<tag>
<stat pass="2" fail="0">Component Excess</stat>
<stat pass="6" fail="0">Component Faulty</stat>
<stat pass="2" fail="0">Integrate</stat>
</tag>
<suite>
<stat pass="10" fail="0" id="s1" name="Log In Page">Log In Page</stat>
</suite>
</statistics>
<errors>
</errors>
</robot>
