<?xml version="1.0" encoding="UTF-8"?>
<robot generator="Robot 3.2.2 (Python 3.7.3 on linux)" generated="20210105 23:56:39.867" rpa="false">
<suite id="s1" name="Loading Error" source="/media/kareem/New Volume/cmp4/First Term/Testing/Testing-Project-Robot_Framwork/test_suites/home/loading_error.robot">
<kw name="Open Site" library="common" type="setup">
<kw name="Open Browser" library="SeleniumLibrary">
<doc>Opens a new browser instance to the optional ``url``.</doc>
<arguments>
<arg>${website}</arg>
<arg>${browser}</arg>
</arguments>
<msg timestamp="20210105 23:56:40.043" level="INFO">Opening browser 'chrome' to base url 'http://automationpractice.com/index.php'.</msg>
<status status="PASS" starttime="20210105 23:56:40.042" endtime="20210105 23:56:45.422"></status>
</kw>
<status status="PASS" starttime="20210105 23:56:40.042" endtime="20210105 23:56:45.424"></status>
</kw>
<test id="s1-t1" name="Sort-by Case">
<kw name="Log in user" library="log_in">
<arguments>
<arg>${email_1}</arg>
<arg>${pass_1}</arg>
</arguments>
<kw name="Go To" library="SeleniumLibrary">
<doc>Navigates the current browser window to the provided ``url``.</doc>
<arguments>
<arg>${login_page}</arg>
</arguments>
<msg timestamp="20210105 23:56:45.430" level="INFO">Opening url 'http://automationpractice.com/index.php?controller=authentication&amp;back=my-account'</msg>
<status status="PASS" starttime="20210105 23:56:45.428" endtime="20210105 23:56:46.651"></status>
</kw>
<kw name="Run Keyword And Ignore Error" library="BuiltIn">
<doc>Runs the given keyword with the given arguments and ignores possible error.</doc>
<arguments>
<arg>Page should contain</arg>
<arg>Sign in</arg>
</arguments>
<assign>
<var>${status}</var>
<var>${value}</var>
</assign>
<kw name="Page Should Contain" library="SeleniumLibrary">
<doc>Verifies that current page contains ``text``.</doc>
<arguments>
<arg>Sign in</arg>
</arguments>
<msg timestamp="20210105 23:56:46.675" level="INFO">Current page contains text 'Sign in'.</msg>
<status status="PASS" starttime="20210105 23:56:46.652" endtime="20210105 23:56:46.675"></status>
</kw>
<msg timestamp="20210105 23:56:46.675" level="INFO">${status} = PASS</msg>
<msg timestamp="20210105 23:56:46.675" level="INFO">${value} = None</msg>
<status status="PASS" starttime="20210105 23:56:46.651" endtime="20210105 23:56:46.675"></status>
</kw>
<kw name="Run Keyword If" library="BuiltIn">
<doc>Runs the given keyword with the given arguments, if ``condition`` is true.</doc>
<arguments>
<arg>'${status}' == 'PASS'</arg>
<arg>Log in</arg>
<arg>${user_email}</arg>
<arg>${user_pass}</arg>
</arguments>
<kw name="Log in" library="log_in">
<arguments>
<arg>${user_email}</arg>
<arg>${user_pass}</arg>
</arguments>
<kw name="Wait Until Page Contains" library="SeleniumLibrary">
<doc>Waits until ``text`` appears on the current page.</doc>
<arguments>
<arg>Authentication</arg>
</arguments>
<status status="PASS" starttime="20210105 23:56:46.676" endtime="20210105 23:56:46.695"></status>
</kw>
<kw name="Input Text" library="SeleniumLibrary">
<doc>Types the given ``text`` into the text field identified by ``locator``.</doc>
<arguments>
<arg>id:email</arg>
<arg>${user_email}</arg>
<arg>clear=True</arg>
</arguments>
<msg timestamp="20210105 23:56:46.695" level="INFO">Typing text 'test_1@test.comm' into text field 'id:email'.</msg>
<status status="PASS" starttime="20210105 23:56:46.695" endtime="20210105 23:56:46.825"></status>
</kw>
<kw name="Input Text" library="SeleniumLibrary">
<doc>Types the given ``text`` into the text field identified by ``locator``.</doc>
<arguments>
<arg>id:passwd</arg>
<arg>${user_pass}</arg>
<arg>clear=True</arg>
</arguments>
<msg timestamp="20210105 23:56:46.825" level="INFO">Typing text 'robotframeworkpass' into text field 'id:passwd'.</msg>
<status status="PASS" starttime="20210105 23:56:46.825" endtime="20210105 23:56:46.968"></status>
</kw>
<kw name="Press Keys" library="SeleniumLibrary">
<doc>Simulates the user pressing key(s) to an element or on the active browser.</doc>
<arguments>
<arg>id:SubmitLogin</arg>
<arg>RETURN</arg>
</arguments>
<msg timestamp="20210105 23:56:46.969" level="INFO">Sending key(s) ('RETURN',) to id:SubmitLogin element.</msg>
<msg timestamp="20210105 23:56:48.842" level="INFO">Pressing special key RETURN to element.</msg>
<msg timestamp="20210105 23:56:48.843" level="INFO">Releasing special key RETURN.</msg>
<status status="PASS" starttime="20210105 23:56:46.968" endtime="20210105 23:56:48.859"></status>
</kw>
<status status="PASS" starttime="20210105 23:56:46.676" endtime="20210105 23:56:48.860"></status>
</kw>
<status status="PASS" starttime="20210105 23:56:46.675" endtime="20210105 23:56:48.860"></status>
</kw>
<status status="PASS" starttime="20210105 23:56:45.427" endtime="20210105 23:56:48.861"></status>
</kw>
<kw name="Go To" library="SeleniumLibrary">
<doc>Navigates the current browser window to the provided ``url``.</doc>
<arguments>
<arg>${website}</arg>
</arguments>
<msg timestamp="20210105 23:56:48.862" level="INFO">Opening url 'http://automationpractice.com/index.php'</msg>
<status status="PASS" starttime="20210105 23:56:48.861" endtime="20210105 23:56:49.939"></status>
</kw>
<kw name="Click Element" library="SeleniumLibrary">
<doc>Click the element identified by ``locator``.</doc>
<arguments>
<arg>xpath://*[@id="block_top_menu"]/ul/li[1]/a</arg>
</arguments>
<msg timestamp="20210105 23:56:49.940" level="INFO">Clicking element 'xpath://*[@id="block_top_menu"]/ul/li[1]/a'.</msg>
<status status="PASS" starttime="20210105 23:56:49.940" endtime="20210105 23:56:52.428"></status>
</kw>
<kw name="Click Element" library="SeleniumLibrary">
<doc>Click the element identified by ``locator``.</doc>
<arguments>
<arg>xpath://*[@id="selectProductSort"]</arg>
</arguments>
<msg timestamp="20210105 23:56:52.434" level="INFO">Clicking element 'xpath://*[@id="selectProductSort"]'.</msg>
<status status="PASS" starttime="20210105 23:56:52.432" endtime="20210105 23:56:52.567"></status>
</kw>
<kw name="Click Element" library="SeleniumLibrary">
<doc>Click the element identified by ``locator``.</doc>
<arguments>
<arg>xpath://*[@id="selectProductSort"]/option[1]</arg>
</arguments>
<msg timestamp="20210105 23:56:52.569" level="INFO">Clicking element 'xpath://*[@id="selectProductSort"]/option[1]'.</msg>
<status status="PASS" starttime="20210105 23:56:52.567" endtime="20210105 23:56:52.699"></status>
</kw>
<kw name="Sleep" library="BuiltIn">
<doc>Pauses the test executed for the given time.</doc>
<arguments>
<arg>10s</arg>
</arguments>
<msg timestamp="20210105 23:57:02.701" level="INFO">Slept 10 seconds</msg>
<status status="PASS" starttime="20210105 23:56:52.700" endtime="20210105 23:57:02.701"></status>
</kw>
<kw name="Page Should Not Contain" library="SeleniumLibrary">
<doc>Verifies the current page does not contain ``text``.</doc>
<arguments>
<arg>Loading...</arg>
</arguments>
<kw name="Capture Page Screenshot" library="SeleniumLibrary">
<doc>Takes a screenshot of the current page and embeds it into a log file.</doc>
<msg timestamp="20210105 23:57:02.974" level="INFO" html="yes">&lt;/td&gt;&lt;/tr&gt;&lt;tr&gt;&lt;td colspan="3"&gt;&lt;a href="selenium-screenshot-1.png"&gt;&lt;img src="selenium-screenshot-1.png" width="800px"&gt;&lt;/a&gt;</msg>
<status status="PASS" starttime="20210105 23:57:02.818" endtime="20210105 23:57:02.974"></status>
</kw>
<msg timestamp="20210105 23:57:02.975" level="FAIL">Page should not have contained text 'Loading...'.</msg>
<status status="FAIL" starttime="20210105 23:57:02.702" endtime="20210105 23:57:02.975"></status>
</kw>
<status status="FAIL" starttime="20210105 23:56:45.425" endtime="20210105 23:57:02.975" critical="yes">Page should not have contained text 'Loading...'.</status>
</test>
<test id="s1-t2" name="Categories Case">
<kw name="Log in user" library="log_in">
<arguments>
<arg>${email_1}</arg>
<arg>${pass_1}</arg>
</arguments>
<kw name="Go To" library="SeleniumLibrary">
<doc>Navigates the current browser window to the provided ``url``.</doc>
<arguments>
<arg>${login_page}</arg>
</arguments>
<msg timestamp="20210105 23:57:02.978" level="INFO">Opening url 'http://automationpractice.com/index.php?controller=authentication&amp;back=my-account'</msg>
<status status="PASS" starttime="20210105 23:57:02.977" endtime="20210105 23:57:05.035"></status>
</kw>
<kw name="Run Keyword And Ignore Error" library="BuiltIn">
<doc>Runs the given keyword with the given arguments and ignores possible error.</doc>
<arguments>
<arg>Page should contain</arg>
<arg>Sign in</arg>
</arguments>
<assign>
<var>${status}</var>
<var>${value}</var>
</assign>
<kw name="Page Should Contain" library="SeleniumLibrary">
<doc>Verifies that current page contains ``text``.</doc>
<arguments>
<arg>Sign in</arg>
</arguments>
<kw name="Capture Page Screenshot" library="SeleniumLibrary">
<doc>Takes a screenshot of the current page and embeds it into a log file.</doc>
<msg timestamp="20210105 23:57:05.260" level="INFO" html="yes">&lt;/td&gt;&lt;/tr&gt;&lt;tr&gt;&lt;td colspan="3"&gt;&lt;a href="selenium-screenshot-2.png"&gt;&lt;img src="selenium-screenshot-2.png" width="800px"&gt;&lt;/a&gt;</msg>
<status status="PASS" starttime="20210105 23:57:05.079" endtime="20210105 23:57:05.261"></status>
</kw>
<msg timestamp="20210105 23:57:05.261" level="FAIL">Page should have contained text 'Sign in' but did not.</msg>
<status status="FAIL" starttime="20210105 23:57:05.036" endtime="20210105 23:57:05.261"></status>
</kw>
<msg timestamp="20210105 23:57:05.261" level="INFO">${status} = FAIL</msg>
<msg timestamp="20210105 23:57:05.262" level="INFO">${value} = Page should have contained text 'Sign in' but did not.</msg>
<status status="PASS" starttime="20210105 23:57:05.035" endtime="20210105 23:57:05.262"></status>
</kw>
<kw name="Run Keyword If" library="BuiltIn">
<doc>Runs the given keyword with the given arguments, if ``condition`` is true.</doc>
<arguments>
<arg>'${status}' == 'PASS'</arg>
<arg>Log in</arg>
<arg>${user_email}</arg>
<arg>${user_pass}</arg>
</arguments>
<status status="PASS" starttime="20210105 23:57:05.262" endtime="20210105 23:57:05.262"></status>
</kw>
<status status="PASS" starttime="20210105 23:57:02.977" endtime="20210105 23:57:05.262"></status>
</kw>
<kw name="Go To" library="SeleniumLibrary">
<doc>Navigates the current browser window to the provided ``url``.</doc>
<arguments>
<arg>${website}</arg>
</arguments>
<msg timestamp="20210105 23:57:05.263" level="INFO">Opening url 'http://automationpractice.com/index.php'</msg>
<status status="PASS" starttime="20210105 23:57:05.262" endtime="20210105 23:57:06.252"></status>
</kw>
<kw name="Click Element" library="SeleniumLibrary">
<doc>Click the element identified by ``locator``.</doc>
<arguments>
<arg>xpath://*[@id="block_top_menu"]/ul/li[1]/a</arg>
</arguments>
<msg timestamp="20210105 23:57:06.253" level="INFO">Clicking element 'xpath://*[@id="block_top_menu"]/ul/li[1]/a'.</msg>
<status status="PASS" starttime="20210105 23:57:06.253" endtime="20210105 23:57:07.778"></status>
</kw>
<kw name="Click Element" library="SeleniumLibrary">
<doc>Click the element identified by ``locator``.</doc>
<arguments>
<arg>xpath://*[@id="layered_category_4"]</arg>
</arguments>
<msg timestamp="20210105 23:57:07.779" level="INFO">Clicking element 'xpath://*[@id="layered_category_4"]'.</msg>
<status status="PASS" starttime="20210105 23:57:07.778" endtime="20210105 23:57:07.859"></status>
</kw>
<kw name="Sleep" library="BuiltIn">
<doc>Pauses the test executed for the given time.</doc>
<arguments>
<arg>10s</arg>
</arguments>
<msg timestamp="20210105 23:57:17.860" level="INFO">Slept 10 seconds</msg>
<status status="PASS" starttime="20210105 23:57:07.859" endtime="20210105 23:57:17.860"></status>
</kw>
<kw name="Page Should Not Contain" library="SeleniumLibrary">
<doc>Verifies the current page does not contain ``text``.</doc>
<arguments>
<arg>Loading...</arg>
</arguments>
<kw name="Capture Page Screenshot" library="SeleniumLibrary">
<doc>Takes a screenshot of the current page and embeds it into a log file.</doc>
<msg timestamp="20210105 23:57:18.175" level="INFO" html="yes">&lt;/td&gt;&lt;/tr&gt;&lt;tr&gt;&lt;td colspan="3"&gt;&lt;a href="selenium-screenshot-3.png"&gt;&lt;img src="selenium-screenshot-3.png" width="800px"&gt;&lt;/a&gt;</msg>
<status status="PASS" starttime="20210105 23:57:18.010" endtime="20210105 23:57:18.175"></status>
</kw>
<msg timestamp="20210105 23:57:18.175" level="FAIL">Page should not have contained text 'Loading...'.</msg>
<status status="FAIL" starttime="20210105 23:57:17.861" endtime="20210105 23:57:18.175"></status>
</kw>
<status status="FAIL" starttime="20210105 23:57:02.976" endtime="20210105 23:57:18.175" critical="yes">Page should not have contained text 'Loading...'.</status>
</test>
<test id="s1-t3" name="Size Case">
<kw name="Log in user" library="log_in">
<arguments>
<arg>${email_1}</arg>
<arg>${pass_1}</arg>
</arguments>
<kw name="Go To" library="SeleniumLibrary">
<doc>Navigates the current browser window to the provided ``url``.</doc>
<arguments>
<arg>${login_page}</arg>
</arguments>
<msg timestamp="20210105 23:57:18.178" level="INFO">Opening url 'http://automationpractice.com/index.php?controller=authentication&amp;back=my-account'</msg>
<status status="PASS" starttime="20210105 23:57:18.177" endtime="20210105 23:57:19.586"></status>
</kw>
<kw name="Run Keyword And Ignore Error" library="BuiltIn">
<doc>Runs the given keyword with the given arguments and ignores possible error.</doc>
<arguments>
<arg>Page should contain</arg>
<arg>Sign in</arg>
</arguments>
<assign>
<var>${status}</var>
<var>${value}</var>
</assign>
<kw name="Page Should Contain" library="SeleniumLibrary">
<doc>Verifies that current page contains ``text``.</doc>
<arguments>
<arg>Sign in</arg>
</arguments>
<kw name="Capture Page Screenshot" library="SeleniumLibrary">
<doc>Takes a screenshot of the current page and embeds it into a log file.</doc>
<msg timestamp="20210105 23:57:19.786" level="INFO" html="yes">&lt;/td&gt;&lt;/tr&gt;&lt;tr&gt;&lt;td colspan="3"&gt;&lt;a href="selenium-screenshot-4.png"&gt;&lt;img src="selenium-screenshot-4.png" width="800px"&gt;&lt;/a&gt;</msg>
<status status="PASS" starttime="20210105 23:57:19.650" endtime="20210105 23:57:19.786"></status>
</kw>
<msg timestamp="20210105 23:57:19.787" level="FAIL">Page should have contained text 'Sign in' but did not.</msg>
<status status="FAIL" starttime="20210105 23:57:19.587" endtime="20210105 23:57:19.787"></status>
</kw>
<msg timestamp="20210105 23:57:19.787" level="INFO">${status} = FAIL</msg>
<msg timestamp="20210105 23:57:19.787" level="INFO">${value} = Page should have contained text 'Sign in' but did not.</msg>
<status status="PASS" starttime="20210105 23:57:19.586" endtime="20210105 23:57:19.787"></status>
</kw>
<kw name="Run Keyword If" library="BuiltIn">
<doc>Runs the given keyword with the given arguments, if ``condition`` is true.</doc>
<arguments>
<arg>'${status}' == 'PASS'</arg>
<arg>Log in</arg>
<arg>${user_email}</arg>
<arg>${user_pass}</arg>
</arguments>
<status status="PASS" starttime="20210105 23:57:19.787" endtime="20210105 23:57:19.788"></status>
</kw>
<status status="PASS" starttime="20210105 23:57:18.177" endtime="20210105 23:57:19.788"></status>
</kw>
<kw name="Go To" library="SeleniumLibrary">
<doc>Navigates the current browser window to the provided ``url``.</doc>
<arguments>
<arg>${website}</arg>
</arguments>
<msg timestamp="20210105 23:57:19.789" level="INFO">Opening url 'http://automationpractice.com/index.php'</msg>
<status status="PASS" starttime="20210105 23:57:19.788" endtime="20210105 23:57:21.325"></status>
</kw>
<kw name="Click Element" library="SeleniumLibrary">
<doc>Click the element identified by ``locator``.</doc>
<arguments>
<arg>xpath://*[@id="block_top_menu"]/ul/li[1]/a</arg>
</arguments>
<msg timestamp="20210105 23:57:21.326" level="INFO">Clicking element 'xpath://*[@id="block_top_menu"]/ul/li[1]/a'.</msg>
<status status="PASS" starttime="20210105 23:57:21.325" endtime="20210105 23:57:22.767"></status>
</kw>
<kw name="Click Element" library="SeleniumLibrary">
<doc>Click the element identified by ``locator``.</doc>
<arguments>
<arg>xpath://*[@id="layered_id_attribute_group_1"]</arg>
</arguments>
<msg timestamp="20210105 23:57:22.768" level="INFO">Clicking element 'xpath://*[@id="layered_id_attribute_group_1"]'.</msg>
<status status="PASS" starttime="20210105 23:57:22.767" endtime="20210105 23:57:22.857"></status>
</kw>
<kw name="Sleep" library="BuiltIn">
<doc>Pauses the test executed for the given time.</doc>
<arguments>
<arg>10s</arg>
</arguments>
<msg timestamp="20210105 23:57:32.859" level="INFO">Slept 10 seconds</msg>
<status status="PASS" starttime="20210105 23:57:22.858" endtime="20210105 23:57:32.861"></status>
</kw>
<kw name="Page Should Not Contain" library="SeleniumLibrary">
<doc>Verifies the current page does not contain ``text``.</doc>
<arguments>
<arg>Loading...</arg>
</arguments>
<kw name="Capture Page Screenshot" library="SeleniumLibrary">
<doc>Takes a screenshot of the current page and embeds it into a log file.</doc>
<msg timestamp="20210105 23:57:33.203" level="INFO" html="yes">&lt;/td&gt;&lt;/tr&gt;&lt;tr&gt;&lt;td colspan="3"&gt;&lt;a href="selenium-screenshot-5.png"&gt;&lt;img src="selenium-screenshot-5.png" width="800px"&gt;&lt;/a&gt;</msg>
<status status="PASS" starttime="20210105 23:57:32.952" endtime="20210105 23:57:33.203"></status>
</kw>
<msg timestamp="20210105 23:57:33.203" level="FAIL">Page should not have contained text 'Loading...'.</msg>
<status status="FAIL" starttime="20210105 23:57:32.862" endtime="20210105 23:57:33.203"></status>
</kw>
<status status="FAIL" starttime="20210105 23:57:18.176" endtime="20210105 23:57:33.204" critical="yes">Page should not have contained text 'Loading...'.</status>
</test>
<test id="s1-t4" name="Compositions Case">
<kw name="Log in user" library="log_in">
<arguments>
<arg>${email_1}</arg>
<arg>${pass_1}</arg>
</arguments>
<kw name="Go To" library="SeleniumLibrary">
<doc>Navigates the current browser window to the provided ``url``.</doc>
<arguments>
<arg>${login_page}</arg>
</arguments>
<msg timestamp="20210105 23:57:33.210" level="INFO">Opening url 'http://automationpractice.com/index.php?controller=authentication&amp;back=my-account'</msg>
<status status="PASS" starttime="20210105 23:57:33.207" endtime="20210105 23:57:34.779"></status>
</kw>
<kw name="Run Keyword And Ignore Error" library="BuiltIn">
<doc>Runs the given keyword with the given arguments and ignores possible error.</doc>
<arguments>
<arg>Page should contain</arg>
<arg>Sign in</arg>
</arguments>
<assign>
<var>${status}</var>
<var>${value}</var>
</assign>
<kw name="Page Should Contain" library="SeleniumLibrary">
<doc>Verifies that current page contains ``text``.</doc>
<arguments>
<arg>Sign in</arg>
</arguments>
<kw name="Capture Page Screenshot" library="SeleniumLibrary">
<doc>Takes a screenshot of the current page and embeds it into a log file.</doc>
<msg timestamp="20210105 23:57:34.988" level="INFO" html="yes">&lt;/td&gt;&lt;/tr&gt;&lt;tr&gt;&lt;td colspan="3"&gt;&lt;a href="selenium-screenshot-6.png"&gt;&lt;img src="selenium-screenshot-6.png" width="800px"&gt;&lt;/a&gt;</msg>
<status status="PASS" starttime="20210105 23:57:34.838" endtime="20210105 23:57:34.988"></status>
</kw>
<msg timestamp="20210105 23:57:34.989" level="FAIL">Page should have contained text 'Sign in' but did not.</msg>
<status status="FAIL" starttime="20210105 23:57:34.779" endtime="20210105 23:57:34.989"></status>
</kw>
<msg timestamp="20210105 23:57:34.989" level="INFO">${status} = FAIL</msg>
<msg timestamp="20210105 23:57:34.989" level="INFO">${value} = Page should have contained text 'Sign in' but did not.</msg>
<status status="PASS" starttime="20210105 23:57:34.779" endtime="20210105 23:57:34.990"></status>
</kw>
<kw name="Run Keyword If" library="BuiltIn">
<doc>Runs the given keyword with the given arguments, if ``condition`` is true.</doc>
<arguments>
<arg>'${status}' == 'PASS'</arg>
<arg>Log in</arg>
<arg>${user_email}</arg>
<arg>${user_pass}</arg>
</arguments>
<status status="PASS" starttime="20210105 23:57:34.990" endtime="20210105 23:57:34.990"></status>
</kw>
<status status="PASS" starttime="20210105 23:57:33.206" endtime="20210105 23:57:34.991"></status>
</kw>
<kw name="Go To" library="SeleniumLibrary">
<doc>Navigates the current browser window to the provided ``url``.</doc>
<arguments>
<arg>${website}</arg>
</arguments>
<msg timestamp="20210105 23:57:34.992" level="INFO">Opening url 'http://automationpractice.com/index.php'</msg>
<status status="PASS" starttime="20210105 23:57:34.991" endtime="20210105 23:57:36.022"></status>
</kw>
<kw name="Click Element" library="SeleniumLibrary">
<doc>Click the element identified by ``locator``.</doc>
<arguments>
<arg>xpath://*[@id="block_top_menu"]/ul/li[1]/a</arg>
</arguments>
<msg timestamp="20210105 23:57:36.024" level="INFO">Clicking element 'xpath://*[@id="block_top_menu"]/ul/li[1]/a'.</msg>
<status status="PASS" starttime="20210105 23:57:36.023" endtime="20210105 23:57:37.448"></status>
</kw>
<kw name="Click Element" library="SeleniumLibrary">
<doc>Click the element identified by ``locator``.</doc>
<arguments>
<arg>xpath://*[@id="layered_id_feature_5"]</arg>
</arguments>
<msg timestamp="20210105 23:57:37.449" level="INFO">Clicking element 'xpath://*[@id="layered_id_feature_5"]'.</msg>
<status status="PASS" starttime="20210105 23:57:37.448" endtime="20210105 23:57:37.583"></status>
</kw>
<kw name="Sleep" library="BuiltIn">
<doc>Pauses the test executed for the given time.</doc>
<arguments>
<arg>10s</arg>
</arguments>
<msg timestamp="20210105 23:57:47.584" level="INFO">Slept 10 seconds</msg>
<status status="PASS" starttime="20210105 23:57:37.583" endtime="20210105 23:57:47.585"></status>
</kw>
<kw name="Page Should Not Contain" library="SeleniumLibrary">
<doc>Verifies the current page does not contain ``text``.</doc>
<arguments>
<arg>Loading...</arg>
</arguments>
<kw name="Capture Page Screenshot" library="SeleniumLibrary">
<doc>Takes a screenshot of the current page and embeds it into a log file.</doc>
<msg timestamp="20210105 23:57:47.903" level="INFO" html="yes">&lt;/td&gt;&lt;/tr&gt;&lt;tr&gt;&lt;td colspan="3"&gt;&lt;a href="selenium-screenshot-7.png"&gt;&lt;img src="selenium-screenshot-7.png" width="800px"&gt;&lt;/a&gt;</msg>
<status status="PASS" starttime="20210105 23:57:47.691" endtime="20210105 23:57:47.903"></status>
</kw>
<msg timestamp="20210105 23:57:47.903" level="FAIL">Page should not have contained text 'Loading...'.</msg>
<status status="FAIL" starttime="20210105 23:57:47.586" endtime="20210105 23:57:47.903"></status>
</kw>
<status status="FAIL" starttime="20210105 23:57:33.205" endtime="20210105 23:57:47.904" critical="yes">Page should not have contained text 'Loading...'.</status>
</test>
<kw name="Close Browser" library="SeleniumLibrary" type="teardown">
<doc>Closes the current browser.</doc>
<status status="PASS" starttime="20210105 23:57:47.908" endtime="20210105 23:57:47.982"></status>
</kw>
<status status="FAIL" starttime="20210105 23:56:39.869" endtime="20210105 23:57:47.982"></status>
</suite>
<statistics>
<total>
<stat pass="0" fail="4">Critical Tests</stat>
<stat pass="0" fail="4">All Tests</stat>
</total>
<tag>
</tag>
<suite>
<stat pass="0" fail="4" id="s1" name="Loading Error">Loading Error</stat>
</suite>
</statistics>
<errors>
</errors>
</robot>
