<?xml version="1.0" encoding="UTF-8"?>
<robot generator="Robot 3.2.2 (Python 3.6.12 on linux)" generated="20210105 23:59:53.016" rpa="false">
<suite id="s1" name="Add To Cart" source="/home/evram/Desktop/projects/testing_project/test_suites/home/add_to_cart.robot">
<kw name="Open Site" library="common" type="setup">
<kw name="Open Browser" library="SeleniumLibrary">
<doc>Opens a new browser instance to the optional ``url``.</doc>
<arguments>
<arg>${website}</arg>
<arg>${browser}</arg>
</arguments>
<msg timestamp="20210105 23:59:53.178" level="INFO">Opening browser 'chrome' to base url 'http://automationpractice.com/index.php'.</msg>
<status status="PASS" starttime="20210105 23:59:53.177" endtime="20210106 00:00:16.777"></status>
</kw>
<status status="PASS" starttime="20210105 23:59:53.177" endtime="20210106 00:00:16.778"></status>
</kw>
<test id="s1-t1" name="Test Home Carting">
<kw name="Log in user" library="log_in">
<arguments>
<arg>${email_1}</arg>
<arg>${pass_1}</arg>
</arguments>
<kw name="Go To" library="SeleniumLibrary">
<doc>Navigates the current browser window to the provided ``url``.</doc>
<arguments>
<arg>${login_page}</arg>
</arguments>
<msg timestamp="20210106 00:00:16.781" level="INFO">Opening url 'http://automationpractice.com/index.php?controller=authentication&amp;back=my-account'</msg>
<status status="PASS" starttime="20210106 00:00:16.781" endtime="20210106 00:00:18.527"></status>
</kw>
<kw name="Run Keyword And Ignore Error" library="BuiltIn">
<doc>Runs the given keyword with the given arguments and ignores possible error.</doc>
<arguments>
<arg>Page should contain</arg>
<arg>Sign in</arg>
</arguments>
<assign>
<var>${status}</var>
<var>${value}</var>
</assign>
<kw name="Page Should Contain" library="SeleniumLibrary">
<doc>Verifies that current page contains ``text``.</doc>
<arguments>
<arg>Sign in</arg>
</arguments>
<msg timestamp="20210106 00:00:18.559" level="INFO">Current page contains text 'Sign in'.</msg>
<status status="PASS" starttime="20210106 00:00:18.528" endtime="20210106 00:00:18.559"></status>
</kw>
<msg timestamp="20210106 00:00:18.559" level="INFO">${status} = PASS</msg>
<msg timestamp="20210106 00:00:18.559" level="INFO">${value} = None</msg>
<status status="PASS" starttime="20210106 00:00:18.528" endtime="20210106 00:00:18.559"></status>
</kw>
<kw name="Run Keyword If" library="BuiltIn">
<doc>Runs the given keyword with the given arguments, if ``condition`` is true.</doc>
<arguments>
<arg>'${status}' == 'PASS'</arg>
<arg>Log in</arg>
<arg>${user_email}</arg>
<arg>${user_pass}</arg>
</arguments>
<kw name="Log in" library="log_in">
<arguments>
<arg>${user_email}</arg>
<arg>${user_pass}</arg>
</arguments>
<kw name="Wait Until Page Contains" library="SeleniumLibrary">
<doc>Waits until ``text`` appears on the current page.</doc>
<arguments>
<arg>Authentication</arg>
</arguments>
<status status="PASS" starttime="20210106 00:00:18.560" endtime="20210106 00:00:18.575"></status>
</kw>
<kw name="Input Text" library="SeleniumLibrary">
<doc>Types the given ``text`` into the text field identified by ``locator``.</doc>
<arguments>
<arg>id:email</arg>
<arg>${user_email}</arg>
<arg>clear=True</arg>
</arguments>
<msg timestamp="20210106 00:00:18.575" level="INFO">Typing text 'test_1@test.comm' into text field 'id:email'.</msg>
<status status="PASS" starttime="20210106 00:00:18.575" endtime="20210106 00:00:18.711"></status>
</kw>
<kw name="Input Text" library="SeleniumLibrary">
<doc>Types the given ``text`` into the text field identified by ``locator``.</doc>
<arguments>
<arg>id:passwd</arg>
<arg>${user_pass}</arg>
<arg>clear=True</arg>
</arguments>
<msg timestamp="20210106 00:00:18.712" level="INFO">Typing text 'robotframeworkpass' into text field 'id:passwd'.</msg>
<status status="PASS" starttime="20210106 00:00:18.711" endtime="20210106 00:00:18.856"></status>
</kw>
<kw name="Press Keys" library="SeleniumLibrary">
<doc>Simulates the user pressing key(s) to an element or on the active browser.</doc>
<arguments>
<arg>id:SubmitLogin</arg>
<arg>RETURN</arg>
</arguments>
<msg timestamp="20210106 00:00:18.858" level="INFO">Sending key(s) ('RETURN',) to id:SubmitLogin element.</msg>
<msg timestamp="20210106 00:00:20.836" level="INFO">Pressing special key RETURN to element.</msg>
<msg timestamp="20210106 00:00:20.836" level="INFO">Releasing special key RETURN.</msg>
<status status="PASS" starttime="20210106 00:00:18.857" endtime="20210106 00:00:20.844"></status>
</kw>
<status status="PASS" starttime="20210106 00:00:18.560" endtime="20210106 00:00:20.844"></status>
</kw>
<status status="PASS" starttime="20210106 00:00:18.559" endtime="20210106 00:00:20.844"></status>
</kw>
<status status="PASS" starttime="20210106 00:00:16.780" endtime="20210106 00:00:20.845"></status>
</kw>
<kw name="Add to cart" library="addtocart">
<kw name="Go To" library="SeleniumLibrary">
<doc>Navigates the current browser window to the provided ``url``.</doc>
<arguments>
<arg>${website}</arg>
</arguments>
<msg timestamp="20210106 00:00:20.846" level="INFO">Opening url 'http://automationpractice.com/index.php'</msg>
<status status="PASS" starttime="20210106 00:00:20.845" endtime="20210106 00:00:23.193"></status>
</kw>
<kw name="Mouse Over" library="SeleniumLibrary">
<doc>Simulates hovering the mouse over the element ``locator``.</doc>
<arguments>
<arg>xpath://*[@id="homefeatured"]/li[1]/div/div[1]/div/a[1]/img</arg>
</arguments>
<msg timestamp="20210106 00:00:23.193" level="INFO">Simulating Mouse Over on element 'xpath://*[@id="homefeatured"]/li[1]/div/div[1]/div/a[1]/img'.</msg>
<status status="PASS" starttime="20210106 00:00:23.193" endtime="20210106 00:00:23.512"></status>
</kw>
<kw name="Click Element" library="SeleniumLibrary">
<doc>Click the element identified by ``locator``.</doc>
<arguments>
<arg>xpath://*[@id="homefeatured"]/li[1]/div/div[2]/div[2]/a[1]</arg>
</arguments>
<msg timestamp="20210106 00:00:23.514" level="INFO">Clicking element 'xpath://*[@id="homefeatured"]/li[1]/div/div[2]/div[2]/a[1]'.</msg>
<status status="PASS" starttime="20210106 00:00:23.513" endtime="20210106 00:00:23.720"></status>
</kw>
<kw name="Continue Shopping" library="addtocart">
<arguments>
<arg>1</arg>
</arguments>
<kw name="Wait Until Element Is Visible" library="SeleniumLibrary">
<doc>Waits until the element ``locator`` is visible.</doc>
<arguments>
<arg>xpath://*[@id="layer_cart"]/div[1]/div[2]/div[4]/span/span</arg>
<arg>timeout= 10s</arg>
</arguments>
<status status="PASS" starttime="20210106 00:00:23.724" endtime="20210106 00:00:24.526"></status>
</kw>
<kw name="Page Should Contain" library="SeleniumLibrary">
<doc>Verifies that current page contains ``text``.</doc>
<arguments>
<arg>Product successfully added to your shopping cart</arg>
</arguments>
<msg timestamp="20210106 00:00:24.550" level="INFO">Current page contains text 'Product successfully added to your shopping cart'.</msg>
<status status="PASS" starttime="20210106 00:00:24.526" endtime="20210106 00:00:24.550"></status>
</kw>
<kw name="Click Element" library="SeleniumLibrary">
<doc>Click the element identified by ``locator``.</doc>
<arguments>
<arg>xpath://*[@id="layer_cart"]/div[1]/div[2]/div[4]/span/span</arg>
</arguments>
<msg timestamp="20210106 00:00:24.551" level="INFO">Clicking element 'xpath://*[@id="layer_cart"]/div[1]/div[2]/div[4]/span/span'.</msg>
<status status="PASS" starttime="20210106 00:00:24.551" endtime="20210106 00:00:24.614"></status>
</kw>
<kw name="Element Should Contain" library="SeleniumLibrary">
<doc>Verifies that element ``locator`` contains text ``expected``.</doc>
<arguments>
<arg>xpath://*[@id="header"]/div[3]/div/div/div[3]/div/a/span[1]</arg>
<arg>${count}</arg>
</arguments>
<msg timestamp="20210106 00:00:24.661" level="INFO">Element 'xpath://*[@id="header"]/div[3]/div/div/div[3]/div/a/span[1]' contains text '1'.</msg>
<status status="PASS" starttime="20210106 00:00:24.615" endtime="20210106 00:00:24.661"></status>
</kw>
<status status="PASS" starttime="20210106 00:00:23.721" endtime="20210106 00:00:24.662"></status>
</kw>
<kw name="Mouse Over" library="SeleniumLibrary">
<doc>Simulates hovering the mouse over the element ``locator``.</doc>
<arguments>
<arg>xpath://*[@id="homefeatured"]/li[1]/div/div[1]/div/a[1]/img</arg>
</arguments>
<msg timestamp="20210106 00:00:24.664" level="INFO">Simulating Mouse Over on element 'xpath://*[@id="homefeatured"]/li[1]/div/div[1]/div/a[1]/img'.</msg>
<status status="PASS" starttime="20210106 00:00:24.663" endtime="20210106 00:00:24.961"></status>
</kw>
<kw name="Click Element" library="SeleniumLibrary">
<doc>Click the element identified by ``locator``.</doc>
<arguments>
<arg>xpath://*[@id="homefeatured"]/li[1]/div/div[2]/div[2]/a[2]</arg>
</arguments>
<msg timestamp="20210106 00:00:24.962" level="INFO">Clicking element 'xpath://*[@id="homefeatured"]/li[1]/div/div[2]/div[2]/a[2]'.</msg>
<status status="PASS" starttime="20210106 00:00:24.961" endtime="20210106 00:00:27.959"></status>
</kw>
<kw name="Element Should Contain" library="SeleniumLibrary">
<doc>Verifies that element ``locator`` contains text ``expected``.</doc>
<arguments>
<arg>xpath://*[@id="center_column"]/div/section[2]/h3</arg>
<arg>MORE INFO</arg>
</arguments>
<msg timestamp="20210106 00:00:28.015" level="INFO">Element 'xpath://*[@id="center_column"]/div/section[2]/h3' contains text 'MORE INFO'.</msg>
<status status="PASS" starttime="20210106 00:00:27.960" endtime="20210106 00:00:28.015"></status>
</kw>
<kw name="Click Element" library="SeleniumLibrary">
<doc>Click the element identified by ``locator``.</doc>
<arguments>
<arg>xpath://*[@id="add_to_cart"]/button/span</arg>
</arguments>
<msg timestamp="20210106 00:00:28.016" level="INFO">Clicking element 'xpath://*[@id="add_to_cart"]/button/span'.</msg>
<status status="PASS" starttime="20210106 00:00:28.016" endtime="20210106 00:00:28.097"></status>
</kw>
<kw name="Continue Shopping" library="addtocart">
<arguments>
<arg>2</arg>
</arguments>
<kw name="Wait Until Element Is Visible" library="SeleniumLibrary">
<doc>Waits until the element ``locator`` is visible.</doc>
<arguments>
<arg>xpath://*[@id="layer_cart"]/div[1]/div[2]/div[4]/span/span</arg>
<arg>timeout= 10s</arg>
</arguments>
<status status="PASS" starttime="20210106 00:00:28.098" endtime="20210106 00:00:28.918"></status>
</kw>
<kw name="Page Should Contain" library="SeleniumLibrary">
<doc>Verifies that current page contains ``text``.</doc>
<arguments>
<arg>Product successfully added to your shopping cart</arg>
</arguments>
<msg timestamp="20210106 00:00:28.965" level="INFO">Current page contains text 'Product successfully added to your shopping cart'.</msg>
<status status="PASS" starttime="20210106 00:00:28.919" endtime="20210106 00:00:28.966"></status>
</kw>
<kw name="Click Element" library="SeleniumLibrary">
<doc>Click the element identified by ``locator``.</doc>
<arguments>
<arg>xpath://*[@id="layer_cart"]/div[1]/div[2]/div[4]/span/span</arg>
</arguments>
<msg timestamp="20210106 00:00:28.968" level="INFO">Clicking element 'xpath://*[@id="layer_cart"]/div[1]/div[2]/div[4]/span/span'.</msg>
<status status="PASS" starttime="20210106 00:00:28.967" endtime="20210106 00:00:29.162"></status>
</kw>
<kw name="Element Should Contain" library="SeleniumLibrary">
<doc>Verifies that element ``locator`` contains text ``expected``.</doc>
<arguments>
<arg>xpath://*[@id="header"]/div[3]/div/div/div[3]/div/a/span[1]</arg>
<arg>${count}</arg>
</arguments>
<msg timestamp="20210106 00:00:29.222" level="INFO">Element 'xpath://*[@id="header"]/div[3]/div/div/div[3]/div/a/span[1]' contains text '2'.</msg>
<status status="PASS" starttime="20210106 00:00:29.164" endtime="20210106 00:00:29.223"></status>
</kw>
<status status="PASS" starttime="20210106 00:00:28.098" endtime="20210106 00:00:29.223"></status>
</kw>
<kw name="Click Element" library="SeleniumLibrary">
<doc>Click the element identified by ``locator``.</doc>
<arguments>
<arg>xpath://*[@id="block_top_menu"]/ul/li[1]/a</arg>
</arguments>
<msg timestamp="20210106 00:00:29.225" level="INFO">Clicking element 'xpath://*[@id="block_top_menu"]/ul/li[1]/a'.</msg>
<status status="PASS" starttime="20210106 00:00:29.224" endtime="20210106 00:00:32.446"></status>
</kw>
<kw name="Mouse Over" library="SeleniumLibrary">
<doc>Simulates hovering the mouse over the element ``locator``.</doc>
<arguments>
<arg>xpath://*[@id="center_column"]/ul/li[2]/div/div[1]/div/a[1]/img</arg>
</arguments>
<msg timestamp="20210106 00:00:32.449" level="INFO">Simulating Mouse Over on element 'xpath://*[@id="center_column"]/ul/li[2]/div/div[1]/div/a[1]/img'.</msg>
<status status="PASS" starttime="20210106 00:00:32.448" endtime="20210106 00:00:32.763"></status>
</kw>
<kw name="Click Element" library="SeleniumLibrary">
<doc>Click the element identified by ``locator``.</doc>
<arguments>
<arg>xpath://*[@id="center_column"]/ul/li[2]/div/div[2]/div[2]/a[1]</arg>
</arguments>
<msg timestamp="20210106 00:00:32.764" level="INFO">Clicking element 'xpath://*[@id="center_column"]/ul/li[2]/div/div[2]/div[2]/a[1]'.</msg>
<status status="PASS" starttime="20210106 00:00:32.763" endtime="20210106 00:00:32.977"></status>
</kw>
<kw name="Continue Shopping" library="addtocart">
<arguments>
<arg>3</arg>
</arguments>
<kw name="Wait Until Element Is Visible" library="SeleniumLibrary">
<doc>Waits until the element ``locator`` is visible.</doc>
<arguments>
<arg>xpath://*[@id="layer_cart"]/div[1]/div[2]/div[4]/span/span</arg>
<arg>timeout= 10s</arg>
</arguments>
<status status="PASS" starttime="20210106 00:00:32.978" endtime="20210106 00:00:33.991"></status>
</kw>
<kw name="Page Should Contain" library="SeleniumLibrary">
<doc>Verifies that current page contains ``text``.</doc>
<arguments>
<arg>Product successfully added to your shopping cart</arg>
</arguments>
<msg timestamp="20210106 00:00:34.005" level="INFO">Current page contains text 'Product successfully added to your shopping cart'.</msg>
<status status="PASS" starttime="20210106 00:00:33.991" endtime="20210106 00:00:34.006"></status>
</kw>
<kw name="Click Element" library="SeleniumLibrary">
<doc>Click the element identified by ``locator``.</doc>
<arguments>
<arg>xpath://*[@id="layer_cart"]/div[1]/div[2]/div[4]/span/span</arg>
</arguments>
<msg timestamp="20210106 00:00:34.006" level="INFO">Clicking element 'xpath://*[@id="layer_cart"]/div[1]/div[2]/div[4]/span/span'.</msg>
<status status="PASS" starttime="20210106 00:00:34.006" endtime="20210106 00:00:34.061"></status>
</kw>
<kw name="Element Should Contain" library="SeleniumLibrary">
<doc>Verifies that element ``locator`` contains text ``expected``.</doc>
<arguments>
<arg>xpath://*[@id="header"]/div[3]/div/div/div[3]/div/a/span[1]</arg>
<arg>${count}</arg>
</arguments>
<msg timestamp="20210106 00:00:34.095" level="INFO">Element 'xpath://*[@id="header"]/div[3]/div/div/div[3]/div/a/span[1]' contains text '3'.</msg>
<status status="PASS" starttime="20210106 00:00:34.061" endtime="20210106 00:00:34.095"></status>
</kw>
<status status="PASS" starttime="20210106 00:00:32.978" endtime="20210106 00:00:34.096"></status>
</kw>
<kw name="Mouse Over" library="SeleniumLibrary">
<doc>Simulates hovering the mouse over the element ``locator``.</doc>
<arguments>
<arg>xpath://*[@id="center_column"]/ul/li[2]/div/div[1]/div/a[1]/img</arg>
</arguments>
<msg timestamp="20210106 00:00:34.097" level="INFO">Simulating Mouse Over on element 'xpath://*[@id="center_column"]/ul/li[2]/div/div[1]/div/a[1]/img'.</msg>
<status status="PASS" starttime="20210106 00:00:34.096" endtime="20210106 00:00:34.388"></status>
</kw>
<kw name="Click Element" library="SeleniumLibrary">
<doc>Click the element identified by ``locator``.</doc>
<arguments>
<arg>xpath://*[@id="center_column"]/ul/li[2]/div/div[3]/div[2]/a</arg>
</arguments>
<msg timestamp="20210106 00:00:34.389" level="INFO">Clicking element 'xpath://*[@id="center_column"]/ul/li[2]/div/div[3]/div[2]/a'.</msg>
<status status="PASS" starttime="20210106 00:00:34.388" endtime="20210106 00:00:34.587"></status>
</kw>
<kw name="Click Element" library="SeleniumLibrary">
<doc>Click the element identified by ``locator``.</doc>
<arguments>
<arg>xpath://*[@id="center_column"]/div[3]/div[2]/form/button</arg>
</arguments>
<msg timestamp="20210106 00:00:34.588" level="INFO">Clicking element 'xpath://*[@id="center_column"]/div[3]/div[2]/form/button'.</msg>
<status status="PASS" starttime="20210106 00:00:34.588" endtime="20210106 00:00:37.186"></status>
</kw>
<kw name="Click Element" library="SeleniumLibrary">
<doc>Click the element identified by ``locator``.</doc>
<arguments>
<arg>xpath://*[@id="product_comparison"]/tbody/tr[1]/td[2]/div[5]/div/div/a[1]</arg>
</arguments>
<msg timestamp="20210106 00:00:37.187" level="INFO">Clicking element 'xpath://*[@id="product_comparison"]/tbody/tr[1]/td[2]/div[5]/div/div/a[1]'.</msg>
<status status="PASS" starttime="20210106 00:00:37.187" endtime="20210106 00:00:37.254"></status>
</kw>
<kw name="Continue Shopping" library="addtocart">
<arguments>
<arg>4</arg>
</arguments>
<kw name="Wait Until Element Is Visible" library="SeleniumLibrary">
<doc>Waits until the element ``locator`` is visible.</doc>
<arguments>
<arg>xpath://*[@id="layer_cart"]/div[1]/div[2]/div[4]/span/span</arg>
<arg>timeout= 10s</arg>
</arguments>
<status status="PASS" starttime="20210106 00:00:37.254" endtime="20210106 00:00:38.273"></status>
</kw>
<kw name="Page Should Contain" library="SeleniumLibrary">
<doc>Verifies that current page contains ``text``.</doc>
<arguments>
<arg>Product successfully added to your shopping cart</arg>
</arguments>
<msg timestamp="20210106 00:00:38.313" level="INFO">Current page contains text 'Product successfully added to your shopping cart'.</msg>
<status status="PASS" starttime="20210106 00:00:38.273" endtime="20210106 00:00:38.313"></status>
</kw>
<kw name="Click Element" library="SeleniumLibrary">
<doc>Click the element identified by ``locator``.</doc>
<arguments>
<arg>xpath://*[@id="layer_cart"]/div[1]/div[2]/div[4]/span/span</arg>
</arguments>
<msg timestamp="20210106 00:00:38.314" level="INFO">Clicking element 'xpath://*[@id="layer_cart"]/div[1]/div[2]/div[4]/span/span'.</msg>
<status status="PASS" starttime="20210106 00:00:38.314" endtime="20210106 00:00:38.371"></status>
</kw>
<kw name="Element Should Contain" library="SeleniumLibrary">
<doc>Verifies that element ``locator`` contains text ``expected``.</doc>
<arguments>
<arg>xpath://*[@id="header"]/div[3]/div/div/div[3]/div/a/span[1]</arg>
<arg>${count}</arg>
</arguments>
<msg timestamp="20210106 00:00:38.397" level="INFO">Element 'xpath://*[@id="header"]/div[3]/div/div/div[3]/div/a/span[1]' contains text '4'.</msg>
<status status="PASS" starttime="20210106 00:00:38.371" endtime="20210106 00:00:38.398"></status>
</kw>
<status status="PASS" starttime="20210106 00:00:37.254" endtime="20210106 00:00:38.398"></status>
</kw>
<kw name="Mouse Over" library="SeleniumLibrary">
<doc>Simulates hovering the mouse over the element ``locator``.</doc>
<arguments>
<arg>xpath://*[@id="header"]/div[3]/div/div/div[3]/div/a</arg>
</arguments>
<msg timestamp="20210106 00:00:38.398" level="INFO">Simulating Mouse Over on element 'xpath://*[@id="header"]/div[3]/div/div/div[3]/div/a'.</msg>
<status status="PASS" starttime="20210106 00:00:38.398" endtime="20210106 00:00:38.690"></status>
</kw>
<kw name="Click Element" library="SeleniumLibrary">
<doc>Click the element identified by ``locator``.</doc>
<arguments>
<arg>xpath://*[@id="header"]/div[3]/div/div/div[3]/div/div/div/div/dl/dt/span/a</arg>
</arguments>
<msg timestamp="20210106 00:00:38.692" level="INFO">Clicking element 'xpath://*[@id="header"]/div[3]/div/div/div[3]/div/div/div/div/dl/dt/span/a'.</msg>
<status status="PASS" starttime="20210106 00:00:38.691" endtime="20210106 00:00:38.863"></status>
</kw>
<kw name="Wait Until Element Contains" library="SeleniumLibrary">
<doc>Waits until the element ``locator`` contains ``text``.</doc>
<arguments>
<arg>xpath://*[@id="header"]/div[3]/div/div/div[3]/div/a/span[1]</arg>
<arg>2</arg>
<arg>timeout= 10s</arg>
</arguments>
<status status="PASS" starttime="20210106 00:00:38.864" endtime="20210106 00:00:39.704"></status>
</kw>
<kw name="Click Element" library="SeleniumLibrary">
<doc>Click the element identified by ``locator``.</doc>
<arguments>
<arg>xpath://*[@id="header_logo"]/a/img</arg>
</arguments>
<msg timestamp="20210106 00:00:39.705" level="INFO">Clicking element 'xpath://*[@id="header_logo"]/a/img'.</msg>
<status status="PASS" starttime="20210106 00:00:39.704" endtime="20210106 00:00:42.101"></status>
</kw>
<kw name="Click Element" library="SeleniumLibrary">
<doc>Click the element identified by ``locator``.</doc>
<arguments>
<arg>xpath://*[@id="home-page-tabs"]/li[2]/a</arg>
</arguments>
<msg timestamp="20210106 00:00:42.104" level="INFO">Clicking element 'xpath://*[@id="home-page-tabs"]/li[2]/a'.</msg>
<status status="PASS" starttime="20210106 00:00:42.102" endtime="20210106 00:00:42.213"></status>
</kw>
<kw name="Mouse Over" library="SeleniumLibrary">
<doc>Simulates hovering the mouse over the element ``locator``.</doc>
<arguments>
<arg>xpath://*[@id="blockbestsellers"]/li[1]/div/div[1]/div/a[1]/img</arg>
</arguments>
<msg timestamp="20210106 00:00:42.213" level="INFO">Simulating Mouse Over on element 'xpath://*[@id="blockbestsellers"]/li[1]/div/div[1]/div/a[1]/img'.</msg>
<status status="PASS" starttime="20210106 00:00:42.213" endtime="20210106 00:00:42.514"></status>
</kw>
<kw name="Click Element" library="SeleniumLibrary">
<doc>Click the element identified by ``locator``.</doc>
<arguments>
<arg>xpath://*[@id="blockbestsellers"]/li[1]/div/div[2]/div[2]/a[1]</arg>
</arguments>
<msg timestamp="20210106 00:00:42.516" level="INFO">Clicking element 'xpath://*[@id="blockbestsellers"]/li[1]/div/div[2]/div[2]/a[1]'.</msg>
<status status="PASS" starttime="20210106 00:00:42.515" endtime="20210106 00:00:42.720"></status>
</kw>
<kw name="Continue Shopping" library="addtocart">
<arguments>
<arg>3</arg>
</arguments>
<kw name="Wait Until Element Is Visible" library="SeleniumLibrary">
<doc>Waits until the element ``locator`` is visible.</doc>
<arguments>
<arg>xpath://*[@id="layer_cart"]/div[1]/div[2]/div[4]/span/span</arg>
<arg>timeout= 10s</arg>
</arguments>
<status status="PASS" starttime="20210106 00:00:42.724" endtime="20210106 00:00:43.417"></status>
</kw>
<kw name="Page Should Contain" library="SeleniumLibrary">
<doc>Verifies that current page contains ``text``.</doc>
<arguments>
<arg>Product successfully added to your shopping cart</arg>
</arguments>
<msg timestamp="20210106 00:00:43.468" level="INFO">Current page contains text 'Product successfully added to your shopping cart'.</msg>
<status status="PASS" starttime="20210106 00:00:43.418" endtime="20210106 00:00:43.469"></status>
</kw>
<kw name="Click Element" library="SeleniumLibrary">
<doc>Click the element identified by ``locator``.</doc>
<arguments>
<arg>xpath://*[@id="layer_cart"]/div[1]/div[2]/div[4]/span/span</arg>
</arguments>
<msg timestamp="20210106 00:00:43.471" level="INFO">Clicking element 'xpath://*[@id="layer_cart"]/div[1]/div[2]/div[4]/span/span'.</msg>
<status status="PASS" starttime="20210106 00:00:43.470" endtime="20210106 00:00:43.599"></status>
</kw>
<kw name="Element Should Contain" library="SeleniumLibrary">
<doc>Verifies that element ``locator`` contains text ``expected``.</doc>
<arguments>
<arg>xpath://*[@id="header"]/div[3]/div/div/div[3]/div/a/span[1]</arg>
<arg>${count}</arg>
</arguments>
<msg timestamp="20210106 00:00:43.650" level="INFO">Element 'xpath://*[@id="header"]/div[3]/div/div/div[3]/div/a/span[1]' contains text '3'.</msg>
<status status="PASS" starttime="20210106 00:00:43.600" endtime="20210106 00:00:43.650"></status>
</kw>
<status status="PASS" starttime="20210106 00:00:42.721" endtime="20210106 00:00:43.651"></status>
</kw>
<status status="PASS" starttime="20210106 00:00:20.845" endtime="20210106 00:00:43.651"></status>
</kw>
<status status="PASS" starttime="20210106 00:00:16.778" endtime="20210106 00:00:43.651" critical="yes"></status>
</test>
<kw name="Close Browser" library="SeleniumLibrary" type="teardown">
<doc>Closes the current browser.</doc>
<status status="PASS" starttime="20210106 00:00:43.653" endtime="20210106 00:00:43.817"></status>
</kw>
<status status="PASS" starttime="20210105 23:59:53.017" endtime="20210106 00:00:43.817"></status>
</suite>
<statistics>
<total>
<stat pass="1" fail="0">Critical Tests</stat>
<stat pass="1" fail="0">All Tests</stat>
</total>
<tag>
</tag>
<suite>
<stat pass="1" fail="0" id="s1" name="Add To Cart">Add To Cart</stat>
</suite>
</statistics>
<errors>
</errors>
</robot>
