<?xml version="1.0" encoding="UTF-8"?>
<robot generator="Robot 3.2.2 (Python 3.6.12 on linux)" generated="20210106 03:05:40.703" rpa="false">
<suite id="s1" name="Data Driven" source="/home/evram/Desktop/projects/testing_project/test_suites/system_test/data_driven.robot">
<kw name="Open Site" library="common" type="setup">
<kw name="Open Browser" library="SeleniumLibrary">
<doc>Opens a new browser instance to the optional ``url``.</doc>
<arguments>
<arg>${website}</arg>
<arg>${browser}</arg>
</arguments>
<msg timestamp="20210106 03:05:40.883" level="INFO">Opening browser 'chrome' to base url 'http://automationpractice.com/index.php'.</msg>
<status status="PASS" starttime="20210106 03:05:40.883" endtime="20210106 03:05:51.005"></status>
</kw>
<status status="PASS" starttime="20210106 03:05:40.883" endtime="20210106 03:05:51.005"></status>
</kw>
<test id="s1-t1" name="Log in test Case 1">
<kw name="Log in user" library="log_in">
<arguments>
<arg>garbage@garbage.com</arg>
<arg>${pass_1}</arg>
</arguments>
<kw name="Go To" library="SeleniumLibrary">
<doc>Navigates the current browser window to the provided ``url``.</doc>
<arguments>
<arg>${login_page}</arg>
</arguments>
<msg timestamp="20210106 03:05:51.009" level="INFO">Opening url 'http://automationpractice.com/index.php?controller=authentication&amp;back=my-account'</msg>
<status status="PASS" starttime="20210106 03:05:51.009" endtime="20210106 03:05:55.884"></status>
</kw>
<kw name="Run Keyword And Ignore Error" library="BuiltIn">
<doc>Runs the given keyword with the given arguments and ignores possible error.</doc>
<arguments>
<arg>Page should contain</arg>
<arg>Sign in</arg>
</arguments>
<assign>
<var>${status}</var>
<var>${value}</var>
</assign>
<kw name="Page Should Contain" library="SeleniumLibrary">
<doc>Verifies that current page contains ``text``.</doc>
<arguments>
<arg>Sign in</arg>
</arguments>
<msg timestamp="20210106 03:05:55.903" level="INFO">Current page contains text 'Sign in'.</msg>
<status status="PASS" starttime="20210106 03:05:55.885" endtime="20210106 03:05:55.903"></status>
</kw>
<msg timestamp="20210106 03:05:55.903" level="INFO">${status} = PASS</msg>
<msg timestamp="20210106 03:05:55.903" level="INFO">${value} = None</msg>
<status status="PASS" starttime="20210106 03:05:55.884" endtime="20210106 03:05:55.903"></status>
</kw>
<kw name="Run Keyword If" library="BuiltIn">
<doc>Runs the given keyword with the given arguments, if ``condition`` is true.</doc>
<arguments>
<arg>'${status}' == 'PASS'</arg>
<arg>Log in</arg>
<arg>${user_email}</arg>
<arg>${user_pass}</arg>
</arguments>
<kw name="Log in" library="log_in">
<arguments>
<arg>${user_email}</arg>
<arg>${user_pass}</arg>
</arguments>
<kw name="Wait Until Page Contains" library="SeleniumLibrary">
<doc>Waits until ``text`` appears on the current page.</doc>
<arguments>
<arg>Authentication</arg>
</arguments>
<status status="PASS" starttime="20210106 03:05:55.905" endtime="20210106 03:05:55.917"></status>
</kw>
<kw name="Input Text" library="SeleniumLibrary">
<doc>Types the given ``text`` into the text field identified by ``locator``.</doc>
<arguments>
<arg>id:email</arg>
<arg>${user_email}</arg>
<arg>clear=True</arg>
</arguments>
<msg timestamp="20210106 03:05:55.917" level="INFO">Typing text 'garbage@garbage.com' into text field 'id:email'.</msg>
<status status="PASS" starttime="20210106 03:05:55.917" endtime="20210106 03:05:56.023"></status>
</kw>
<kw name="Input Text" library="SeleniumLibrary">
<doc>Types the given ``text`` into the text field identified by ``locator``.</doc>
<arguments>
<arg>id:passwd</arg>
<arg>${user_pass}</arg>
<arg>clear=True</arg>
</arguments>
<msg timestamp="20210106 03:05:56.023" level="INFO">Typing text 'robotframeworkpass' into text field 'id:passwd'.</msg>
<status status="PASS" starttime="20210106 03:05:56.023" endtime="20210106 03:05:56.136"></status>
</kw>
<kw name="Press Keys" library="SeleniumLibrary">
<doc>Simulates the user pressing key(s) to an element or on the active browser.</doc>
<arguments>
<arg>id:SubmitLogin</arg>
<arg>RETURN</arg>
</arguments>
<msg timestamp="20210106 03:05:56.137" level="INFO">Sending key(s) ('RETURN',) to id:SubmitLogin element.</msg>
<msg timestamp="20210106 03:05:58.457" level="INFO">Pressing special key RETURN to element.</msg>
<msg timestamp="20210106 03:05:58.457" level="INFO">Releasing special key RETURN.</msg>
<status status="PASS" starttime="20210106 03:05:56.136" endtime="20210106 03:05:58.467"></status>
</kw>
<status status="PASS" starttime="20210106 03:05:55.904" endtime="20210106 03:05:58.468"></status>
</kw>
<status status="PASS" starttime="20210106 03:05:55.904" endtime="20210106 03:05:58.468"></status>
</kw>
<status status="PASS" starttime="20210106 03:05:51.008" endtime="20210106 03:05:58.468"></status>
</kw>
<kw name="Page Should Contain" library="SeleniumLibrary">
<doc>Verifies that current page contains ``text``.</doc>
<arguments>
<arg>error</arg>
</arguments>
<msg timestamp="20210106 03:05:58.488" level="INFO">Current page contains text 'error'.</msg>
<status status="PASS" starttime="20210106 03:05:58.469" endtime="20210106 03:05:58.488"></status>
</kw>
<doc>LOGIN Test Cases</doc>
<tags>
<tag>Login Component Data-Driven</tag>
</tags>
<status status="PASS" starttime="20210106 03:05:51.006" endtime="20210106 03:05:58.488" critical="yes"></status>
</test>
<test id="s1-t2" name="Log in test Case 2">
<kw name="Log in user" library="log_in">
<arguments>
<arg>${email_1}</arg>
<arg>garbage_pwd</arg>
</arguments>
<kw name="Go To" library="SeleniumLibrary">
<doc>Navigates the current browser window to the provided ``url``.</doc>
<arguments>
<arg>${login_page}</arg>
</arguments>
<msg timestamp="20210106 03:05:58.491" level="INFO">Opening url 'http://automationpractice.com/index.php?controller=authentication&amp;back=my-account'</msg>
<status status="PASS" starttime="20210106 03:05:58.491" endtime="20210106 03:05:59.780"></status>
</kw>
<kw name="Run Keyword And Ignore Error" library="BuiltIn">
<doc>Runs the given keyword with the given arguments and ignores possible error.</doc>
<arguments>
<arg>Page should contain</arg>
<arg>Sign in</arg>
</arguments>
<assign>
<var>${status}</var>
<var>${value}</var>
</assign>
<kw name="Page Should Contain" library="SeleniumLibrary">
<doc>Verifies that current page contains ``text``.</doc>
<arguments>
<arg>Sign in</arg>
</arguments>
<msg timestamp="20210106 03:05:59.797" level="INFO">Current page contains text 'Sign in'.</msg>
<status status="PASS" starttime="20210106 03:05:59.781" endtime="20210106 03:05:59.797"></status>
</kw>
<msg timestamp="20210106 03:05:59.797" level="INFO">${status} = PASS</msg>
<msg timestamp="20210106 03:05:59.797" level="INFO">${value} = None</msg>
<status status="PASS" starttime="20210106 03:05:59.781" endtime="20210106 03:05:59.797"></status>
</kw>
<kw name="Run Keyword If" library="BuiltIn">
<doc>Runs the given keyword with the given arguments, if ``condition`` is true.</doc>
<arguments>
<arg>'${status}' == 'PASS'</arg>
<arg>Log in</arg>
<arg>${user_email}</arg>
<arg>${user_pass}</arg>
</arguments>
<kw name="Log in" library="log_in">
<arguments>
<arg>${user_email}</arg>
<arg>${user_pass}</arg>
</arguments>
<kw name="Wait Until Page Contains" library="SeleniumLibrary">
<doc>Waits until ``text`` appears on the current page.</doc>
<arguments>
<arg>Authentication</arg>
</arguments>
<status status="PASS" starttime="20210106 03:05:59.799" endtime="20210106 03:05:59.808"></status>
</kw>
<kw name="Input Text" library="SeleniumLibrary">
<doc>Types the given ``text`` into the text field identified by ``locator``.</doc>
<arguments>
<arg>id:email</arg>
<arg>${user_email}</arg>
<arg>clear=True</arg>
</arguments>
<msg timestamp="20210106 03:05:59.809" level="INFO">Typing text 'test_1@test.comm' into text field 'id:email'.</msg>
<status status="PASS" starttime="20210106 03:05:59.808" endtime="20210106 03:05:59.919"></status>
</kw>
<kw name="Input Text" library="SeleniumLibrary">
<doc>Types the given ``text`` into the text field identified by ``locator``.</doc>
<arguments>
<arg>id:passwd</arg>
<arg>${user_pass}</arg>
<arg>clear=True</arg>
</arguments>
<msg timestamp="20210106 03:05:59.920" level="INFO">Typing text 'garbage_pwd' into text field 'id:passwd'.</msg>
<status status="PASS" starttime="20210106 03:05:59.919" endtime="20210106 03:06:00.029"></status>
</kw>
<kw name="Press Keys" library="SeleniumLibrary">
<doc>Simulates the user pressing key(s) to an element or on the active browser.</doc>
<arguments>
<arg>id:SubmitLogin</arg>
<arg>RETURN</arg>
</arguments>
<msg timestamp="20210106 03:06:00.030" level="INFO">Sending key(s) ('RETURN',) to id:SubmitLogin element.</msg>
<msg timestamp="20210106 03:06:01.551" level="INFO">Pressing special key RETURN to element.</msg>
<msg timestamp="20210106 03:06:01.552" level="INFO">Releasing special key RETURN.</msg>
<status status="PASS" starttime="20210106 03:06:00.029" endtime="20210106 03:06:01.565"></status>
</kw>
<status status="PASS" starttime="20210106 03:05:59.798" endtime="20210106 03:06:01.565"></status>
</kw>
<status status="PASS" starttime="20210106 03:05:59.798" endtime="20210106 03:06:01.565"></status>
</kw>
<status status="PASS" starttime="20210106 03:05:58.490" endtime="20210106 03:06:01.565"></status>
</kw>
<kw name="Page Should Contain" library="SeleniumLibrary">
<doc>Verifies that current page contains ``text``.</doc>
<arguments>
<arg>error</arg>
</arguments>
<msg timestamp="20210106 03:06:01.582" level="INFO">Current page contains text 'error'.</msg>
<status status="PASS" starttime="20210106 03:06:01.566" endtime="20210106 03:06:01.583"></status>
</kw>
<doc>Logging in</doc>
<tags>
<tag>Login Component Data-Driven</tag>
</tags>
<status status="PASS" starttime="20210106 03:05:58.489" endtime="20210106 03:06:01.583" critical="yes"></status>
</test>
<test id="s1-t3" name="Log in test Case 3">
<kw name="Log in user" library="log_in">
<arguments>
<arg>''</arg>
<arg>''</arg>
</arguments>
<kw name="Go To" library="SeleniumLibrary">
<doc>Navigates the current browser window to the provided ``url``.</doc>
<arguments>
<arg>${login_page}</arg>
</arguments>
<msg timestamp="20210106 03:06:01.586" level="INFO">Opening url 'http://automationpractice.com/index.php?controller=authentication&amp;back=my-account'</msg>
<status status="PASS" starttime="20210106 03:06:01.586" endtime="20210106 03:06:03.096"></status>
</kw>
<kw name="Run Keyword And Ignore Error" library="BuiltIn">
<doc>Runs the given keyword with the given arguments and ignores possible error.</doc>
<arguments>
<arg>Page should contain</arg>
<arg>Sign in</arg>
</arguments>
<assign>
<var>${status}</var>
<var>${value}</var>
</assign>
<kw name="Page Should Contain" library="SeleniumLibrary">
<doc>Verifies that current page contains ``text``.</doc>
<arguments>
<arg>Sign in</arg>
</arguments>
<msg timestamp="20210106 03:06:03.112" level="INFO">Current page contains text 'Sign in'.</msg>
<status status="PASS" starttime="20210106 03:06:03.097" endtime="20210106 03:06:03.112"></status>
</kw>
<msg timestamp="20210106 03:06:03.112" level="INFO">${status} = PASS</msg>
<msg timestamp="20210106 03:06:03.113" level="INFO">${value} = None</msg>
<status status="PASS" starttime="20210106 03:06:03.097" endtime="20210106 03:06:03.113"></status>
</kw>
<kw name="Run Keyword If" library="BuiltIn">
<doc>Runs the given keyword with the given arguments, if ``condition`` is true.</doc>
<arguments>
<arg>'${status}' == 'PASS'</arg>
<arg>Log in</arg>
<arg>${user_email}</arg>
<arg>${user_pass}</arg>
</arguments>
<kw name="Log in" library="log_in">
<arguments>
<arg>${user_email}</arg>
<arg>${user_pass}</arg>
</arguments>
<kw name="Wait Until Page Contains" library="SeleniumLibrary">
<doc>Waits until ``text`` appears on the current page.</doc>
<arguments>
<arg>Authentication</arg>
</arguments>
<status status="PASS" starttime="20210106 03:06:03.114" endtime="20210106 03:06:03.125"></status>
</kw>
<kw name="Input Text" library="SeleniumLibrary">
<doc>Types the given ``text`` into the text field identified by ``locator``.</doc>
<arguments>
<arg>id:email</arg>
<arg>${user_email}</arg>
<arg>clear=True</arg>
</arguments>
<msg timestamp="20210106 03:06:03.126" level="INFO">Typing text '''' into text field 'id:email'.</msg>
<status status="PASS" starttime="20210106 03:06:03.126" endtime="20210106 03:06:03.230"></status>
</kw>
<kw name="Input Text" library="SeleniumLibrary">
<doc>Types the given ``text`` into the text field identified by ``locator``.</doc>
<arguments>
<arg>id:passwd</arg>
<arg>${user_pass}</arg>
<arg>clear=True</arg>
</arguments>
<msg timestamp="20210106 03:06:03.232" level="INFO">Typing text '''' into text field 'id:passwd'.</msg>
<status status="PASS" starttime="20210106 03:06:03.230" endtime="20210106 03:06:03.336"></status>
</kw>
<kw name="Press Keys" library="SeleniumLibrary">
<doc>Simulates the user pressing key(s) to an element or on the active browser.</doc>
<arguments>
<arg>id:SubmitLogin</arg>
<arg>RETURN</arg>
</arguments>
<msg timestamp="20210106 03:06:03.337" level="INFO">Sending key(s) ('RETURN',) to id:SubmitLogin element.</msg>
<msg timestamp="20210106 03:06:04.809" level="INFO">Pressing special key RETURN to element.</msg>
<msg timestamp="20210106 03:06:04.809" level="INFO">Releasing special key RETURN.</msg>
<status status="PASS" starttime="20210106 03:06:03.336" endtime="20210106 03:06:04.816"></status>
</kw>
<status status="PASS" starttime="20210106 03:06:03.113" endtime="20210106 03:06:04.817"></status>
</kw>
<status status="PASS" starttime="20210106 03:06:03.113" endtime="20210106 03:06:04.817"></status>
</kw>
<status status="PASS" starttime="20210106 03:06:01.585" endtime="20210106 03:06:04.817"></status>
</kw>
<kw name="Page Should Contain" library="SeleniumLibrary">
<doc>Verifies that current page contains ``text``.</doc>
<arguments>
<arg>error</arg>
</arguments>
<msg timestamp="20210106 03:06:04.832" level="INFO">Current page contains text 'error'.</msg>
<status status="PASS" starttime="20210106 03:06:04.818" endtime="20210106 03:06:04.832"></status>
</kw>
<doc>Logging in with empty parameters</doc>
<tags>
<tag>Login Component Data-Driven</tag>
</tags>
<status status="PASS" starttime="20210106 03:06:01.584" endtime="20210106 03:06:04.833" critical="yes"></status>
</test>
<test id="s1-t4" name="Log in test Case 4">
<kw name="Log out user" library="log_out">
<kw name="Run Keyword And Ignore Error" library="BuiltIn">
<doc>Runs the given keyword with the given arguments and ignores possible error.</doc>
<arguments>
<arg>Page should contain</arg>
<arg>Sign out</arg>
</arguments>
<assign>
<var>${status}</var>
<var>${value}</var>
</assign>
<kw name="Page Should Contain" library="SeleniumLibrary">
<doc>Verifies that current page contains ``text``.</doc>
<arguments>
<arg>Sign out</arg>
</arguments>
<kw name="Capture Page Screenshot" library="SeleniumLibrary">
<doc>Takes a screenshot of the current page and embeds it into a log file.</doc>
<msg timestamp="20210106 03:06:05.045" level="INFO" html="yes">&lt;/td&gt;&lt;/tr&gt;&lt;tr&gt;&lt;td colspan="3"&gt;&lt;a href="selenium-screenshot-12.png"&gt;&lt;img src="selenium-screenshot-12.png" width="800px"&gt;&lt;/a&gt;</msg>
<status status="PASS" starttime="20210106 03:06:04.880" endtime="20210106 03:06:05.045"></status>
</kw>
<msg timestamp="20210106 03:06:05.046" level="FAIL">Page should have contained text 'Sign out' but did not.</msg>
<status status="FAIL" starttime="20210106 03:06:04.836" endtime="20210106 03:06:05.046"></status>
</kw>
<msg timestamp="20210106 03:06:05.046" level="INFO">${status} = FAIL</msg>
<msg timestamp="20210106 03:06:05.046" level="INFO">${value} = Page should have contained text 'Sign out' but did not.</msg>
<status status="PASS" starttime="20210106 03:06:04.835" endtime="20210106 03:06:05.046"></status>
</kw>
<kw name="Run Keyword If" library="BuiltIn">
<doc>Runs the given keyword with the given arguments, if ``condition`` is true.</doc>
<arguments>
<arg>'${status}' == 'PASS'</arg>
<arg>Click Element</arg>
<arg>xpath://*[@id="header"]/div[2]/div/div/nav/div[2]/a</arg>
</arguments>
<status status="PASS" starttime="20210106 03:06:05.046" endtime="20210106 03:06:05.046"></status>
</kw>
<status status="PASS" starttime="20210106 03:06:04.834" endtime="20210106 03:06:05.047"></status>
</kw>
<doc>Log out</doc>
<tags>
<tag>Login Component Data-Driven</tag>
</tags>
<status status="PASS" starttime="20210106 03:06:04.833" endtime="20210106 03:06:05.047" critical="yes"></status>
</test>
<test id="s1-t5" name="Sign up test Cases 1">
<kw name="Embed sign up values manually" library="sign_up">
<arguments>
<arg>fname1</arg>
<arg>lname</arg>
<arg>mail@mail.com</arg>
<arg>pass123</arg>
<arg>compx</arg>
<arg>addressx</arg>
<arg>cityx</arg>
<arg>11111</arg>
<arg>0120</arg>
</arguments>
<kw name="Set Global Variable" library="BuiltIn">
<doc>Makes a variable available globally in all tests and suites.</doc>
<arguments>
<arg>${fname}</arg>
<arg>${arg1}</arg>
</arguments>
<msg timestamp="20210106 03:06:05.049" level="INFO">${fname} = fname1</msg>
<status status="PASS" starttime="20210106 03:06:05.049" endtime="20210106 03:06:05.049"></status>
</kw>
<kw name="Set Global Variable" library="BuiltIn">
<doc>Makes a variable available globally in all tests and suites.</doc>
<arguments>
<arg>${lname}</arg>
<arg>${arg2}</arg>
</arguments>
<msg timestamp="20210106 03:06:05.049" level="INFO">${lname} = lname</msg>
<status status="PASS" starttime="20210106 03:06:05.049" endtime="20210106 03:06:05.049"></status>
</kw>
<kw name="Generate Random String" library="String">
<doc>Generates a string with a desired ``length`` from the given ``chars``.</doc>
<arguments>
<arg>4</arg>
<arg>[LETTERS][NUMBERS]</arg>
</arguments>
<assign>
<var>${var}</var>
</assign>
<msg timestamp="20210106 03:06:05.050" level="INFO">${var} = 2wz5</msg>
<status status="PASS" starttime="20210106 03:06:05.050" endtime="20210106 03:06:05.050"></status>
</kw>
<kw name="Catenate" library="BuiltIn">
<doc>Catenates the given items together and returns the resulted string.</doc>
<arguments>
<arg>SEPARATOR=</arg>
<arg>${arg3}</arg>
<arg>${var}</arg>
</arguments>
<assign>
<var>${EV}</var>
</assign>
<msg timestamp="20210106 03:06:05.050" level="INFO">${EV} = mail@mail.com2wz5</msg>
<status status="PASS" starttime="20210106 03:06:05.050" endtime="20210106 03:06:05.050"></status>
</kw>
<kw name="Set Global Variable" library="BuiltIn">
<doc>Makes a variable available globally in all tests and suites.</doc>
<arguments>
<arg>${email}</arg>
<arg>${EV}</arg>
</arguments>
<msg timestamp="20210106 03:06:05.051" level="INFO">${email} = mail@mail.com2wz5</msg>
<status status="PASS" starttime="20210106 03:06:05.050" endtime="20210106 03:06:05.051"></status>
</kw>
<kw name="Set Global Variable" library="BuiltIn">
<doc>Makes a variable available globally in all tests and suites.</doc>
<arguments>
<arg>${password}</arg>
<arg>${arg4}</arg>
</arguments>
<msg timestamp="20210106 03:06:05.051" level="INFO">${password} = pass123</msg>
<status status="PASS" starttime="20210106 03:06:05.051" endtime="20210106 03:06:05.051"></status>
</kw>
<kw name="Set Global Variable" library="BuiltIn">
<doc>Makes a variable available globally in all tests and suites.</doc>
<arguments>
<arg>${company}</arg>
<arg>${arg5}</arg>
</arguments>
<msg timestamp="20210106 03:06:05.052" level="INFO">${company} = compx</msg>
<status status="PASS" starttime="20210106 03:06:05.052" endtime="20210106 03:06:05.052"></status>
</kw>
<kw name="Set Global Variable" library="BuiltIn">
<doc>Makes a variable available globally in all tests and suites.</doc>
<arguments>
<arg>${address}</arg>
<arg>${arg6}</arg>
</arguments>
<msg timestamp="20210106 03:06:05.052" level="INFO">${address} = addressx</msg>
<status status="PASS" starttime="20210106 03:06:05.052" endtime="20210106 03:06:05.052"></status>
</kw>
<kw name="Set Global Variable" library="BuiltIn">
<doc>Makes a variable available globally in all tests and suites.</doc>
<arguments>
<arg>${city}</arg>
<arg>${arg7}</arg>
</arguments>
<msg timestamp="20210106 03:06:05.053" level="INFO">${city} = cityx</msg>
<status status="PASS" starttime="20210106 03:06:05.053" endtime="20210106 03:06:05.053"></status>
</kw>
<kw name="Set Global Variable" library="BuiltIn">
<doc>Makes a variable available globally in all tests and suites.</doc>
<arguments>
<arg>${zip}</arg>
<arg>${arg8}</arg>
</arguments>
<msg timestamp="20210106 03:06:05.054" level="INFO">${zip} = 11111</msg>
<status status="PASS" starttime="20210106 03:06:05.053" endtime="20210106 03:06:05.054"></status>
</kw>
<kw name="Set Global Variable" library="BuiltIn">
<doc>Makes a variable available globally in all tests and suites.</doc>
<arguments>
<arg>${phone}</arg>
<arg>${arg9}</arg>
</arguments>
<msg timestamp="20210106 03:06:05.055" level="INFO">${phone} = 0120</msg>
<status status="PASS" starttime="20210106 03:06:05.054" endtime="20210106 03:06:05.055"></status>
</kw>
<status status="PASS" starttime="20210106 03:06:05.048" endtime="20210106 03:06:05.055"></status>
</kw>
<kw name="Sign Up" library="sign_up">
<arguments>
<arg>random=0</arg>
<arg>ignore_error=0</arg>
</arguments>
<kw name="Go To" library="SeleniumLibrary">
<doc>Navigates the current browser window to the provided ``url``.</doc>
<arguments>
<arg>${login_page}</arg>
</arguments>
<msg timestamp="20210106 03:06:05.059" level="INFO">Opening url 'http://automationpractice.com/index.php?controller=authentication&amp;back=my-account'</msg>
<status status="PASS" starttime="20210106 03:06:05.057" endtime="20210106 03:06:06.024"></status>
</kw>
<kw name="Run Keyword If" library="BuiltIn">
<doc>Runs the given keyword with the given arguments, if ``condition`` is true.</doc>
<arguments>
<arg>${random} == 1</arg>
<arg>common.Generate Random info</arg>
</arguments>
<status status="PASS" starttime="20210106 03:06:06.024" endtime="20210106 03:06:06.025"></status>
</kw>
<kw name="Run Keyword And Ignore Error" library="BuiltIn">
<doc>Runs the given keyword with the given arguments and ignores possible error.</doc>
<arguments>
<arg>Page should contain</arg>
<arg>Sign in</arg>
</arguments>
<assign>
<var>${status}</var>
<var>${value}</var>
</assign>
<kw name="Page Should Contain" library="SeleniumLibrary">
<doc>Verifies that current page contains ``text``.</doc>
<arguments>
<arg>Sign in</arg>
</arguments>
<msg timestamp="20210106 03:06:06.044" level="INFO">Current page contains text 'Sign in'.</msg>
<status status="PASS" starttime="20210106 03:06:06.026" endtime="20210106 03:06:06.044"></status>
</kw>
<msg timestamp="20210106 03:06:06.045" level="INFO">${status} = PASS</msg>
<msg timestamp="20210106 03:06:06.045" level="INFO">${value} = None</msg>
<status status="PASS" starttime="20210106 03:06:06.025" endtime="20210106 03:06:06.045"></status>
</kw>
<kw name="Run Keyword Unless" library="BuiltIn">
<doc>Runs the given keyword with the given arguments if ``condition`` is false.</doc>
<arguments>
<arg>'${status}' == 'PASS'</arg>
<arg>log_out.Log out user</arg>
</arguments>
<status status="PASS" starttime="20210106 03:06:06.045" endtime="20210106 03:06:06.045"></status>
</kw>
<kw name="Run Keyword And Ignore Error" library="BuiltIn">
<doc>Runs the given keyword with the given arguments and ignores possible error.</doc>
<arguments>
<arg>Page should contain</arg>
<arg>Sign in</arg>
</arguments>
<assign>
<var>${status}</var>
<var>${value}</var>
</assign>
<kw name="Page Should Contain" library="SeleniumLibrary">
<doc>Verifies that current page contains ``text``.</doc>
<arguments>
<arg>Sign in</arg>
</arguments>
<msg timestamp="20210106 03:06:06.061" level="INFO">Current page contains text 'Sign in'.</msg>
<status status="PASS" starttime="20210106 03:06:06.046" endtime="20210106 03:06:06.061"></status>
</kw>
<msg timestamp="20210106 03:06:06.061" level="INFO">${status} = PASS</msg>
<msg timestamp="20210106 03:06:06.061" level="INFO">${value} = None</msg>
<status status="PASS" starttime="20210106 03:06:06.045" endtime="20210106 03:06:06.061"></status>
</kw>
<kw name="Run Keyword If" library="BuiltIn">
<doc>Runs the given keyword with the given arguments, if ``condition`` is true.</doc>
<arguments>
<arg>'${status}' == 'PASS'</arg>
<arg>Assign Email</arg>
</arguments>
<kw name="Assign Email" library="sign_up">
<kw name="Input Text" library="SeleniumLibrary">
<doc>Types the given ``text`` into the text field identified by ``locator``.</doc>
<arguments>
<arg>id:email_create</arg>
<arg>${email}</arg>
</arguments>
<msg timestamp="20210106 03:06:06.063" level="INFO">Typing text 'mail@mail.com2wz5' into text field 'id:email_create'.</msg>
<status status="PASS" starttime="20210106 03:06:06.062" endtime="20210106 03:06:06.203"></status>
</kw>
<kw name="Press Keys" library="SeleniumLibrary">
<doc>Simulates the user pressing key(s) to an element or on the active browser.</doc>
<arguments>
<arg>id:SubmitCreate</arg>
<arg>RETURN</arg>
</arguments>
<msg timestamp="20210106 03:06:06.204" level="INFO">Sending key(s) ('RETURN',) to id:SubmitCreate element.</msg>
<msg timestamp="20210106 03:06:06.530" level="INFO">Pressing special key RETURN to element.</msg>
<msg timestamp="20210106 03:06:06.530" level="INFO">Releasing special key RETURN.</msg>
<status status="PASS" starttime="20210106 03:06:06.203" endtime="20210106 03:06:06.544"></status>
</kw>
<kw name="Sleep" library="BuiltIn">
<doc>Pauses the test executed for the given time.</doc>
<arguments>
<arg>5s</arg>
</arguments>
<msg timestamp="20210106 03:06:11.545" level="INFO">Slept 5 seconds</msg>
<status status="PASS" starttime="20210106 03:06:06.544" endtime="20210106 03:06:11.545"></status>
</kw>
<status status="PASS" starttime="20210106 03:06:06.062" endtime="20210106 03:06:11.546"></status>
</kw>
<status status="PASS" starttime="20210106 03:06:06.061" endtime="20210106 03:06:11.546"></status>
</kw>
<kw name="Run Keyword And Ignore Error" library="BuiltIn">
<doc>Runs the given keyword with the given arguments and ignores possible error.</doc>
<arguments>
<arg>Page Should not Contain</arg>
<arg>id:SubmitCreate</arg>
</arguments>
<assign>
<var>${status}</var>
<var>${value}</var>
</assign>
<kw name="Page Should Not Contain" library="SeleniumLibrary">
<doc>Verifies the current page does not contain ``text``.</doc>
<arguments>
<arg>id:SubmitCreate</arg>
</arguments>
<msg timestamp="20210106 03:06:11.602" level="INFO">Current page does not contain text 'id:SubmitCreate'.</msg>
<status status="PASS" starttime="20210106 03:06:11.548" endtime="20210106 03:06:11.602"></status>
</kw>
<msg timestamp="20210106 03:06:11.602" level="INFO">${status} = PASS</msg>
<msg timestamp="20210106 03:06:11.603" level="INFO">${value} = None</msg>
<status status="PASS" starttime="20210106 03:06:11.547" endtime="20210106 03:06:11.603"></status>
</kw>
<kw name="Run Keyword If" library="BuiltIn">
<doc>Runs the given keyword with the given arguments, if ``condition`` is true.</doc>
<arguments>
<arg>'${status}' == 'PASS'</arg>
<arg>Sign up steps</arg>
</arguments>
<kw name="Sign up steps" library="sign_up">
<kw name="Evaluate" library="BuiltIn">
<doc>Evaluates the given expression in Python and returns the result.</doc>
<arguments>
<arg>random.sample(range(1, 11),1)</arg>
<arg>random</arg>
</arguments>
<assign>
<var>${rand_int}</var>
</assign>
<msg timestamp="20210106 03:06:11.605" level="INFO">${rand_int} = [6]</msg>
<status status="PASS" starttime="20210106 03:06:11.604" endtime="20210106 03:06:11.606"></status>
</kw>
<kw name="Evaluate" library="BuiltIn">
<doc>Evaluates the given expression in Python and returns the result.</doc>
<arguments>
<arg>(${rand_int}[0] % 2)+1</arg>
</arguments>
<assign>
<var>${mod}</var>
</assign>
<msg timestamp="20210106 03:06:11.606" level="INFO">${mod} = 1</msg>
<status status="PASS" starttime="20210106 03:06:11.606" endtime="20210106 03:06:11.606"></status>
</kw>
<kw name="Select Radio Button" library="SeleniumLibrary">
<doc>Sets the radio button group ``group_name`` to ``value``.</doc>
<arguments>
<arg>id_gender</arg>
<arg>2</arg>
</arguments>
<msg timestamp="20210106 03:06:11.607" level="INFO">Selecting '2' from radio button 'id_gender'.</msg>
<status status="PASS" starttime="20210106 03:06:11.607" endtime="20210106 03:06:11.671"></status>
</kw>
<kw name="Input Text" library="SeleniumLibrary">
<doc>Types the given ``text`` into the text field identified by ``locator``.</doc>
<arguments>
<arg>id:customer_firstname</arg>
<arg>${fname}</arg>
<arg>clear=True</arg>
</arguments>
<msg timestamp="20210106 03:06:11.672" level="INFO">Typing text 'fname1' into text field 'id:customer_firstname'.</msg>
<status status="PASS" starttime="20210106 03:06:11.671" endtime="20210106 03:06:11.788"></status>
</kw>
<kw name="Input Text" library="SeleniumLibrary">
<doc>Types the given ``text`` into the text field identified by ``locator``.</doc>
<arguments>
<arg>id:customer_lastname</arg>
<arg>${lname}</arg>
<arg>clear=True</arg>
</arguments>
<msg timestamp="20210106 03:06:11.789" level="INFO">Typing text 'lname' into text field 'id:customer_lastname'.</msg>
<status status="PASS" starttime="20210106 03:06:11.788" endtime="20210106 03:06:11.921"></status>
</kw>
<kw name="Input Text" library="SeleniumLibrary">
<doc>Types the given ``text`` into the text field identified by ``locator``.</doc>
<arguments>
<arg>id:email</arg>
<arg>${email}</arg>
<arg>clear=True</arg>
</arguments>
<msg timestamp="20210106 03:06:11.921" level="INFO">Typing text 'mail@mail.com2wz5' into text field 'id:email'.</msg>
<status status="PASS" starttime="20210106 03:06:11.921" endtime="20210106 03:06:12.083"></status>
</kw>
<kw name="Input Text" library="SeleniumLibrary">
<doc>Types the given ``text`` into the text field identified by ``locator``.</doc>
<arguments>
<arg>id:passwd</arg>
<arg>${password}</arg>
<arg>clear=True</arg>
</arguments>
<msg timestamp="20210106 03:06:12.085" level="INFO">Typing text 'pass123' into text field 'id:passwd'.</msg>
<status status="PASS" starttime="20210106 03:06:12.084" endtime="20210106 03:06:12.221"></status>
</kw>
<kw name="Input Text" library="SeleniumLibrary">
<doc>Types the given ``text`` into the text field identified by ``locator``.</doc>
<arguments>
<arg>id:firstname</arg>
<arg>${fname}</arg>
<arg>clear=True</arg>
</arguments>
<msg timestamp="20210106 03:06:12.221" level="INFO">Typing text 'fname1' into text field 'id:firstname'.</msg>
<status status="PASS" starttime="20210106 03:06:12.221" endtime="20210106 03:06:12.387"></status>
</kw>
<kw name="Input Text" library="SeleniumLibrary">
<doc>Types the given ``text`` into the text field identified by ``locator``.</doc>
<arguments>
<arg>id:lastname</arg>
<arg>${lname}</arg>
<arg>clear=True</arg>
</arguments>
<msg timestamp="20210106 03:06:12.388" level="INFO">Typing text 'lname' into text field 'id:lastname'.</msg>
<status status="PASS" starttime="20210106 03:06:12.387" endtime="20210106 03:06:12.529"></status>
</kw>
<kw name="Input Text" library="SeleniumLibrary">
<doc>Types the given ``text`` into the text field identified by ``locator``.</doc>
<arguments>
<arg>id:company</arg>
<arg>${company}</arg>
<arg>clear=True</arg>
</arguments>
<msg timestamp="20210106 03:06:12.530" level="INFO">Typing text 'compx' into text field 'id:company'.</msg>
<status status="PASS" starttime="20210106 03:06:12.530" endtime="20210106 03:06:12.668"></status>
</kw>
<kw name="Input Text" library="SeleniumLibrary">
<doc>Types the given ``text`` into the text field identified by ``locator``.</doc>
<arguments>
<arg>id:address1</arg>
<arg>${address}</arg>
<arg>clear=True</arg>
</arguments>
<msg timestamp="20210106 03:06:12.669" level="INFO">Typing text 'addressx' into text field 'id:address1'.</msg>
<status status="PASS" starttime="20210106 03:06:12.669" endtime="20210106 03:06:12.813"></status>
</kw>
<kw name="Input Text" library="SeleniumLibrary">
<doc>Types the given ``text`` into the text field identified by ``locator``.</doc>
<arguments>
<arg>id:city</arg>
<arg>${city}</arg>
<arg>clear=True</arg>
</arguments>
<msg timestamp="20210106 03:06:12.814" level="INFO">Typing text 'cityx' into text field 'id:city'.</msg>
<status status="PASS" starttime="20210106 03:06:12.813" endtime="20210106 03:06:12.944"></status>
</kw>
<kw name="Input Text" library="SeleniumLibrary">
<doc>Types the given ``text`` into the text field identified by ``locator``.</doc>
<arguments>
<arg>id:postcode</arg>
<arg>${zip}</arg>
<arg>clear=True</arg>
</arguments>
<msg timestamp="20210106 03:06:12.945" level="INFO">Typing text '11111' into text field 'id:postcode'.</msg>
<status status="PASS" starttime="20210106 03:06:12.944" endtime="20210106 03:06:13.086"></status>
</kw>
<kw name="Input Text" library="SeleniumLibrary">
<doc>Types the given ``text`` into the text field identified by ``locator``.</doc>
<arguments>
<arg>id:phone</arg>
<arg>${phone}</arg>
<arg>clear=True</arg>
</arguments>
<msg timestamp="20210106 03:06:13.087" level="INFO">Typing text '0120' into text field 'id:phone'.</msg>
<status status="PASS" starttime="20210106 03:06:13.087" endtime="20210106 03:06:13.234"></status>
</kw>
<kw name="Input Text" library="SeleniumLibrary">
<doc>Types the given ``text`` into the text field identified by ``locator``.</doc>
<arguments>
<arg>id:phone_mobile</arg>
<arg>${phone}</arg>
<arg>clear=True</arg>
</arguments>
<msg timestamp="20210106 03:06:13.235" level="INFO">Typing text '0120' into text field 'id:phone_mobile'.</msg>
<status status="PASS" starttime="20210106 03:06:13.234" endtime="20210106 03:06:13.372"></status>
</kw>
<kw name="Evaluate" library="BuiltIn">
<doc>Evaluates the given expression in Python and returns the result.</doc>
<arguments>
<arg>random.sample(range(1, 32),1)</arg>
<arg>random</arg>
</arguments>
<assign>
<var>${rand_int}</var>
</assign>
<msg timestamp="20210106 03:06:13.373" level="INFO">${rand_int} = [19]</msg>
<status status="PASS" starttime="20210106 03:06:13.373" endtime="20210106 03:06:13.373"></status>
</kw>
<kw name="Convert To String" library="BuiltIn">
<doc>Converts the given item to a Unicode string.</doc>
<arguments>
<arg>${rand_int}[0]</arg>
</arguments>
<assign>
<var>${rand_str}</var>
</assign>
<msg timestamp="20210106 03:06:13.374" level="INFO">${rand_str} = 19</msg>
<status status="PASS" starttime="20210106 03:06:13.373" endtime="20210106 03:06:13.374"></status>
</kw>
<kw name="Select From List By Value" library="SeleniumLibrary">
<doc>Selects options from selection list ``locator`` by ``values``.</doc>
<arguments>
<arg>name=days</arg>
<arg>${rand_str}</arg>
</arguments>
<msg timestamp="20210106 03:06:13.374" level="INFO">Selecting options from selection list 'name=days' by value 19.</msg>
<status status="PASS" starttime="20210106 03:06:13.374" endtime="20210106 03:06:13.487"></status>
</kw>
<kw name="Evaluate" library="BuiltIn">
<doc>Evaluates the given expression in Python and returns the result.</doc>
<arguments>
<arg>random.sample(range(1, 13),1)</arg>
<arg>random</arg>
</arguments>
<assign>
<var>${rand_int}</var>
</assign>
<msg timestamp="20210106 03:06:13.488" level="INFO">${rand_int} = [3]</msg>
<status status="PASS" starttime="20210106 03:06:13.487" endtime="20210106 03:06:13.488"></status>
</kw>
<kw name="Convert To String" library="BuiltIn">
<doc>Converts the given item to a Unicode string.</doc>
<arguments>
<arg>${rand_int}[0]</arg>
</arguments>
<assign>
<var>${rand_str}</var>
</assign>
<msg timestamp="20210106 03:06:13.489" level="INFO">${rand_str} = 3</msg>
<status status="PASS" starttime="20210106 03:06:13.488" endtime="20210106 03:06:13.489"></status>
</kw>
<kw name="Select From List By Value" library="SeleniumLibrary">
<doc>Selects options from selection list ``locator`` by ``values``.</doc>
<arguments>
<arg>name=months</arg>
<arg>${rand_str}</arg>
</arguments>
<msg timestamp="20210106 03:06:13.489" level="INFO">Selecting options from selection list 'name=months' by value 3.</msg>
<status status="PASS" starttime="20210106 03:06:13.489" endtime="20210106 03:06:13.584"></status>
</kw>
<kw name="Evaluate" library="BuiltIn">
<doc>Evaluates the given expression in Python and returns the result.</doc>
<arguments>
<arg>random.sample(range(1900, 2022),1)</arg>
<arg>random</arg>
</arguments>
<assign>
<var>${rand_int}</var>
</assign>
<msg timestamp="20210106 03:06:13.585" level="INFO">${rand_int} = [1900]</msg>
<status status="PASS" starttime="20210106 03:06:13.585" endtime="20210106 03:06:13.585"></status>
</kw>
<kw name="Convert To String" library="BuiltIn">
<doc>Converts the given item to a Unicode string.</doc>
<arguments>
<arg>${rand_int}[0]</arg>
</arguments>
<assign>
<var>${rand_str}</var>
</assign>
<msg timestamp="20210106 03:06:13.586" level="INFO">${rand_str} = 1900</msg>
<status status="PASS" starttime="20210106 03:06:13.585" endtime="20210106 03:06:13.586"></status>
</kw>
<kw name="Select From List By Value" library="SeleniumLibrary">
<doc>Selects options from selection list ``locator`` by ``values``.</doc>
<arguments>
<arg>name=years</arg>
<arg>${rand_str}</arg>
</arguments>
<msg timestamp="20210106 03:06:13.587" level="INFO">Selecting options from selection list 'name=years' by value 1900.</msg>
<status status="PASS" starttime="20210106 03:06:13.586" endtime="20210106 03:06:13.659"></status>
</kw>
<kw name="Evaluate" library="BuiltIn">
<doc>Evaluates the given expression in Python and returns the result.</doc>
<arguments>
<arg>random.sample(range(1, 50),1)</arg>
<arg>random</arg>
</arguments>
<assign>
<var>${rand_int}</var>
</assign>
<msg timestamp="20210106 03:06:13.659" level="INFO">${rand_int} = [48]</msg>
<status status="PASS" starttime="20210106 03:06:13.659" endtime="20210106 03:06:13.660"></status>
</kw>
<kw name="Convert To String" library="BuiltIn">
<doc>Converts the given item to a Unicode string.</doc>
<arguments>
<arg>${rand_int}[0]</arg>
</arguments>
<assign>
<var>${rand_str}</var>
</assign>
<msg timestamp="20210106 03:06:13.660" level="INFO">${rand_str} = 48</msg>
<status status="PASS" starttime="20210106 03:06:13.660" endtime="20210106 03:06:13.660"></status>
</kw>
<kw name="Select From List By Value" library="SeleniumLibrary">
<doc>Selects options from selection list ``locator`` by ``values``.</doc>
<arguments>
<arg>name=id_state</arg>
<arg>${rand_str}</arg>
</arguments>
<msg timestamp="20210106 03:06:13.662" level="INFO">Selecting options from selection list 'name=id_state' by value 48.</msg>
<status status="PASS" starttime="20210106 03:06:13.661" endtime="20210106 03:06:13.730"></status>
</kw>
<status status="PASS" starttime="20210106 03:06:11.604" endtime="20210106 03:06:13.731"></status>
</kw>
<status status="PASS" starttime="20210106 03:06:11.603" endtime="20210106 03:06:13.731"></status>
</kw>
<kw name="Press Keys" library="SeleniumLibrary">
<doc>Simulates the user pressing key(s) to an element or on the active browser.</doc>
<arguments>
<arg>id:submitAccount</arg>
<arg>RETURN</arg>
</arguments>
<msg timestamp="20210106 03:06:13.732" level="INFO">Sending key(s) ('RETURN',) to id:submitAccount element.</msg>
<msg timestamp="20210106 03:06:16.382" level="INFO">Pressing special key RETURN to element.</msg>
<msg timestamp="20210106 03:06:16.382" level="INFO">Releasing special key RETURN.</msg>
<status status="PASS" starttime="20210106 03:06:13.731" endtime="20210106 03:06:16.389"></status>
</kw>
<kw name="Run Keyword If" library="BuiltIn">
<doc>Runs the given keyword with the given arguments, if ``condition`` is true.</doc>
<arguments>
<arg>${ignore_error} == 1</arg>
<arg>Page should contain</arg>
<arg>Sign out</arg>
</arguments>
<status status="PASS" starttime="20210106 03:06:16.390" endtime="20210106 03:06:16.390"></status>
</kw>
<status status="PASS" starttime="20210106 03:06:05.056" endtime="20210106 03:06:16.390"></status>
</kw>
<kw name="Page Should Contain" library="SeleniumLibrary">
<doc>Verifies that current page contains ``text``.</doc>
<arguments>
<arg>error</arg>
</arguments>
<msg timestamp="20210106 03:06:16.416" level="INFO">Current page contains text 'error'.</msg>
<status status="PASS" starttime="20210106 03:06:16.391" endtime="20210106 03:06:16.416"></status>
</kw>
<doc>Added number to user name</doc>
<tags>
<tag>Sign up Component Data-Driven</tag>
</tags>
<status status="PASS" starttime="20210106 03:06:05.047" endtime="20210106 03:06:16.416" critical="yes"></status>
</test>
<test id="s1-t6" name="Sign up test Cases 2">
<kw name="Embed sign up values manually" library="sign_up">
<arguments>
<arg>fname.</arg>
<arg>lname</arg>
<arg>mail@mail.com</arg>
<arg>pass123</arg>
<arg>compx</arg>
<arg>addressx</arg>
<arg>cityx</arg>
<arg>11111</arg>
<arg>0120</arg>
</arguments>
<kw name="Set Global Variable" library="BuiltIn">
<doc>Makes a variable available globally in all tests and suites.</doc>
<arguments>
<arg>${fname}</arg>
<arg>${arg1}</arg>
</arguments>
<msg timestamp="20210106 03:06:16.419" level="INFO">${fname} = fname.</msg>
<status status="PASS" starttime="20210106 03:06:16.418" endtime="20210106 03:06:16.419"></status>
</kw>
<kw name="Set Global Variable" library="BuiltIn">
<doc>Makes a variable available globally in all tests and suites.</doc>
<arguments>
<arg>${lname}</arg>
<arg>${arg2}</arg>
</arguments>
<msg timestamp="20210106 03:06:16.420" level="INFO">${lname} = lname</msg>
<status status="PASS" starttime="20210106 03:06:16.419" endtime="20210106 03:06:16.420"></status>
</kw>
<kw name="Generate Random String" library="String">
<doc>Generates a string with a desired ``length`` from the given ``chars``.</doc>
<arguments>
<arg>4</arg>
<arg>[LETTERS][NUMBERS]</arg>
</arguments>
<assign>
<var>${var}</var>
</assign>
<msg timestamp="20210106 03:06:16.420" level="INFO">${var} = 7EDq</msg>
<status status="PASS" starttime="20210106 03:06:16.420" endtime="20210106 03:06:16.420"></status>
</kw>
<kw name="Catenate" library="BuiltIn">
<doc>Catenates the given items together and returns the resulted string.</doc>
<arguments>
<arg>SEPARATOR=</arg>
<arg>${arg3}</arg>
<arg>${var}</arg>
</arguments>
<assign>
<var>${EV}</var>
</assign>
<msg timestamp="20210106 03:06:16.421" level="INFO">${EV} = mail@mail.com7EDq</msg>
<status status="PASS" starttime="20210106 03:06:16.420" endtime="20210106 03:06:16.421"></status>
</kw>
<kw name="Set Global Variable" library="BuiltIn">
<doc>Makes a variable available globally in all tests and suites.</doc>
<arguments>
<arg>${email}</arg>
<arg>${EV}</arg>
</arguments>
<msg timestamp="20210106 03:06:16.421" level="INFO">${email} = mail@mail.com7EDq</msg>
<status status="PASS" starttime="20210106 03:06:16.421" endtime="20210106 03:06:16.421"></status>
</kw>
<kw name="Set Global Variable" library="BuiltIn">
<doc>Makes a variable available globally in all tests and suites.</doc>
<arguments>
<arg>${password}</arg>
<arg>${arg4}</arg>
</arguments>
<msg timestamp="20210106 03:06:16.422" level="INFO">${password} = pass123</msg>
<status status="PASS" starttime="20210106 03:06:16.422" endtime="20210106 03:06:16.422"></status>
</kw>
<kw name="Set Global Variable" library="BuiltIn">
<doc>Makes a variable available globally in all tests and suites.</doc>
<arguments>
<arg>${company}</arg>
<arg>${arg5}</arg>
</arguments>
<msg timestamp="20210106 03:06:16.423" level="INFO">${company} = compx</msg>
<status status="PASS" starttime="20210106 03:06:16.422" endtime="20210106 03:06:16.423"></status>
</kw>
<kw name="Set Global Variable" library="BuiltIn">
<doc>Makes a variable available globally in all tests and suites.</doc>
<arguments>
<arg>${address}</arg>
<arg>${arg6}</arg>
</arguments>
<msg timestamp="20210106 03:06:16.423" level="INFO">${address} = addressx</msg>
<status status="PASS" starttime="20210106 03:06:16.423" endtime="20210106 03:06:16.423"></status>
</kw>
<kw name="Set Global Variable" library="BuiltIn">
<doc>Makes a variable available globally in all tests and suites.</doc>
<arguments>
<arg>${city}</arg>
<arg>${arg7}</arg>
</arguments>
<msg timestamp="20210106 03:06:16.424" level="INFO">${city} = cityx</msg>
<status status="PASS" starttime="20210106 03:06:16.423" endtime="20210106 03:06:16.424"></status>
</kw>
<kw name="Set Global Variable" library="BuiltIn">
<doc>Makes a variable available globally in all tests and suites.</doc>
<arguments>
<arg>${zip}</arg>
<arg>${arg8}</arg>
</arguments>
<msg timestamp="20210106 03:06:16.425" level="INFO">${zip} = 11111</msg>
<status status="PASS" starttime="20210106 03:06:16.424" endtime="20210106 03:06:16.425"></status>
</kw>
<kw name="Set Global Variable" library="BuiltIn">
<doc>Makes a variable available globally in all tests and suites.</doc>
<arguments>
<arg>${phone}</arg>
<arg>${arg9}</arg>
</arguments>
<msg timestamp="20210106 03:06:16.426" level="INFO">${phone} = 0120</msg>
<status status="PASS" starttime="20210106 03:06:16.425" endtime="20210106 03:06:16.426"></status>
</kw>
<status status="PASS" starttime="20210106 03:06:16.418" endtime="20210106 03:06:16.426"></status>
</kw>
<kw name="Sign Up" library="sign_up">
<arguments>
<arg>random=0</arg>
<arg>ignore_error=0</arg>
</arguments>
<kw name="Go To" library="SeleniumLibrary">
<doc>Navigates the current browser window to the provided ``url``.</doc>
<arguments>
<arg>${login_page}</arg>
</arguments>
<msg timestamp="20210106 03:06:16.427" level="INFO">Opening url 'http://automationpractice.com/index.php?controller=authentication&amp;back=my-account'</msg>
<status status="PASS" starttime="20210106 03:06:16.427" endtime="20210106 03:06:17.917"></status>
</kw>
<kw name="Run Keyword If" library="BuiltIn">
<doc>Runs the given keyword with the given arguments, if ``condition`` is true.</doc>
<arguments>
<arg>${random} == 1</arg>
<arg>common.Generate Random info</arg>
</arguments>
<status status="PASS" starttime="20210106 03:06:17.917" endtime="20210106 03:06:17.918"></status>
</kw>
<kw name="Run Keyword And Ignore Error" library="BuiltIn">
<doc>Runs the given keyword with the given arguments and ignores possible error.</doc>
<arguments>
<arg>Page should contain</arg>
<arg>Sign in</arg>
</arguments>
<assign>
<var>${status}</var>
<var>${value}</var>
</assign>
<kw name="Page Should Contain" library="SeleniumLibrary">
<doc>Verifies that current page contains ``text``.</doc>
<arguments>
<arg>Sign in</arg>
</arguments>
<msg timestamp="20210106 03:06:17.938" level="INFO">Current page contains text 'Sign in'.</msg>
<status status="PASS" starttime="20210106 03:06:17.919" endtime="20210106 03:06:17.938"></status>
</kw>
<msg timestamp="20210106 03:06:17.938" level="INFO">${status} = PASS</msg>
<msg timestamp="20210106 03:06:17.938" level="INFO">${value} = None</msg>
<status status="PASS" starttime="20210106 03:06:17.918" endtime="20210106 03:06:17.938"></status>
</kw>
<kw name="Run Keyword Unless" library="BuiltIn">
<doc>Runs the given keyword with the given arguments if ``condition`` is false.</doc>
<arguments>
<arg>'${status}' == 'PASS'</arg>
<arg>log_out.Log out user</arg>
</arguments>
<status status="PASS" starttime="20210106 03:06:17.939" endtime="20210106 03:06:17.939"></status>
</kw>
<kw name="Run Keyword And Ignore Error" library="BuiltIn">
<doc>Runs the given keyword with the given arguments and ignores possible error.</doc>
<arguments>
<arg>Page should contain</arg>
<arg>Sign in</arg>
</arguments>
<assign>
<var>${status}</var>
<var>${value}</var>
</assign>
<kw name="Page Should Contain" library="SeleniumLibrary">
<doc>Verifies that current page contains ``text``.</doc>
<arguments>
<arg>Sign in</arg>
</arguments>
<msg timestamp="20210106 03:06:17.954" level="INFO">Current page contains text 'Sign in'.</msg>
<status status="PASS" starttime="20210106 03:06:17.939" endtime="20210106 03:06:17.954"></status>
</kw>
<msg timestamp="20210106 03:06:17.954" level="INFO">${status} = PASS</msg>
<msg timestamp="20210106 03:06:17.954" level="INFO">${value} = None</msg>
<status status="PASS" starttime="20210106 03:06:17.939" endtime="20210106 03:06:17.954"></status>
</kw>
<kw name="Run Keyword If" library="BuiltIn">
<doc>Runs the given keyword with the given arguments, if ``condition`` is true.</doc>
<arguments>
<arg>'${status}' == 'PASS'</arg>
<arg>Assign Email</arg>
</arguments>
<kw name="Assign Email" library="sign_up">
<kw name="Input Text" library="SeleniumLibrary">
<doc>Types the given ``text`` into the text field identified by ``locator``.</doc>
<arguments>
<arg>id:email_create</arg>
<arg>${email}</arg>
</arguments>
<msg timestamp="20210106 03:06:17.956" level="INFO">Typing text 'mail@mail.com7EDq' into text field 'id:email_create'.</msg>
<status status="PASS" starttime="20210106 03:06:17.956" endtime="20210106 03:06:18.084"></status>
</kw>
<kw name="Press Keys" library="SeleniumLibrary">
<doc>Simulates the user pressing key(s) to an element or on the active browser.</doc>
<arguments>
<arg>id:SubmitCreate</arg>
<arg>RETURN</arg>
</arguments>
<msg timestamp="20210106 03:06:18.085" level="INFO">Sending key(s) ('RETURN',) to id:SubmitCreate element.</msg>
<msg timestamp="20210106 03:06:18.462" level="INFO">Pressing special key RETURN to element.</msg>
<msg timestamp="20210106 03:06:18.462" level="INFO">Releasing special key RETURN.</msg>
<status status="PASS" starttime="20210106 03:06:18.084" endtime="20210106 03:06:18.488"></status>
</kw>
<kw name="Sleep" library="BuiltIn">
<doc>Pauses the test executed for the given time.</doc>
<arguments>
<arg>5s</arg>
</arguments>
<msg timestamp="20210106 03:06:23.490" level="INFO">Slept 5 seconds</msg>
<status status="PASS" starttime="20210106 03:06:18.489" endtime="20210106 03:06:23.491"></status>
</kw>
<status status="PASS" starttime="20210106 03:06:17.955" endtime="20210106 03:06:23.492"></status>
</kw>
<status status="PASS" starttime="20210106 03:06:17.955" endtime="20210106 03:06:23.492"></status>
</kw>
<kw name="Run Keyword And Ignore Error" library="BuiltIn">
<doc>Runs the given keyword with the given arguments and ignores possible error.</doc>
<arguments>
<arg>Page Should not Contain</arg>
<arg>id:SubmitCreate</arg>
</arguments>
<assign>
<var>${status}</var>
<var>${value}</var>
</assign>
<kw name="Page Should Not Contain" library="SeleniumLibrary">
<doc>Verifies the current page does not contain ``text``.</doc>
<arguments>
<arg>id:SubmitCreate</arg>
</arguments>
<msg timestamp="20210106 03:06:23.545" level="INFO">Current page does not contain text 'id:SubmitCreate'.</msg>
<status status="PASS" starttime="20210106 03:06:23.494" endtime="20210106 03:06:23.545"></status>
</kw>
<msg timestamp="20210106 03:06:23.545" level="INFO">${status} = PASS</msg>
<msg timestamp="20210106 03:06:23.545" level="INFO">${value} = None</msg>
<status status="PASS" starttime="20210106 03:06:23.493" endtime="20210106 03:06:23.545"></status>
</kw>
<kw name="Run Keyword If" library="BuiltIn">
<doc>Runs the given keyword with the given arguments, if ``condition`` is true.</doc>
<arguments>
<arg>'${status}' == 'PASS'</arg>
<arg>Sign up steps</arg>
</arguments>
<kw name="Sign up steps" library="sign_up">
<kw name="Evaluate" library="BuiltIn">
<doc>Evaluates the given expression in Python and returns the result.</doc>
<arguments>
<arg>random.sample(range(1, 11),1)</arg>
<arg>random</arg>
</arguments>
<assign>
<var>${rand_int}</var>
</assign>
<msg timestamp="20210106 03:06:23.547" level="INFO">${rand_int} = [7]</msg>
<status status="PASS" starttime="20210106 03:06:23.546" endtime="20210106 03:06:23.547"></status>
</kw>
<kw name="Evaluate" library="BuiltIn">
<doc>Evaluates the given expression in Python and returns the result.</doc>
<arguments>
<arg>(${rand_int}[0] % 2)+1</arg>
</arguments>
<assign>
<var>${mod}</var>
</assign>
<msg timestamp="20210106 03:06:23.547" level="INFO">${mod} = 2</msg>
<status status="PASS" starttime="20210106 03:06:23.547" endtime="20210106 03:06:23.547"></status>
</kw>
<kw name="Select Radio Button" library="SeleniumLibrary">
<doc>Sets the radio button group ``group_name`` to ``value``.</doc>
<arguments>
<arg>id_gender</arg>
<arg>2</arg>
</arguments>
<msg timestamp="20210106 03:06:23.548" level="INFO">Selecting '2' from radio button 'id_gender'.</msg>
<status status="PASS" starttime="20210106 03:06:23.548" endtime="20210106 03:06:23.637"></status>
</kw>
<kw name="Input Text" library="SeleniumLibrary">
<doc>Types the given ``text`` into the text field identified by ``locator``.</doc>
<arguments>
<arg>id:customer_firstname</arg>
<arg>${fname}</arg>
<arg>clear=True</arg>
</arguments>
<msg timestamp="20210106 03:06:23.637" level="INFO">Typing text 'fname.' into text field 'id:customer_firstname'.</msg>
<status status="PASS" starttime="20210106 03:06:23.637" endtime="20210106 03:06:23.759"></status>
</kw>
<kw name="Input Text" library="SeleniumLibrary">
<doc>Types the given ``text`` into the text field identified by ``locator``.</doc>
<arguments>
<arg>id:customer_lastname</arg>
<arg>${lname}</arg>
<arg>clear=True</arg>
</arguments>
<msg timestamp="20210106 03:06:23.762" level="INFO">Typing text 'lname' into text field 'id:customer_lastname'.</msg>
<status status="PASS" starttime="20210106 03:06:23.760" endtime="20210106 03:06:23.932"></status>
</kw>
<kw name="Input Text" library="SeleniumLibrary">
<doc>Types the given ``text`` into the text field identified by ``locator``.</doc>
<arguments>
<arg>id:email</arg>
<arg>${email}</arg>
<arg>clear=True</arg>
</arguments>
<msg timestamp="20210106 03:06:23.935" level="INFO">Typing text 'mail@mail.com7EDq' into text field 'id:email'.</msg>
<status status="PASS" starttime="20210106 03:06:23.933" endtime="20210106 03:06:24.146"></status>
</kw>
<kw name="Input Text" library="SeleniumLibrary">
<doc>Types the given ``text`` into the text field identified by ``locator``.</doc>
<arguments>
<arg>id:passwd</arg>
<arg>${password}</arg>
<arg>clear=True</arg>
</arguments>
<msg timestamp="20210106 03:06:24.146" level="INFO">Typing text 'pass123' into text field 'id:passwd'.</msg>
<status status="PASS" starttime="20210106 03:06:24.146" endtime="20210106 03:06:24.412"></status>
</kw>
<kw name="Input Text" library="SeleniumLibrary">
<doc>Types the given ``text`` into the text field identified by ``locator``.</doc>
<arguments>
<arg>id:firstname</arg>
<arg>${fname}</arg>
<arg>clear=True</arg>
</arguments>
<msg timestamp="20210106 03:06:24.414" level="INFO">Typing text 'fname.' into text field 'id:firstname'.</msg>
<status status="PASS" starttime="20210106 03:06:24.413" endtime="20210106 03:06:24.694"></status>
</kw>
<kw name="Input Text" library="SeleniumLibrary">
<doc>Types the given ``text`` into the text field identified by ``locator``.</doc>
<arguments>
<arg>id:lastname</arg>
<arg>${lname}</arg>
<arg>clear=True</arg>
</arguments>
<msg timestamp="20210106 03:06:24.695" level="INFO">Typing text 'lname' into text field 'id:lastname'.</msg>
<status status="PASS" starttime="20210106 03:06:24.694" endtime="20210106 03:06:24.886"></status>
</kw>
<kw name="Input Text" library="SeleniumLibrary">
<doc>Types the given ``text`` into the text field identified by ``locator``.</doc>
<arguments>
<arg>id:company</arg>
<arg>${company}</arg>
<arg>clear=True</arg>
</arguments>
<msg timestamp="20210106 03:06:24.888" level="INFO">Typing text 'compx' into text field 'id:company'.</msg>
<status status="PASS" starttime="20210106 03:06:24.886" endtime="20210106 03:06:25.051"></status>
</kw>
<kw name="Input Text" library="SeleniumLibrary">
<doc>Types the given ``text`` into the text field identified by ``locator``.</doc>
<arguments>
<arg>id:address1</arg>
<arg>${address}</arg>
<arg>clear=True</arg>
</arguments>
<msg timestamp="20210106 03:06:25.053" level="INFO">Typing text 'addressx' into text field 'id:address1'.</msg>
<status status="PASS" starttime="20210106 03:06:25.052" endtime="20210106 03:06:25.256"></status>
</kw>
<kw name="Input Text" library="SeleniumLibrary">
<doc>Types the given ``text`` into the text field identified by ``locator``.</doc>
<arguments>
<arg>id:city</arg>
<arg>${city}</arg>
<arg>clear=True</arg>
</arguments>
<msg timestamp="20210106 03:06:25.258" level="INFO">Typing text 'cityx' into text field 'id:city'.</msg>
<status status="PASS" starttime="20210106 03:06:25.257" endtime="20210106 03:06:25.442"></status>
</kw>
<kw name="Input Text" library="SeleniumLibrary">
<doc>Types the given ``text`` into the text field identified by ``locator``.</doc>
<arguments>
<arg>id:postcode</arg>
<arg>${zip}</arg>
<arg>clear=True</arg>
</arguments>
<msg timestamp="20210106 03:06:25.443" level="INFO">Typing text '11111' into text field 'id:postcode'.</msg>
<status status="PASS" starttime="20210106 03:06:25.443" endtime="20210106 03:06:25.664"></status>
</kw>
<kw name="Input Text" library="SeleniumLibrary">
<doc>Types the given ``text`` into the text field identified by ``locator``.</doc>
<arguments>
<arg>id:phone</arg>
<arg>${phone}</arg>
<arg>clear=True</arg>
</arguments>
<msg timestamp="20210106 03:06:25.664" level="INFO">Typing text '0120' into text field 'id:phone'.</msg>
<status status="PASS" starttime="20210106 03:06:25.664" endtime="20210106 03:06:25.838"></status>
</kw>
<kw name="Input Text" library="SeleniumLibrary">
<doc>Types the given ``text`` into the text field identified by ``locator``.</doc>
<arguments>
<arg>id:phone_mobile</arg>
<arg>${phone}</arg>
<arg>clear=True</arg>
</arguments>
<msg timestamp="20210106 03:06:25.839" level="INFO">Typing text '0120' into text field 'id:phone_mobile'.</msg>
<status status="PASS" starttime="20210106 03:06:25.838" endtime="20210106 03:06:26.030"></status>
</kw>
<kw name="Evaluate" library="BuiltIn">
<doc>Evaluates the given expression in Python and returns the result.</doc>
<arguments>
<arg>random.sample(range(1, 32),1)</arg>
<arg>random</arg>
</arguments>
<assign>
<var>${rand_int}</var>
</assign>
<msg timestamp="20210106 03:06:26.032" level="INFO">${rand_int} = [20]</msg>
<status status="PASS" starttime="20210106 03:06:26.030" endtime="20210106 03:06:26.032"></status>
</kw>
<kw name="Convert To String" library="BuiltIn">
<doc>Converts the given item to a Unicode string.</doc>
<arguments>
<arg>${rand_int}[0]</arg>
</arguments>
<assign>
<var>${rand_str}</var>
</assign>
<msg timestamp="20210106 03:06:26.032" level="INFO">${rand_str} = 20</msg>
<status status="PASS" starttime="20210106 03:06:26.032" endtime="20210106 03:06:26.033"></status>
</kw>
<kw name="Select From List By Value" library="SeleniumLibrary">
<doc>Selects options from selection list ``locator`` by ``values``.</doc>
<arguments>
<arg>name=days</arg>
<arg>${rand_str}</arg>
</arguments>
<msg timestamp="20210106 03:06:26.034" level="INFO">Selecting options from selection list 'name=days' by value 20.</msg>
<status status="PASS" starttime="20210106 03:06:26.033" endtime="20210106 03:06:26.207"></status>
</kw>
<kw name="Evaluate" library="BuiltIn">
<doc>Evaluates the given expression in Python and returns the result.</doc>
<arguments>
<arg>random.sample(range(1, 13),1)</arg>
<arg>random</arg>
</arguments>
<assign>
<var>${rand_int}</var>
</assign>
<msg timestamp="20210106 03:06:26.209" level="INFO">${rand_int} = [12]</msg>
<status status="PASS" starttime="20210106 03:06:26.207" endtime="20210106 03:06:26.209"></status>
</kw>
<kw name="Convert To String" library="BuiltIn">
<doc>Converts the given item to a Unicode string.</doc>
<arguments>
<arg>${rand_int}[0]</arg>
</arguments>
<assign>
<var>${rand_str}</var>
</assign>
<msg timestamp="20210106 03:06:26.210" level="INFO">${rand_str} = 12</msg>
<status status="PASS" starttime="20210106 03:06:26.209" endtime="20210106 03:06:26.210"></status>
</kw>
<kw name="Select From List By Value" library="SeleniumLibrary">
<doc>Selects options from selection list ``locator`` by ``values``.</doc>
<arguments>
<arg>name=months</arg>
<arg>${rand_str}</arg>
</arguments>
<msg timestamp="20210106 03:06:26.210" level="INFO">Selecting options from selection list 'name=months' by value 12.</msg>
<status status="PASS" starttime="20210106 03:06:26.210" endtime="20210106 03:06:26.320"></status>
</kw>
<kw name="Evaluate" library="BuiltIn">
<doc>Evaluates the given expression in Python and returns the result.</doc>
<arguments>
<arg>random.sample(range(1900, 2022),1)</arg>
<arg>random</arg>
</arguments>
<assign>
<var>${rand_int}</var>
</assign>
<msg timestamp="20210106 03:06:26.322" level="INFO">${rand_int} = [2020]</msg>
<status status="PASS" starttime="20210106 03:06:26.320" endtime="20210106 03:06:26.322"></status>
</kw>
<kw name="Convert To String" library="BuiltIn">
<doc>Converts the given item to a Unicode string.</doc>
<arguments>
<arg>${rand_int}[0]</arg>
</arguments>
<assign>
<var>${rand_str}</var>
</assign>
<msg timestamp="20210106 03:06:26.323" level="INFO">${rand_str} = 2020</msg>
<status status="PASS" starttime="20210106 03:06:26.322" endtime="20210106 03:06:26.324"></status>
</kw>
<kw name="Select From List By Value" library="SeleniumLibrary">
<doc>Selects options from selection list ``locator`` by ``values``.</doc>
<arguments>
<arg>name=years</arg>
<arg>${rand_str}</arg>
</arguments>
<msg timestamp="20210106 03:06:26.324" level="INFO">Selecting options from selection list 'name=years' by value 2020.</msg>
<status status="PASS" starttime="20210106 03:06:26.324" endtime="20210106 03:06:26.424"></status>
</kw>
<kw name="Evaluate" library="BuiltIn">
<doc>Evaluates the given expression in Python and returns the result.</doc>
<arguments>
<arg>random.sample(range(1, 50),1)</arg>
<arg>random</arg>
</arguments>
<assign>
<var>${rand_int}</var>
</assign>
<msg timestamp="20210106 03:06:26.425" level="INFO">${rand_int} = [32]</msg>
<status status="PASS" starttime="20210106 03:06:26.425" endtime="20210106 03:06:26.425"></status>
</kw>
<kw name="Convert To String" library="BuiltIn">
<doc>Converts the given item to a Unicode string.</doc>
<arguments>
<arg>${rand_int}[0]</arg>
</arguments>
<assign>
<var>${rand_str}</var>
</assign>
<msg timestamp="20210106 03:06:26.426" level="INFO">${rand_str} = 32</msg>
<status status="PASS" starttime="20210106 03:06:26.426" endtime="20210106 03:06:26.426"></status>
</kw>
<kw name="Select From List By Value" library="SeleniumLibrary">
<doc>Selects options from selection list ``locator`` by ``values``.</doc>
<arguments>
<arg>name=id_state</arg>
<arg>${rand_str}</arg>
</arguments>
<msg timestamp="20210106 03:06:26.427" level="INFO">Selecting options from selection list 'name=id_state' by value 32.</msg>
<status status="PASS" starttime="20210106 03:06:26.426" endtime="20210106 03:06:26.523"></status>
</kw>
<status status="PASS" starttime="20210106 03:06:23.546" endtime="20210106 03:06:26.524"></status>
</kw>
<status status="PASS" starttime="20210106 03:06:23.546" endtime="20210106 03:06:26.524"></status>
</kw>
<kw name="Press Keys" library="SeleniumLibrary">
<doc>Simulates the user pressing key(s) to an element or on the active browser.</doc>
<arguments>
<arg>id:submitAccount</arg>
<arg>RETURN</arg>
</arguments>
<msg timestamp="20210106 03:06:26.525" level="INFO">Sending key(s) ('RETURN',) to id:submitAccount element.</msg>
<msg timestamp="20210106 03:06:28.928" level="INFO">Pressing special key RETURN to element.</msg>
<msg timestamp="20210106 03:06:28.929" level="INFO">Releasing special key RETURN.</msg>
<status status="PASS" starttime="20210106 03:06:26.524" endtime="20210106 03:06:28.942"></status>
</kw>
<kw name="Run Keyword If" library="BuiltIn">
<doc>Runs the given keyword with the given arguments, if ``condition`` is true.</doc>
<arguments>
<arg>${ignore_error} == 1</arg>
<arg>Page should contain</arg>
<arg>Sign out</arg>
</arguments>
<status status="PASS" starttime="20210106 03:06:28.943" endtime="20210106 03:06:28.943"></status>
</kw>
<status status="PASS" starttime="20210106 03:06:16.426" endtime="20210106 03:06:28.944"></status>
</kw>
<kw name="Page Should Contain" library="SeleniumLibrary">
<doc>Verifies that current page contains ``text``.</doc>
<arguments>
<arg>error</arg>
</arguments>
<kw name="Capture Page Screenshot" library="SeleniumLibrary">
<doc>Takes a screenshot of the current page and embeds it into a log file.</doc>
<msg timestamp="20210106 03:06:29.276" level="INFO" html="yes">&lt;/td&gt;&lt;/tr&gt;&lt;tr&gt;&lt;td colspan="3"&gt;&lt;a href="selenium-screenshot-13.png"&gt;&lt;img src="selenium-screenshot-13.png" width="800px"&gt;&lt;/a&gt;</msg>
<status status="PASS" starttime="20210106 03:06:29.080" endtime="20210106 03:06:29.276"></status>
</kw>
<msg timestamp="20210106 03:06:29.277" level="FAIL">Page should have contained text 'error' but did not.</msg>
<status status="FAIL" starttime="20210106 03:06:28.944" endtime="20210106 03:06:29.277"></status>
</kw>
<doc>Since numbers are not allowed, so should .^&amp;*-</doc>
<tags>
<tag>Sign up Component Data-Driven</tag>
</tags>
<status status="FAIL" starttime="20210106 03:06:16.417" endtime="20210106 03:06:29.277" critical="yes">Page should have contained text 'error' but did not.</status>
</test>
<test id="s1-t7" name="Sign up test Cases 3">
<kw name="Embed sign up values manually" library="sign_up">
<arguments>
<arg>fname with spaces</arg>
<arg>lname</arg>
<arg>mail@mail.com</arg>
<arg>pass123</arg>
<arg>compx</arg>
<arg>addressx</arg>
<arg>cityx</arg>
<arg>11111</arg>
<arg>0120</arg>
</arguments>
<kw name="Set Global Variable" library="BuiltIn">
<doc>Makes a variable available globally in all tests and suites.</doc>
<arguments>
<arg>${fname}</arg>
<arg>${arg1}</arg>
</arguments>
<msg timestamp="20210106 03:06:29.284" level="INFO">${fname} = fname with spaces</msg>
<status status="PASS" starttime="20210106 03:06:29.283" endtime="20210106 03:06:29.284"></status>
</kw>
<kw name="Set Global Variable" library="BuiltIn">
<doc>Makes a variable available globally in all tests and suites.</doc>
<arguments>
<arg>${lname}</arg>
<arg>${arg2}</arg>
</arguments>
<msg timestamp="20210106 03:06:29.285" level="INFO">${lname} = lname</msg>
<status status="PASS" starttime="20210106 03:06:29.284" endtime="20210106 03:06:29.285"></status>
</kw>
<kw name="Generate Random String" library="String">
<doc>Generates a string with a desired ``length`` from the given ``chars``.</doc>
<arguments>
<arg>4</arg>
<arg>[LETTERS][NUMBERS]</arg>
</arguments>
<assign>
<var>${var}</var>
</assign>
<msg timestamp="20210106 03:06:29.286" level="INFO">${var} = 3GFe</msg>
<status status="PASS" starttime="20210106 03:06:29.285" endtime="20210106 03:06:29.286"></status>
</kw>
<kw name="Catenate" library="BuiltIn">
<doc>Catenates the given items together and returns the resulted string.</doc>
<arguments>
<arg>SEPARATOR=</arg>
<arg>${arg3}</arg>
<arg>${var}</arg>
</arguments>
<assign>
<var>${EV}</var>
</assign>
<msg timestamp="20210106 03:06:29.287" level="INFO">${EV} = mail@mail.com3GFe</msg>
<status status="PASS" starttime="20210106 03:06:29.286" endtime="20210106 03:06:29.287"></status>
</kw>
<kw name="Set Global Variable" library="BuiltIn">
<doc>Makes a variable available globally in all tests and suites.</doc>
<arguments>
<arg>${email}</arg>
<arg>${EV}</arg>
</arguments>
<msg timestamp="20210106 03:06:29.288" level="INFO">${email} = mail@mail.com3GFe</msg>
<status status="PASS" starttime="20210106 03:06:29.287" endtime="20210106 03:06:29.288"></status>
</kw>
<kw name="Set Global Variable" library="BuiltIn">
<doc>Makes a variable available globally in all tests and suites.</doc>
<arguments>
<arg>${password}</arg>
<arg>${arg4}</arg>
</arguments>
<msg timestamp="20210106 03:06:29.288" level="INFO">${password} = pass123</msg>
<status status="PASS" starttime="20210106 03:06:29.288" endtime="20210106 03:06:29.288"></status>
</kw>
<kw name="Set Global Variable" library="BuiltIn">
<doc>Makes a variable available globally in all tests and suites.</doc>
<arguments>
<arg>${company}</arg>
<arg>${arg5}</arg>
</arguments>
<msg timestamp="20210106 03:06:29.289" level="INFO">${company} = compx</msg>
<status status="PASS" starttime="20210106 03:06:29.289" endtime="20210106 03:06:29.289"></status>
</kw>
<kw name="Set Global Variable" library="BuiltIn">
<doc>Makes a variable available globally in all tests and suites.</doc>
<arguments>
<arg>${address}</arg>
<arg>${arg6}</arg>
</arguments>
<msg timestamp="20210106 03:06:29.290" level="INFO">${address} = addressx</msg>
<status status="PASS" starttime="20210106 03:06:29.289" endtime="20210106 03:06:29.290"></status>
</kw>
<kw name="Set Global Variable" library="BuiltIn">
<doc>Makes a variable available globally in all tests and suites.</doc>
<arguments>
<arg>${city}</arg>
<arg>${arg7}</arg>
</arguments>
<msg timestamp="20210106 03:06:29.290" level="INFO">${city} = cityx</msg>
<status status="PASS" starttime="20210106 03:06:29.290" endtime="20210106 03:06:29.290"></status>
</kw>
<kw name="Set Global Variable" library="BuiltIn">
<doc>Makes a variable available globally in all tests and suites.</doc>
<arguments>
<arg>${zip}</arg>
<arg>${arg8}</arg>
</arguments>
<msg timestamp="20210106 03:06:29.291" level="INFO">${zip} = 11111</msg>
<status status="PASS" starttime="20210106 03:06:29.291" endtime="20210106 03:06:29.291"></status>
</kw>
<kw name="Set Global Variable" library="BuiltIn">
<doc>Makes a variable available globally in all tests and suites.</doc>
<arguments>
<arg>${phone}</arg>
<arg>${arg9}</arg>
</arguments>
<msg timestamp="20210106 03:06:29.292" level="INFO">${phone} = 0120</msg>
<status status="PASS" starttime="20210106 03:06:29.291" endtime="20210106 03:06:29.292"></status>
</kw>
<status status="PASS" starttime="20210106 03:06:29.281" endtime="20210106 03:06:29.292"></status>
</kw>
<kw name="Sign Up" library="sign_up">
<arguments>
<arg>random=0</arg>
<arg>ignore_error=0</arg>
</arguments>
<kw name="Go To" library="SeleniumLibrary">
<doc>Navigates the current browser window to the provided ``url``.</doc>
<arguments>
<arg>${login_page}</arg>
</arguments>
<msg timestamp="20210106 03:06:29.293" level="INFO">Opening url 'http://automationpractice.com/index.php?controller=authentication&amp;back=my-account'</msg>
<status status="PASS" starttime="20210106 03:06:29.293" endtime="20210106 03:06:30.725"></status>
</kw>
<kw name="Run Keyword If" library="BuiltIn">
<doc>Runs the given keyword with the given arguments, if ``condition`` is true.</doc>
<arguments>
<arg>${random} == 1</arg>
<arg>common.Generate Random info</arg>
</arguments>
<status status="PASS" starttime="20210106 03:06:30.726" endtime="20210106 03:06:30.727"></status>
</kw>
<kw name="Run Keyword And Ignore Error" library="BuiltIn">
<doc>Runs the given keyword with the given arguments and ignores possible error.</doc>
<arguments>
<arg>Page should contain</arg>
<arg>Sign in</arg>
</arguments>
<assign>
<var>${status}</var>
<var>${value}</var>
</assign>
<kw name="Page Should Contain" library="SeleniumLibrary">
<doc>Verifies that current page contains ``text``.</doc>
<arguments>
<arg>Sign in</arg>
</arguments>
<kw name="Capture Page Screenshot" library="SeleniumLibrary">
<doc>Takes a screenshot of the current page and embeds it into a log file.</doc>
<msg timestamp="20210106 03:06:31.026" level="INFO" html="yes">&lt;/td&gt;&lt;/tr&gt;&lt;tr&gt;&lt;td colspan="3"&gt;&lt;a href="selenium-screenshot-14.png"&gt;&lt;img src="selenium-screenshot-14.png" width="800px"&gt;&lt;/a&gt;</msg>
<status status="PASS" starttime="20210106 03:06:30.789" endtime="20210106 03:06:31.026"></status>
</kw>
<msg timestamp="20210106 03:06:31.026" level="FAIL">Page should have contained text 'Sign in' but did not.</msg>
<status status="FAIL" starttime="20210106 03:06:30.729" endtime="20210106 03:06:31.026"></status>
</kw>
<msg timestamp="20210106 03:06:31.026" level="INFO">${status} = FAIL</msg>
<msg timestamp="20210106 03:06:31.027" level="INFO">${value} = Page should have contained text 'Sign in' but did not.</msg>
<status status="PASS" starttime="20210106 03:06:30.728" endtime="20210106 03:06:31.027"></status>
</kw>
<kw name="Run Keyword Unless" library="BuiltIn">
<doc>Runs the given keyword with the given arguments if ``condition`` is false.</doc>
<arguments>
<arg>'${status}' == 'PASS'</arg>
<arg>log_out.Log out user</arg>
</arguments>
<kw name="Log out user" library="log_out">
<kw name="Run Keyword And Ignore Error" library="BuiltIn">
<doc>Runs the given keyword with the given arguments and ignores possible error.</doc>
<arguments>
<arg>Page should contain</arg>
<arg>Sign out</arg>
</arguments>
<assign>
<var>${status}</var>
<var>${value}</var>
</assign>
<kw name="Page Should Contain" library="SeleniumLibrary">
<doc>Verifies that current page contains ``text``.</doc>
<arguments>
<arg>Sign out</arg>
</arguments>
<msg timestamp="20210106 03:06:31.051" level="INFO">Current page contains text 'Sign out'.</msg>
<status status="PASS" starttime="20210106 03:06:31.030" endtime="20210106 03:06:31.051"></status>
</kw>
<msg timestamp="20210106 03:06:31.051" level="INFO">${status} = PASS</msg>
<msg timestamp="20210106 03:06:31.051" level="INFO">${value} = None</msg>
<status status="PASS" starttime="20210106 03:06:31.029" endtime="20210106 03:06:31.051"></status>
</kw>
<kw name="Run Keyword If" library="BuiltIn">
<doc>Runs the given keyword with the given arguments, if ``condition`` is true.</doc>
<arguments>
<arg>'${status}' == 'PASS'</arg>
<arg>Click Element</arg>
<arg>xpath://*[@id="header"]/div[2]/div/div/nav/div[2]/a</arg>
</arguments>
<kw name="Click Element" library="SeleniumLibrary">
<doc>Click the element identified by ``locator``.</doc>
<arguments>
<arg>xpath://*[@id="header"]/div[2]/div/div/nav/div[2]/a</arg>
</arguments>
<msg timestamp="20210106 03:06:31.052" level="INFO">Clicking element 'xpath://*[@id="header"]/div[2]/div/div/nav/div[2]/a'.</msg>
<status status="PASS" starttime="20210106 03:06:31.052" endtime="20210106 03:06:32.975"></status>
</kw>
<status status="PASS" starttime="20210106 03:06:31.051" endtime="20210106 03:06:32.975"></status>
</kw>
<status status="PASS" starttime="20210106 03:06:31.027" endtime="20210106 03:06:32.975"></status>
</kw>
<status status="PASS" starttime="20210106 03:06:31.027" endtime="20210106 03:06:32.975"></status>
</kw>
<kw name="Run Keyword And Ignore Error" library="BuiltIn">
<doc>Runs the given keyword with the given arguments and ignores possible error.</doc>
<arguments>
<arg>Page should contain</arg>
<arg>Sign in</arg>
</arguments>
<assign>
<var>${status}</var>
<var>${value}</var>
</assign>
<kw name="Page Should Contain" library="SeleniumLibrary">
<doc>Verifies that current page contains ``text``.</doc>
<arguments>
<arg>Sign in</arg>
</arguments>
<msg timestamp="20210106 03:06:33.000" level="INFO">Current page contains text 'Sign in'.</msg>
<status status="PASS" starttime="20210106 03:06:32.976" endtime="20210106 03:06:33.000"></status>
</kw>
<msg timestamp="20210106 03:06:33.000" level="INFO">${status} = PASS</msg>
<msg timestamp="20210106 03:06:33.000" level="INFO">${value} = None</msg>
<status status="PASS" starttime="20210106 03:06:32.976" endtime="20210106 03:06:33.000"></status>
</kw>
<kw name="Run Keyword If" library="BuiltIn">
<doc>Runs the given keyword with the given arguments, if ``condition`` is true.</doc>
<arguments>
<arg>'${status}' == 'PASS'</arg>
<arg>Assign Email</arg>
</arguments>
<kw name="Assign Email" library="sign_up">
<kw name="Input Text" library="SeleniumLibrary">
<doc>Types the given ``text`` into the text field identified by ``locator``.</doc>
<arguments>
<arg>id:email_create</arg>
<arg>${email}</arg>
</arguments>
<msg timestamp="20210106 03:06:33.002" level="INFO">Typing text 'mail@mail.com3GFe' into text field 'id:email_create'.</msg>
<status status="PASS" starttime="20210106 03:06:33.002" endtime="20210106 03:06:33.132"></status>
</kw>
<kw name="Press Keys" library="SeleniumLibrary">
<doc>Simulates the user pressing key(s) to an element or on the active browser.</doc>
<arguments>
<arg>id:SubmitCreate</arg>
<arg>RETURN</arg>
</arguments>
<msg timestamp="20210106 03:06:33.133" level="INFO">Sending key(s) ('RETURN',) to id:SubmitCreate element.</msg>
<msg timestamp="20210106 03:06:33.458" level="INFO">Pressing special key RETURN to element.</msg>
<msg timestamp="20210106 03:06:33.458" level="INFO">Releasing special key RETURN.</msg>
<status status="PASS" starttime="20210106 03:06:33.132" endtime="20210106 03:06:33.475"></status>
</kw>
<kw name="Sleep" library="BuiltIn">
<doc>Pauses the test executed for the given time.</doc>
<arguments>
<arg>5s</arg>
</arguments>
<msg timestamp="20210106 03:06:38.476" level="INFO">Slept 5 seconds</msg>
<status status="PASS" starttime="20210106 03:06:33.475" endtime="20210106 03:06:38.477"></status>
</kw>
<status status="PASS" starttime="20210106 03:06:33.001" endtime="20210106 03:06:38.478"></status>
</kw>
<status status="PASS" starttime="20210106 03:06:33.001" endtime="20210106 03:06:38.478"></status>
</kw>
<kw name="Run Keyword And Ignore Error" library="BuiltIn">
<doc>Runs the given keyword with the given arguments and ignores possible error.</doc>
<arguments>
<arg>Page Should not Contain</arg>
<arg>id:SubmitCreate</arg>
</arguments>
<assign>
<var>${status}</var>
<var>${value}</var>
</assign>
<kw name="Page Should Not Contain" library="SeleniumLibrary">
<doc>Verifies the current page does not contain ``text``.</doc>
<arguments>
<arg>id:SubmitCreate</arg>
</arguments>
<msg timestamp="20210106 03:06:38.552" level="INFO">Current page does not contain text 'id:SubmitCreate'.</msg>
<status status="PASS" starttime="20210106 03:06:38.479" endtime="20210106 03:06:38.552"></status>
</kw>
<msg timestamp="20210106 03:06:38.553" level="INFO">${status} = PASS</msg>
<msg timestamp="20210106 03:06:38.553" level="INFO">${value} = None</msg>
<status status="PASS" starttime="20210106 03:06:38.478" endtime="20210106 03:06:38.554"></status>
</kw>
<kw name="Run Keyword If" library="BuiltIn">
<doc>Runs the given keyword with the given arguments, if ``condition`` is true.</doc>
<arguments>
<arg>'${status}' == 'PASS'</arg>
<arg>Sign up steps</arg>
</arguments>
<kw name="Sign up steps" library="sign_up">
<kw name="Evaluate" library="BuiltIn">
<doc>Evaluates the given expression in Python and returns the result.</doc>
<arguments>
<arg>random.sample(range(1, 11),1)</arg>
<arg>random</arg>
</arguments>
<assign>
<var>${rand_int}</var>
</assign>
<msg timestamp="20210106 03:06:38.562" level="INFO">${rand_int} = [4]</msg>
<status status="PASS" starttime="20210106 03:06:38.559" endtime="20210106 03:06:38.562"></status>
</kw>
<kw name="Evaluate" library="BuiltIn">
<doc>Evaluates the given expression in Python and returns the result.</doc>
<arguments>
<arg>(${rand_int}[0] % 2)+1</arg>
</arguments>
<assign>
<var>${mod}</var>
</assign>
<msg timestamp="20210106 03:06:38.564" level="INFO">${mod} = 1</msg>
<status status="PASS" starttime="20210106 03:06:38.563" endtime="20210106 03:06:38.564"></status>
</kw>
<kw name="Select Radio Button" library="SeleniumLibrary">
<doc>Sets the radio button group ``group_name`` to ``value``.</doc>
<arguments>
<arg>id_gender</arg>
<arg>2</arg>
</arguments>
<msg timestamp="20210106 03:06:38.566" level="INFO">Selecting '2' from radio button 'id_gender'.</msg>
<status status="PASS" starttime="20210106 03:06:38.565" endtime="20210106 03:06:38.823"></status>
</kw>
<kw name="Input Text" library="SeleniumLibrary">
<doc>Types the given ``text`` into the text field identified by ``locator``.</doc>
<arguments>
<arg>id:customer_firstname</arg>
<arg>${fname}</arg>
<arg>clear=True</arg>
</arguments>
<msg timestamp="20210106 03:06:38.824" level="INFO">Typing text 'fname with spaces' into text field 'id:customer_firstname'.</msg>
<status status="PASS" starttime="20210106 03:06:38.824" endtime="20210106 03:06:38.983"></status>
</kw>
<kw name="Input Text" library="SeleniumLibrary">
<doc>Types the given ``text`` into the text field identified by ``locator``.</doc>
<arguments>
<arg>id:customer_lastname</arg>
<arg>${lname}</arg>
<arg>clear=True</arg>
</arguments>
<msg timestamp="20210106 03:06:38.984" level="INFO">Typing text 'lname' into text field 'id:customer_lastname'.</msg>
<status status="PASS" starttime="20210106 03:06:38.983" endtime="20210106 03:06:39.168"></status>
</kw>
<kw name="Input Text" library="SeleniumLibrary">
<doc>Types the given ``text`` into the text field identified by ``locator``.</doc>
<arguments>
<arg>id:email</arg>
<arg>${email}</arg>
<arg>clear=True</arg>
</arguments>
[...]
<status status="PASS" starttime="20210106 03:09:34.654" endtime="20210106 03:09:34.859"></status>
</kw>
<msg timestamp="20210106 03:09:34.860" level="FAIL">Page should not have contained text 'Loading...'.</msg>
<status status="FAIL" starttime="20210106 03:09:34.606" endtime="20210106 03:09:34.860"></status>
</kw>
<tags>
<tag>Filter Data-Driven</tag>
</tags>
<status status="FAIL" starttime="20210106 03:09:13.730" endtime="20210106 03:09:34.860" critical="yes">Page should not have contained text 'Loading...'.</status>
</test>
<test id="s1-t19" name="Personal Info test case 1">
<kw name="Open personal information" library="personal_info">
<kw name="Go To" library="SeleniumLibrary">
<doc>Navigates the current browser window to the provided ``url``.</doc>
<arguments>
<arg>${account_page}</arg>
</arguments>
<msg timestamp="20210106 03:09:34.862" level="INFO">Opening url 'http://automationpractice.com/index.php?controller=my-account'</msg>
<status status="PASS" starttime="20210106 03:09:34.861" endtime="20210106 03:09:36.049"></status>
</kw>
<kw name="Click Element" library="SeleniumLibrary">
<doc>Click the element identified by ``locator``.</doc>
<arguments>
<arg>xpath://*[@id="center_column"]/div/div[1]/ul/li[4]/a</arg>
</arguments>
<msg timestamp="20210106 03:09:36.051" level="INFO">Clicking element 'xpath://*[@id="center_column"]/div/div[1]/ul/li[4]/a'.</msg>
<status status="PASS" starttime="20210106 03:09:36.050" endtime="20210106 03:09:37.648"></status>
</kw>
<status status="PASS" starttime="20210106 03:09:34.861" endtime="20210106 03:09:37.648"></status>
</kw>
<kw name="Change lastname" library="personal_info">
<kw name="Generate Random String" library="String">
<doc>Generates a string with a desired ``length`` from the given ``chars``.</doc>
<arguments>
<arg>8</arg>
<arg>[LOWER]</arg>
</arguments>
<assign>
<var>${new_lastname}</var>
</assign>
<msg timestamp="20210106 03:09:37.650" level="INFO">${new_lastname} = ioxtvrkr</msg>
<status status="PASS" starttime="20210106 03:09:37.650" endtime="20210106 03:09:37.650"></status>
</kw>
<kw name="Input Text" library="SeleniumLibrary">
<doc>Types the given ``text`` into the text field identified by ``locator``.</doc>
<arguments>
<arg>id=lastname</arg>
<arg>${new_lastname}</arg>
<arg>clear=True</arg>
</arguments>
<msg timestamp="20210106 03:09:37.651" level="INFO">Typing text 'ioxtvrkr' into text field 'id=lastname'.</msg>
<status status="PASS" starttime="20210106 03:09:37.650" endtime="20210106 03:09:37.788"></status>
</kw>
<status status="PASS" starttime="20210106 03:09:37.649" endtime="20210106 03:09:37.788"></status>
</kw>
<kw name="Save Info" library="personal_info">
<kw name="Press Keys" library="SeleniumLibrary">
<doc>Simulates the user pressing key(s) to an element or on the active browser.</doc>
<arguments>
<arg>name:submitIdentity</arg>
<arg>RETURN</arg>
</arguments>
<msg timestamp="20210106 03:09:37.811" level="INFO">Sending key(s) ('RETURN',) to name:submitIdentity element.</msg>
<msg timestamp="20210106 03:09:39.377" level="INFO">Pressing special key RETURN to element.</msg>
<msg timestamp="20210106 03:09:39.377" level="INFO">Releasing special key RETURN.</msg>
<status status="PASS" starttime="20210106 03:09:37.790" endtime="20210106 03:09:39.384"></status>
</kw>
<status status="PASS" starttime="20210106 03:09:37.789" endtime="20210106 03:09:39.384"></status>
</kw>
<kw name="Page Should Contain" library="SeleniumLibrary">
<doc>Verifies that current page contains ``text``.</doc>
<arguments>
<arg>error</arg>
</arguments>
<msg timestamp="20210106 03:09:39.409" level="INFO">Current page contains text 'error'.</msg>
<status status="PASS" starttime="20210106 03:09:39.384" endtime="20210106 03:09:39.409"></status>
</kw>
<doc>Change info without entring password</doc>
<tags>
<tag>Personal Info Data-Driven</tag>
</tags>
<status status="PASS" starttime="20210106 03:09:34.861" endtime="20210106 03:09:39.410" critical="yes"></status>
</test>
<test id="s1-t20" name="Personal Info test case 2">
<kw name="Open personal information" library="personal_info">
<kw name="Go To" library="SeleniumLibrary">
<doc>Navigates the current browser window to the provided ``url``.</doc>
<arguments>
<arg>${account_page}</arg>
</arguments>
<msg timestamp="20210106 03:09:39.413" level="INFO">Opening url 'http://automationpractice.com/index.php?controller=my-account'</msg>
<status status="PASS" starttime="20210106 03:09:39.412" endtime="20210106 03:09:40.623"></status>
</kw>
<kw name="Click Element" library="SeleniumLibrary">
<doc>Click the element identified by ``locator``.</doc>
<arguments>
<arg>xpath://*[@id="center_column"]/div/div[1]/ul/li[4]/a</arg>
</arguments>
<msg timestamp="20210106 03:09:40.624" level="INFO">Clicking element 'xpath://*[@id="center_column"]/div/div[1]/ul/li[4]/a'.</msg>
<status status="PASS" starttime="20210106 03:09:40.623" endtime="20210106 03:09:42.087"></status>
</kw>
<status status="PASS" starttime="20210106 03:09:39.412" endtime="20210106 03:09:42.087"></status>
</kw>
<doc>Change info with incorrect password</doc>
<tags>
<tag>Personal Info Data-Driven</tag>
</tags>
<status status="PASS" starttime="20210106 03:09:39.411" endtime="20210106 03:09:42.088" critical="yes"></status>
</test>
<test id="s1-t21" name="Personal Info test case 3">
<kw name="Open personal information" library="personal_info">
<kw name="Go To" library="SeleniumLibrary">
<doc>Navigates the current browser window to the provided ``url``.</doc>
<arguments>
<arg>${account_page}</arg>
</arguments>
<msg timestamp="20210106 03:09:42.090" level="INFO">Opening url 'http://automationpractice.com/index.php?controller=my-account'</msg>
<status status="PASS" starttime="20210106 03:09:42.089" endtime="20210106 03:09:43.271"></status>
</kw>
<kw name="Click Element" library="SeleniumLibrary">
<doc>Click the element identified by ``locator``.</doc>
<arguments>
<arg>xpath://*[@id="center_column"]/div/div[1]/ul/li[4]/a</arg>
</arguments>
<msg timestamp="20210106 03:09:43.272" level="INFO">Clicking element 'xpath://*[@id="center_column"]/div/div[1]/ul/li[4]/a'.</msg>
<status status="PASS" starttime="20210106 03:09:43.272" endtime="20210106 03:09:45.299"></status>
</kw>
<status status="PASS" starttime="20210106 03:09:42.089" endtime="20210106 03:09:45.299"></status>
</kw>
<kw name="Generate Random String" library="String">
<doc>Generates a string with a desired ``length`` from the given ``chars``.</doc>
<arguments>
<arg>8</arg>
<arg>[LOWER]</arg>
</arguments>
<assign>
<var>${new_firstname}</var>
</assign>
<msg timestamp="20210106 03:09:45.307" level="INFO">${new_firstname} = mylpjaux</msg>
<status status="PASS" starttime="20210106 03:09:45.300" endtime="20210106 03:09:45.307"></status>
</kw>
<kw name="Input Text" library="SeleniumLibrary">
<doc>Types the given ``text`` into the text field identified by ``locator``.</doc>
<arguments>
<arg>id=lastname</arg>
<arg>${new_firstname}</arg>
<arg>clear=True</arg>
</arguments>
<msg timestamp="20210106 03:09:45.309" level="INFO">Typing text 'mylpjaux' into text field 'id=lastname'.</msg>
<status status="PASS" starttime="20210106 03:09:45.308" endtime="20210106 03:09:45.475"></status>
</kw>
<kw name="Enter Current Password" library="personal_info">
<kw name="Input Text" library="SeleniumLibrary">
<doc>Types the given ``text`` into the text field identified by ``locator``.</doc>
<arguments>
<arg>id:old_passwd</arg>
<arg>${pass}</arg>
</arguments>
<msg timestamp="20210106 03:09:45.476" level="INFO">Typing text ' pass123' into text field 'id:old_passwd'.</msg>
<status status="PASS" starttime="20210106 03:09:45.476" endtime="20210106 03:09:45.626"></status>
</kw>
<status status="PASS" starttime="20210106 03:09:45.475" endtime="20210106 03:09:45.626"></status>
</kw>
<kw name="Save Info" library="personal_info">
<kw name="Press Keys" library="SeleniumLibrary">
<doc>Simulates the user pressing key(s) to an element or on the active browser.</doc>
<arguments>
<arg>name:submitIdentity</arg>
<arg>RETURN</arg>
</arguments>
<msg timestamp="20210106 03:09:45.629" level="INFO">Sending key(s) ('RETURN',) to name:submitIdentity element.</msg>
<msg timestamp="20210106 03:09:47.765" level="INFO">Pressing special key RETURN to element.</msg>
<msg timestamp="20210106 03:09:47.765" level="INFO">Releasing special key RETURN.</msg>
<status status="PASS" starttime="20210106 03:09:45.628" endtime="20210106 03:09:47.772"></status>
</kw>
<status status="PASS" starttime="20210106 03:09:45.627" endtime="20210106 03:09:47.773"></status>
</kw>
<kw name="Page Should Contain" library="SeleniumLibrary">
<doc>Verifies that current page contains ``text``.</doc>
<arguments>
<arg>Your personal information has been successfully updated.</arg>
</arguments>
<kw name="Capture Page Screenshot" library="SeleniumLibrary">
<doc>Takes a screenshot of the current page and embeds it into a log file.</doc>
<msg timestamp="20210106 03:09:48.033" level="INFO" html="yes">&lt;/td&gt;&lt;/tr&gt;&lt;tr&gt;&lt;td colspan="3"&gt;&lt;a href="selenium-screenshot-22.png"&gt;&lt;img src="selenium-screenshot-22.png" width="800px"&gt;&lt;/a&gt;</msg>
<status status="PASS" starttime="20210106 03:09:47.830" endtime="20210106 03:09:48.033"></status>
</kw>
<msg timestamp="20210106 03:09:48.034" level="FAIL">Page should have contained text 'Your personal information has been successfully updated.' but did not.</msg>
<status status="FAIL" starttime="20210106 03:09:47.773" endtime="20210106 03:09:48.034"></status>
</kw>
<doc>Change firstname</doc>
<tags>
<tag>Personal Info Data-Driven</tag>
</tags>
<status status="FAIL" starttime="20210106 03:09:42.088" endtime="20210106 03:09:48.034" critical="yes">Page should have contained text 'Your personal information has been successfully updated.' but did not.</status>
</test>
<test id="s1-t22" name="Personal Info test case 4">
<kw name="Open personal information" library="personal_info">
<kw name="Go To" library="SeleniumLibrary">
<doc>Navigates the current browser window to the provided ``url``.</doc>
<arguments>
<arg>${account_page}</arg>
</arguments>
<msg timestamp="20210106 03:09:48.036" level="INFO">Opening url 'http://automationpractice.com/index.php?controller=my-account'</msg>
<status status="PASS" starttime="20210106 03:09:48.036" endtime="20210106 03:09:50.228"></status>
</kw>
<kw name="Click Element" library="SeleniumLibrary">
<doc>Click the element identified by ``locator``.</doc>
<arguments>
<arg>xpath://*[@id="center_column"]/div/div[1]/ul/li[4]/a</arg>
</arguments>
<msg timestamp="20210106 03:09:50.230" level="INFO">Clicking element 'xpath://*[@id="center_column"]/div/div[1]/ul/li[4]/a'.</msg>
<status status="PASS" starttime="20210106 03:09:50.229" endtime="20210106 03:09:51.869"></status>
</kw>
<status status="PASS" starttime="20210106 03:09:48.035" endtime="20210106 03:09:51.869"></status>
</kw>
<kw name="Select Radio Button" library="SeleniumLibrary">
<doc>Sets the radio button group ``group_name`` to ``value``.</doc>
<arguments>
<arg>id_gender</arg>
<arg>1</arg>
</arguments>
<msg timestamp="20210106 03:09:51.870" level="INFO">Selecting '1' from radio button 'id_gender'.</msg>
<status status="PASS" starttime="20210106 03:09:51.870" endtime="20210106 03:09:51.902"></status>
</kw>
<kw name="Enter Current Password" library="personal_info">
<kw name="Input Text" library="SeleniumLibrary">
<doc>Types the given ``text`` into the text field identified by ``locator``.</doc>
<arguments>
<arg>id:old_passwd</arg>
<arg>${pass}</arg>
</arguments>
<msg timestamp="20210106 03:09:51.904" level="INFO">Typing text ' pass123' into text field 'id:old_passwd'.</msg>
<status status="PASS" starttime="20210106 03:09:51.903" endtime="20210106 03:09:52.027"></status>
</kw>
<status status="PASS" starttime="20210106 03:09:51.903" endtime="20210106 03:09:52.028"></status>
</kw>
<kw name="Save Info" library="personal_info">
<kw name="Press Keys" library="SeleniumLibrary">
<doc>Simulates the user pressing key(s) to an element or on the active browser.</doc>
<arguments>
<arg>name:submitIdentity</arg>
<arg>RETURN</arg>
</arguments>
<msg timestamp="20210106 03:09:52.029" level="INFO">Sending key(s) ('RETURN',) to name:submitIdentity element.</msg>
<msg timestamp="20210106 03:09:53.539" level="INFO">Pressing special key RETURN to element.</msg>
<msg timestamp="20210106 03:09:53.539" level="INFO">Releasing special key RETURN.</msg>
<status status="PASS" starttime="20210106 03:09:52.028" endtime="20210106 03:09:53.547"></status>
</kw>
<status status="PASS" starttime="20210106 03:09:52.028" endtime="20210106 03:09:53.548"></status>
</kw>
<kw name="Go To" library="SeleniumLibrary">
<doc>Navigates the current browser window to the provided ``url``.</doc>
<arguments>
<arg>${personal_info_page}</arg>
</arguments>
<msg timestamp="20210106 03:09:53.550" level="INFO">Opening url 'http://automationpractice.com/index.php?controller=identity'</msg>
<status status="PASS" starttime="20210106 03:09:53.548" endtime="20210106 03:09:55.592"></status>
</kw>
<kw name="Radio Button Should Be Set To" library="SeleniumLibrary">
<doc>Verifies radio button group ``group_name`` is set to ``value``.</doc>
<arguments>
<arg>id_gender</arg>
<arg>1</arg>
</arguments>
<msg timestamp="20210106 03:09:55.593" level="INFO">Verifying radio button 'id_gender' has selection '1'.</msg>
<status status="PASS" starttime="20210106 03:09:55.593" endtime="20210106 03:09:55.638"></status>
</kw>
<doc>Change Social Title</doc>
<tags>
<tag>Personal Info Data-Driven</tag>
</tags>
<status status="PASS" starttime="20210106 03:09:48.035" endtime="20210106 03:09:55.638" critical="yes"></status>
</test>
<test id="s1-t23" name="Personal Info test case 5">
<kw name="Open personal information" library="personal_info">
<kw name="Go To" library="SeleniumLibrary">
<doc>Navigates the current browser window to the provided ``url``.</doc>
<arguments>
<arg>${account_page}</arg>
</arguments>
<msg timestamp="20210106 03:09:55.643" level="INFO">Opening url 'http://automationpractice.com/index.php?controller=my-account'</msg>
<status status="PASS" starttime="20210106 03:09:55.642" endtime="20210106 03:09:57.910"></status>
</kw>
<kw name="Click Element" library="SeleniumLibrary">
<doc>Click the element identified by ``locator``.</doc>
<arguments>
<arg>xpath://*[@id="center_column"]/div/div[1]/ul/li[4]/a</arg>
</arguments>
<msg timestamp="20210106 03:09:57.911" level="INFO">Clicking element 'xpath://*[@id="center_column"]/div/div[1]/ul/li[4]/a'.</msg>
<status status="PASS" starttime="20210106 03:09:57.911" endtime="20210106 03:09:59.824"></status>
</kw>
<status status="PASS" starttime="20210106 03:09:55.642" endtime="20210106 03:09:59.824"></status>
</kw>
<kw name="Generate Random String" library="String">
<doc>Generates a string with a desired ``length`` from the given ``chars``.</doc>
<arguments>
<arg>10</arg>
<arg>[LETTERS][NUMBERS]</arg>
</arguments>
<assign>
<var>${var}</var>
</assign>
<msg timestamp="20210106 03:09:59.825" level="INFO">${var} = ATa1rpmbiL</msg>
<status status="PASS" starttime="20210106 03:09:59.824" endtime="20210106 03:09:59.825"></status>
</kw>
<kw name="Catenate" library="BuiltIn">
<doc>Catenates the given items together and returns the resulted string.</doc>
<arguments>
<arg>SEPARATOR=</arg>
<arg>${var}</arg>
<arg>${sign_up_prefix}</arg>
</arguments>
<assign>
<var>${new_email}</var>
</assign>
<msg timestamp="20210106 03:09:59.825" level="INFO">${new_email} = ATa1rpmbiL@ev.com</msg>
<status status="PASS" starttime="20210106 03:09:59.825" endtime="20210106 03:09:59.825"></status>
</kw>
<kw name="Input Text" library="SeleniumLibrary">
<doc>Types the given ``text`` into the text field identified by ``locator``.</doc>
<arguments>
<arg>id:email</arg>
<arg>${new_email}</arg>
<arg>clear=True</arg>
</arguments>
<msg timestamp="20210106 03:09:59.826" level="INFO">Typing text 'ATa1rpmbiL@ev.com' into text field 'id:email'.</msg>
<status status="PASS" starttime="20210106 03:09:59.825" endtime="20210106 03:09:59.976"></status>
</kw>
<kw name="Enter Current Password" library="personal_info">
<kw name="Input Text" library="SeleniumLibrary">
<doc>Types the given ``text`` into the text field identified by ``locator``.</doc>
<arguments>
<arg>id:old_passwd</arg>
<arg>${pass}</arg>
</arguments>
<msg timestamp="20210106 03:09:59.979" level="INFO">Typing text ' pass123' into text field 'id:old_passwd'.</msg>
<status status="PASS" starttime="20210106 03:09:59.978" endtime="20210106 03:10:00.120"></status>
</kw>
<status status="PASS" starttime="20210106 03:09:59.977" endtime="20210106 03:10:00.121"></status>
</kw>
<kw name="Save Info" library="personal_info">
<kw name="Press Keys" library="SeleniumLibrary">
<doc>Simulates the user pressing key(s) to an element or on the active browser.</doc>
<arguments>
<arg>name:submitIdentity</arg>
<arg>RETURN</arg>
</arguments>
<msg timestamp="20210106 03:10:00.123" level="INFO">Sending key(s) ('RETURN',) to name:submitIdentity element.</msg>
<msg timestamp="20210106 03:10:01.830" level="INFO">Pressing special key RETURN to element.</msg>
<msg timestamp="20210106 03:10:01.830" level="INFO">Releasing special key RETURN.</msg>
<status status="PASS" starttime="20210106 03:10:00.122" endtime="20210106 03:10:01.838"></status>
</kw>
<status status="PASS" starttime="20210106 03:10:00.121" endtime="20210106 03:10:01.839"></status>
</kw>
<kw name="Go To" library="SeleniumLibrary">
<doc>Navigates the current browser window to the provided ``url``.</doc>
<arguments>
<arg>${personal_info_page}</arg>
</arguments>
<msg timestamp="20210106 03:10:01.839" level="INFO">Opening url 'http://automationpractice.com/index.php?controller=identity'</msg>
<status status="PASS" starttime="20210106 03:10:01.839" endtime="20210106 03:10:17.484"></status>
</kw>
<kw name="Element Attribute Value Should Be" library="SeleniumLibrary">
<doc>Verifies element identified by ``locator`` contains expected attribute value.</doc>
<arguments>
<arg>id:email</arg>
<arg>value</arg>
<arg>${new_email}</arg>
</arguments>
<kw name="Capture Page Screenshot" library="SeleniumLibrary">
<doc>Takes a screenshot of the current page and embeds it into a log file.</doc>
<msg timestamp="20210106 03:10:17.695" level="INFO" html="yes">&lt;/td&gt;&lt;/tr&gt;&lt;tr&gt;&lt;td colspan="3"&gt;&lt;a href="selenium-screenshot-23.png"&gt;&lt;img src="selenium-screenshot-23.png" width="800px"&gt;&lt;/a&gt;</msg>
<status status="PASS" starttime="20210106 03:10:17.519" endtime="20210106 03:10:17.695"></status>
</kw>
<msg timestamp="20210106 03:10:17.695" level="FAIL">Element 'id:email' attribute should have value 'ATa1rpmbiL@ev.com' but its value was 'test_1@test.comm'.</msg>
<status status="FAIL" starttime="20210106 03:10:17.485" endtime="20210106 03:10:17.695"></status>
</kw>
<doc>Change Email address</doc>
<tags>
<tag>Personal Info Data-Driven</tag>
</tags>
<status status="FAIL" starttime="20210106 03:09:55.640" endtime="20210106 03:10:17.695" critical="yes">Element 'id:email' attribute should have value 'ATa1rpmbiL@ev.com' but its value was 'test_1@test.comm'.</status>
</test>
<kw name="Close Browser" library="SeleniumLibrary" type="teardown">
<doc>Closes the current browser.</doc>
<status status="PASS" starttime="20210106 03:10:17.701" endtime="20210106 03:10:17.799"></status>
</kw>
<status status="FAIL" starttime="20210106 03:05:40.705" endtime="20210106 03:10:17.799"></status>
</suite>
<statistics>
<total>
<stat pass="14" fail="9">Critical Tests</stat>
<stat pass="14" fail="9">All Tests</stat>
</total>
<tag>
<stat pass="0" fail="4">Filter Data-Driven</stat>
<stat pass="4" fail="0">Login Component Data-Driven</stat>
<stat pass="3" fail="2">Personal Info Data-Driven</stat>
<stat pass="4" fail="0">Search Component Data-Driven</stat>
<stat pass="3" fail="3">Sign up Component Data-Driven</stat>
</tag>
<suite>
<stat pass="14" fail="9" id="s1" name="Data Driven">Data Driven</stat>
</suite>
</statistics>
<errors>
</errors>
</robot>
